{"/home/zale/Área de Trabalho/ignite/nodejs/src/server.ts": {"path":"/home/zale/Área de Trabalho/ignite/nodejs/src/server.ts","statementMap":{"0":{"start":{"line":1,"column":0},"end":{"line":1,"column":26}},"1":{"start":{"line":2,"column":0},"end":{"line":2,"column":67}},"2":{"start":{"line":3,"column":0},"end":{"line":3,"column":30}},"3":{"start":{"line":4,"column":0},"end":{"line":4,"column":43}},"4":{"start":{"line":6,"column":0},"end":{"line":6,"column":47}},"5":{"start":{"line":8,"column":0},"end":{"line":8,"column":28}},"6":{"start":{"line":10,"column":0},"end":{"line":10,"column":41}},"7":{"start":{"line":11,"column":0},"end":{"line":11,"column":43}},"8":{"start":{"line":13,"column":12},"end":{"line":13,"column":21}},"9":{"start":{"line":15,"column":0},"end":{"line":15,"column":24}},"10":{"start":{"line":17,"column":0},"end":{"line":17,"column":66}},"11":{"start":{"line":19,"column":0},"end":{"line":19,"column":16}},"12":{"start":{"line":21,"column":0},"end":{"line":29,"column":3}},"13":{"start":{"line":22,"column":2},"end":{"line":24,"column":null}},"14":{"start":{"line":23,"column":4},"end":{"line":23,"column":69}},"15":{"start":{"line":25,"column":2},"end":{"line":28,"column":5}},"16":{"start":{"line":31,"column":0},"end":{"line":33,"column":3}},"17":{"start":{"line":32,"column":2},"end":{"line":32,"column":33}}},"fnMap":{"0":{"name":"(anonymous_1)","decl":{"start":{"line":21,"column":8},"end":{"line":21,"column":9}},"loc":{"start":{"line":21,"column":72},"end":{"line":29,"column":1}}},"1":{"name":"(anonymous_2)","decl":{"start":{"line":31,"column":17},"end":{"line":31,"column":20}},"loc":{"start":{"line":31,"column":22},"end":{"line":33,"column":1}}}},"branchMap":{"0":{"loc":{"start":{"line":22,"column":2},"end":{"line":24,"column":null}},"type":"if","locations":[{"start":{"line":22,"column":2},"end":{"line":24,"column":null}}]}},"s":{"0":0,"1":0,"2":0,"3":0,"4":0,"5":0,"6":0,"7":0,"8":0,"9":0,"10":0,"11":0,"12":0,"13":0,"14":0,"15":0,"16":0,"17":0},"f":{"0":0,"1":0},"b":{"0":[0]}}
,"/home/zale/Área de Trabalho/ignite/nodejs/src/@types/express/index.d.ts": {"path":"/home/zale/Área de Trabalho/ignite/nodejs/src/@types/express/index.d.ts","statementMap":{},"fnMap":{},"branchMap":{},"s":{},"f":{},"b":{}}
,"/home/zale/Área de Trabalho/ignite/nodejs/src/config/upload.ts": {"path":"/home/zale/Área de Trabalho/ignite/nodejs/src/config/upload.ts","statementMap":{"0":{"start":{"line":1,"column":0},"end":{"line":1,"column":28}},"1":{"start":{"line":2,"column":0},"end":{"line":2,"column":28}},"2":{"start":{"line":3,"column":0},"end":{"line":3,"column":31}},"3":{"start":{"line":5,"column":0},"end":{"line":19,"column":2}},"4":{"start":{"line":7,"column":4},"end":{"line":17,"column":6}},"5":{"start":{"line":11,"column":27},"end":{"line":11,"column":65}},"6":{"start":{"line":12,"column":27},"end":{"line":12,"column":61}},"7":{"start":{"line":14,"column":10},"end":{"line":14,"column":36}}},"fnMap":{"0":{"name":"(anonymous_1)","decl":{"start":{"line":6,"column":2},"end":{"line":6,"column":8}},"loc":{"start":{"line":6,"column":23},"end":{"line":18,"column":3}}},"1":{"name":"(anonymous_2)","decl":{"start":{"line":10,"column":18},"end":{"line":10,"column":19}},"loc":{"start":{"line":10,"column":36},"end":{"line":15,"column":9}}}},"branchMap":{},"s":{"0":0,"1":0,"2":0,"3":0,"4":0,"5":0,"6":0,"7":0},"f":{"0":0,"1":0},"b":{}}
,"/home/zale/Área de Trabalho/ignite/nodejs/src/database/index.ts": {"path":"/home/zale/Área de Trabalho/ignite/nodejs/src/database/index.ts","statementMap":{"0":{"start":{"line":1,"column":0},"end":{"line":1,"column":37}},"1":{"start":{"line":3,"column":0},"end":{"line":3,"column":67}},"2":{"start":{"line":4,"column":0},"end":{"line":4,"column":60}},"3":{"start":{"line":5,"column":0},"end":{"line":5,"column":70}},"4":{"start":{"line":6,"column":0},"end":{"line":6,"column":70}},"5":{"start":{"line":7,"column":0},"end":{"line":7,"column":80}},"6":{"start":{"line":9,"column":22},"end":{"line":19,"column":2}},"7":{"start":{"line":30,"column":9},"end":{"line":30,"column":22}},"8":{"start":{"line":21,"column":0},"end":{"line":28,"column":5}},"9":{"start":{"line":24,"column":4},"end":{"line":24,"column":38}},"10":{"start":{"line":27,"column":4},"end":{"line":27,"column":40}}},"fnMap":{"0":{"name":"(anonymous_1)","decl":{"start":{"line":23,"column":8},"end":{"line":23,"column":11}},"loc":{"start":{"line":23,"column":13},"end":{"line":25,"column":3}}},"1":{"name":"(anonymous_2)","decl":{"start":{"line":26,"column":9},"end":{"line":26,"column":10}},"loc":{"start":{"line":26,"column":17},"end":{"line":28,"column":3}}}},"branchMap":{},"s":{"0":0,"1":0,"2":0,"3":0,"4":0,"5":0,"6":0,"7":0,"8":0,"9":0,"10":0},"f":{"0":0,"1":0},"b":{}}
,"/home/zale/Área de Trabalho/ignite/nodejs/src/database/migrations/1670433125106-CreateCategoryTable.ts": {"path":"/home/zale/Área de Trabalho/ignite/nodejs/src/database/migrations/1670433125106-CreateCategoryTable.ts","statementMap":{"0":{"start":{"line":1,"column":0},"end":{"line":1,"column":65}},"1":{"start":{"line":5,"column":4},"end":{"line":40,"column":6}},"2":{"start":{"line":44,"column":4},"end":{"line":44,"column":44}},"3":{"start":{"line":3,"column":0},"end":{"line":3,"column":13}}},"fnMap":{"0":{"name":"(anonymous_7)","decl":{"start":{"line":4,"column":15},"end":{"line":4,"column":17}},"loc":{"start":{"line":4,"column":42},"end":{"line":41,"column":null}}},"1":{"name":"(anonymous_9)","decl":{"start":{"line":43,"column":15},"end":{"line":43,"column":19}},"loc":{"start":{"line":43,"column":44},"end":{"line":45,"column":null}}}},"branchMap":{},"s":{"0":0,"1":0,"2":0,"3":0},"f":{"0":0,"1":0},"b":{}}
,"/home/zale/Área de Trabalho/ignite/nodejs/src/database/migrations/1670530280977-CreateSpecificationTable.ts": {"path":"/home/zale/Área de Trabalho/ignite/nodejs/src/database/migrations/1670530280977-CreateSpecificationTable.ts","statementMap":{"0":{"start":{"line":1,"column":0},"end":{"line":1,"column":65}},"1":{"start":{"line":7,"column":4},"end":{"line":42,"column":6}},"2":{"start":{"line":46,"column":4},"end":{"line":46,"column":49}},"3":{"start":{"line":3,"column":0},"end":{"line":3,"column":13}}},"fnMap":{"0":{"name":"(anonymous_7)","decl":{"start":{"line":6,"column":15},"end":{"line":6,"column":17}},"loc":{"start":{"line":6,"column":42},"end":{"line":43,"column":null}}},"1":{"name":"(anonymous_9)","decl":{"start":{"line":45,"column":15},"end":{"line":45,"column":19}},"loc":{"start":{"line":45,"column":44},"end":{"line":47,"column":null}}}},"branchMap":{},"s":{"0":0,"1":0,"2":0,"3":0},"f":{"0":0,"1":0},"b":{}}
,"/home/zale/Área de Trabalho/ignite/nodejs/src/database/migrations/1670789264635-CreateUserTable.ts": {"path":"/home/zale/Área de Trabalho/ignite/nodejs/src/database/migrations/1670789264635-CreateUserTable.ts","statementMap":{"0":{"start":{"line":1,"column":0},"end":{"line":1,"column":65}},"1":{"start":{"line":5,"column":4},"end":{"line":63,"column":6}},"2":{"start":{"line":67,"column":4},"end":{"line":67,"column":40}},"3":{"start":{"line":3,"column":0},"end":{"line":3,"column":13}}},"fnMap":{"0":{"name":"(anonymous_7)","decl":{"start":{"line":4,"column":15},"end":{"line":4,"column":17}},"loc":{"start":{"line":4,"column":42},"end":{"line":64,"column":null}}},"1":{"name":"(anonymous_9)","decl":{"start":{"line":66,"column":15},"end":{"line":66,"column":19}},"loc":{"start":{"line":66,"column":44},"end":{"line":68,"column":null}}}},"branchMap":{},"s":{"0":0,"1":0,"2":0,"3":0},"f":{"0":0,"1":0},"b":{}}
,"/home/zale/Área de Trabalho/ignite/nodejs/src/database/migrations/1670794694084-RemoveUsernameColumnForUser.ts": {"path":"/home/zale/Área de Trabalho/ignite/nodejs/src/database/migrations/1670794694084-RemoveUsernameColumnForUser.ts","statementMap":{"0":{"start":{"line":1,"column":0},"end":{"line":1,"column":71}},"1":{"start":{"line":7,"column":4},"end":{"line":7,"column":53}},"2":{"start":{"line":11,"column":4},"end":{"line":19,"column":6}},"3":{"start":{"line":3,"column":0},"end":{"line":3,"column":13}}},"fnMap":{"0":{"name":"(anonymous_7)","decl":{"start":{"line":6,"column":15},"end":{"line":6,"column":17}},"loc":{"start":{"line":6,"column":42},"end":{"line":8,"column":null}}},"1":{"name":"(anonymous_9)","decl":{"start":{"line":10,"column":15},"end":{"line":10,"column":19}},"loc":{"start":{"line":10,"column":44},"end":{"line":20,"column":null}}}},"branchMap":{},"s":{"0":0,"1":0,"2":0,"3":0},"f":{"0":0,"1":0},"b":{}}
,"/home/zale/Área de Trabalho/ignite/nodejs/src/database/migrations/1670848707878-AddAvatarColumnToUser.ts": {"path":"/home/zale/Área de Trabalho/ignite/nodejs/src/database/migrations/1670848707878-AddAvatarColumnToUser.ts","statementMap":{"0":{"start":{"line":1,"column":0},"end":{"line":1,"column":71}},"1":{"start":{"line":5,"column":4},"end":{"line":12,"column":6}},"2":{"start":{"line":16,"column":4},"end":{"line":16,"column":51}},"3":{"start":{"line":3,"column":0},"end":{"line":3,"column":13}}},"fnMap":{"0":{"name":"(anonymous_7)","decl":{"start":{"line":4,"column":15},"end":{"line":4,"column":17}},"loc":{"start":{"line":4,"column":42},"end":{"line":13,"column":null}}},"1":{"name":"(anonymous_9)","decl":{"start":{"line":15,"column":15},"end":{"line":15,"column":19}},"loc":{"start":{"line":15,"column":44},"end":{"line":17,"column":null}}}},"branchMap":{},"s":{"0":0,"1":0,"2":0,"3":0},"f":{"0":0,"1":0},"b":{}}
,"/home/zale/Área de Trabalho/ignite/nodejs/src/database/migrations/1674339015928-CreateCarTable.ts": {"path":"/home/zale/Área de Trabalho/ignite/nodejs/src/database/migrations/1674339015928-CreateCarTable.ts","statementMap":{"0":{"start":{"line":1,"column":0},"end":{"line":1,"column":65}},"1":{"start":{"line":5,"column":4},"end":{"line":82,"column":6}},"2":{"start":{"line":86,"column":4},"end":{"line":86,"column":39}},"3":{"start":{"line":3,"column":0},"end":{"line":3,"column":13}}},"fnMap":{"0":{"name":"(anonymous_7)","decl":{"start":{"line":4,"column":15},"end":{"line":4,"column":17}},"loc":{"start":{"line":4,"column":42},"end":{"line":83,"column":null}}},"1":{"name":"(anonymous_9)","decl":{"start":{"line":85,"column":15},"end":{"line":85,"column":19}},"loc":{"start":{"line":85,"column":44},"end":{"line":87,"column":null}}}},"branchMap":{},"s":{"0":0,"1":0,"2":0,"3":0},"f":{"0":0,"1":0},"b":{}}
,"/home/zale/Área de Trabalho/ignite/nodejs/src/database/migrations/1674660603241-CreateCarSpecificationTable.ts": {"path":"/home/zale/Área de Trabalho/ignite/nodejs/src/database/migrations/1674660603241-CreateCarSpecificationTable.ts","statementMap":{"0":{"start":{"line":1,"column":0},"end":{"line":1,"column":65}},"1":{"start":{"line":7,"column":4},"end":{"line":46,"column":6}},"2":{"start":{"line":50,"column":4},"end":{"line":50,"column":53}},"3":{"start":{"line":3,"column":0},"end":{"line":3,"column":13}}},"fnMap":{"0":{"name":"(anonymous_7)","decl":{"start":{"line":6,"column":15},"end":{"line":6,"column":17}},"loc":{"start":{"line":6,"column":42},"end":{"line":47,"column":null}}},"1":{"name":"(anonymous_9)","decl":{"start":{"line":49,"column":15},"end":{"line":49,"column":19}},"loc":{"start":{"line":49,"column":44},"end":{"line":51,"column":null}}}},"branchMap":{},"s":{"0":0,"1":0,"2":0,"3":0},"f":{"0":0,"1":0},"b":{}}
,"/home/zale/Área de Trabalho/ignite/nodejs/src/database/migrations/1675042324036-CreateCarImageTable.ts": {"path":"/home/zale/Área de Trabalho/ignite/nodejs/src/database/migrations/1675042324036-CreateCarImageTable.ts","statementMap":{"0":{"start":{"line":1,"column":0},"end":{"line":1,"column":65}},"1":{"start":{"line":5,"column":4},"end":{"line":43,"column":6}},"2":{"start":{"line":47,"column":4},"end":{"line":47,"column":45}},"3":{"start":{"line":3,"column":0},"end":{"line":3,"column":13}}},"fnMap":{"0":{"name":"(anonymous_7)","decl":{"start":{"line":4,"column":15},"end":{"line":4,"column":17}},"loc":{"start":{"line":4,"column":42},"end":{"line":44,"column":null}}},"1":{"name":"(anonymous_9)","decl":{"start":{"line":46,"column":15},"end":{"line":46,"column":19}},"loc":{"start":{"line":46,"column":44},"end":{"line":48,"column":null}}}},"branchMap":{},"s":{"0":0,"1":0,"2":0,"3":0},"f":{"0":0,"1":0},"b":{}}
,"/home/zale/Área de Trabalho/ignite/nodejs/src/database/migrations/1675109073934-CreateRentalTable.ts": {"path":"/home/zale/Área de Trabalho/ignite/nodejs/src/database/migrations/1675109073934-CreateRentalTable.ts","statementMap":{"0":{"start":{"line":1,"column":0},"end":{"line":1,"column":65}},"1":{"start":{"line":5,"column":4},"end":{"line":72,"column":6}},"2":{"start":{"line":76,"column":4},"end":{"line":76,"column":42}},"3":{"start":{"line":3,"column":0},"end":{"line":3,"column":13}}},"fnMap":{"0":{"name":"(anonymous_7)","decl":{"start":{"line":4,"column":15},"end":{"line":4,"column":17}},"loc":{"start":{"line":4,"column":42},"end":{"line":73,"column":null}}},"1":{"name":"(anonymous_9)","decl":{"start":{"line":75,"column":15},"end":{"line":75,"column":19}},"loc":{"start":{"line":75,"column":44},"end":{"line":77,"column":null}}}},"branchMap":{},"s":{"0":0,"1":0,"2":0,"3":0},"f":{"0":0,"1":0},"b":{}}
,"/home/zale/Área de Trabalho/ignite/nodejs/src/database/seed/admin.ts": {"path":"/home/zale/Área de Trabalho/ignite/nodejs/src/database/seed/admin.ts","statementMap":{"0":{"start":{"line":1,"column":0},"end":{"line":1,"column":34}},"1":{"start":{"line":2,"column":0},"end":{"line":2,"column":36}},"2":{"start":{"line":4,"column":0},"end":{"line":4,"column":70}},"3":{"start":{"line":5,"column":0},"end":{"line":5,"column":41}},"4":{"start":{"line":8,"column":2},"end":{"line":8,"column":35}},"5":{"start":{"line":9,"column":25},"end":{"line":9,"column":58}},"6":{"start":{"line":11,"column":15},"end":{"line":18,"column":4}},"7":{"start":{"line":20,"column":2},"end":{"line":20,"column":34}},"8":{"start":{"line":23,"column":0},"end":{"line":27,"column":5}},"9":{"start":{"line":24,"column":18},"end":{"line":24,"column":34}},"10":{"start":{"line":26,"column":4},"end":{"line":26,"column":39}}},"fnMap":{"0":{"name":"create","decl":{"start":{"line":7,"column":15},"end":{"line":7,"column":21}},"loc":{"start":{"line":7,"column":21},"end":{"line":21,"column":null}}},"1":{"name":"(anonymous_10)","decl":{"start":{"line":24,"column":9},"end":{"line":24,"column":10}},"loc":{"start":{"line":24,"column":18},"end":{"line":24,"column":34}}},"2":{"name":"(anonymous_11)","decl":{"start":{"line":25,"column":8},"end":{"line":25,"column":11}},"loc":{"start":{"line":25,"column":13},"end":{"line":27,"column":3}}}},"branchMap":{},"s":{"0":0,"1":0,"2":0,"3":0,"4":0,"5":0,"6":0,"7":0,"8":0,"9":0,"10":0},"f":{"0":0,"1":0,"2":0},"b":{}}
,"/home/zale/Área de Trabalho/ignite/nodejs/src/middlewares/ensureAdmin.ts": {"path":"/home/zale/Área de Trabalho/ignite/nodejs/src/middlewares/ensureAdmin.ts","statementMap":{"0":{"start":{"line":1,"column":0},"end":{"line":1,"column":85}},"1":{"start":{"line":4,"column":0},"end":{"line":4,"column":47}},"2":{"start":{"line":11,"column":17},"end":{"line":11,"column":25}},"3":{"start":{"line":13,"column":25},"end":{"line":13,"column":45}},"4":{"start":{"line":14,"column":15},"end":{"line":14,"column":48}},"5":{"start":{"line":16,"column":2},"end":{"line":16,"column":61}},"6":{"start":{"line":16,"column":21},"end":{"line":16,"column":61}},"7":{"start":{"line":18,"column":2},"end":{"line":18,"column":9}},"8":{"start":{"line":6,"column":0},"end":{"line":6,"column":22}}},"fnMap":{"0":{"name":"ensureAdmin","decl":{"start":{"line":6,"column":22},"end":{"line":6,"column":33}},"loc":{"start":{"line":9,"column":20},"end":{"line":19,"column":null}}}},"branchMap":{"0":{"loc":{"start":{"line":16,"column":2},"end":{"line":16,"column":61}},"type":"if","locations":[{"start":{"line":16,"column":2},"end":{"line":16,"column":61}}]}},"s":{"0":0,"1":0,"2":0,"3":0,"4":0,"5":0,"6":0,"7":0,"8":0},"f":{"0":0},"b":{"0":[0]}}
,"/home/zale/Área de Trabalho/ignite/nodejs/src/middlewares/ensureAuthenticated.ts": {"path":"/home/zale/Área de Trabalho/ignite/nodejs/src/middlewares/ensureAuthenticated.ts","statementMap":{"0":{"start":{"line":2,"column":0},"end":{"line":2,"column":38}},"1":{"start":{"line":3,"column":0},"end":{"line":3,"column":37}},"2":{"start":{"line":5,"column":0},"end":{"line":5,"column":47}},"3":{"start":{"line":18,"column":21},"end":{"line":18,"column":46}},"4":{"start":{"line":19,"column":2},"end":{"line":19,"column":64}},"5":{"start":{"line":19,"column":19},"end":{"line":19,"column":64}},"6":{"start":{"line":21,"column":20},"end":{"line":21,"column":41}},"7":{"start":{"line":23,"column":2},"end":{"line":35,"column":null}},"8":{"start":{"line":24,"column":28},"end":{"line":24,"column":60}},"9":{"start":{"line":25,"column":27},"end":{"line":25,"column":79}},"10":{"start":{"line":26,"column":23},"end":{"line":26,"column":60}},"11":{"start":{"line":27,"column":4},"end":{"line":27,"column":67}},"12":{"start":{"line":27,"column":21},"end":{"line":27,"column":67}},"13":{"start":{"line":28,"column":4},"end":{"line":32,"column":7}},"14":{"start":{"line":34,"column":4},"end":{"line":34,"column":49}},"15":{"start":{"line":37,"column":2},"end":{"line":37,"column":9}},"16":{"start":{"line":13,"column":0},"end":{"line":13,"column":22}}},"fnMap":{"0":{"name":"ensureAuthenticated","decl":{"start":{"line":13,"column":22},"end":{"line":13,"column":41}},"loc":{"start":{"line":16,"column":20},"end":{"line":38,"column":null}}}},"branchMap":{"0":{"loc":{"start":{"line":19,"column":2},"end":{"line":19,"column":64}},"type":"if","locations":[{"start":{"line":19,"column":2},"end":{"line":19,"column":64}}]},"1":{"loc":{"start":{"line":27,"column":4},"end":{"line":27,"column":67}},"type":"if","locations":[{"start":{"line":27,"column":4},"end":{"line":27,"column":67}}]}},"s":{"0":0,"1":0,"2":0,"3":0,"4":0,"5":0,"6":0,"7":0,"8":0,"9":0,"10":0,"11":0,"12":0,"13":0,"14":0,"15":0,"16":0},"f":{"0":0},"b":{"0":[0],"1":[0]}}
,"/home/zale/Área de Trabalho/ignite/nodejs/src/modules/accounts/infra/typeorm/entities/User.ts": {"path":"/home/zale/Área de Trabalho/ignite/nodejs/src/modules/accounts/infra/typeorm/entities/User.ts","statementMap":{"0":{"start":{"line":1,"column":0},"end":{"line":1,"column":null}},"1":{"start":{"line":8,"column":0},"end":{"line":8,"column":36}},"2":{"start":{"line":10,"column":0},"end":{"line":44,"column":null}},"3":{"start":{"line":40,"column":4},"end":{"line":42,"column":null}},"4":{"start":{"line":41,"column":6},"end":{"line":41,"column":25}},"5":{"start":{"line":12,"column":2},"end":{"line":13,"column":null}},"6":{"start":{"line":15,"column":2},"end":{"line":16,"column":null}},"7":{"start":{"line":18,"column":2},"end":{"line":19,"column":null}},"8":{"start":{"line":21,"column":2},"end":{"line":22,"column":null}},"9":{"start":{"line":24,"column":2},"end":{"line":25,"column":null}},"10":{"start":{"line":27,"column":2},"end":{"line":28,"column":null}},"11":{"start":{"line":30,"column":2},"end":{"line":31,"column":null}},"12":{"start":{"line":33,"column":2},"end":{"line":34,"column":null}},"13":{"start":{"line":36,"column":2},"end":{"line":37,"column":null}},"14":{"start":{"line":11,"column":6},"end":{"line":44,"column":null}},"15":{"start":{"line":46,"column":0},"end":{"line":46,"column":20}}},"fnMap":{"0":{"name":"(anonymous_2)","decl":{"start":{"line":39,"column":2},"end":{"line":39,"column":null}},"loc":{"start":{"line":39,"column":2},"end":{"line":43,"column":3}}}},"branchMap":{"0":{"loc":{"start":{"line":40,"column":4},"end":{"line":42,"column":null}},"type":"if","locations":[{"start":{"line":40,"column":4},"end":{"line":42,"column":null}}]}},"s":{"0":0,"1":0,"2":0,"3":0,"4":0,"5":0,"6":0,"7":0,"8":0,"9":0,"10":0,"11":0,"12":0,"13":0,"14":0,"15":0},"f":{"0":0},"b":{"0":[0]}}
,"/home/zale/Área de Trabalho/ignite/nodejs/src/modules/accounts/infra/typeorm/mappers/UserMapper.ts": {"path":"/home/zale/Área de Trabalho/ignite/nodejs/src/modules/accounts/infra/typeorm/mappers/UserMapper.ts","statementMap":{"0":{"start":{"line":1,"column":0},"end":{"line":1,"column":46}},"1":{"start":{"line":2,"column":0},"end":{"line":2,"column":48}},"2":{"start":{"line":4,"column":0},"end":{"line":4,"column":36}},"3":{"start":{"line":8,"column":27},"end":{"line":8,"column":60}},"4":{"start":{"line":9,"column":4},"end":{"line":19,"column":7}},"5":{"start":{"line":23,"column":4},"end":{"line":32,"column":7}},"6":{"start":{"line":36,"column":9},"end":{"line":36,"column":19}}},"fnMap":{"0":{"name":"(anonymous_1)","decl":{"start":{"line":7,"column":2},"end":{"line":7,"column":8}},"loc":{"start":{"line":7,"column":34},"end":{"line":20,"column":3}}},"1":{"name":"(anonymous_2)","decl":{"start":{"line":22,"column":2},"end":{"line":22,"column":8}},"loc":{"start":{"line":22,"column":27},"end":{"line":33,"column":3}}}},"branchMap":{},"s":{"0":0,"1":0,"2":0,"3":0,"4":0,"5":0,"6":0},"f":{"0":0,"1":0},"b":{}}
,"/home/zale/Área de Trabalho/ignite/nodejs/src/modules/accounts/infra/typeorm/repositories/UserRepository.ts": {"path":"/home/zale/Área de Trabalho/ignite/nodejs/src/modules/accounts/infra/typeorm/repositories/UserRepository.ts","statementMap":{"0":{"start":{"line":3,"column":0},"end":{"line":3,"column":48}},"1":{"start":{"line":6,"column":0},"end":{"line":6,"column":43}},"2":{"start":{"line":7,"column":0},"end":{"line":7,"column":51}},"3":{"start":{"line":13,"column":4},"end":{"line":13,"column":67}},"4":{"start":{"line":17,"column":4},"end":{"line":17,"column":63}},"5":{"start":{"line":21,"column":17},"end":{"line":21,"column":69}},"6":{"start":{"line":22,"column":4},"end":{"line":22,"column":36}},"7":{"start":{"line":26,"column":17},"end":{"line":26,"column":72}},"8":{"start":{"line":27,"column":4},"end":{"line":27,"column":36}},"9":{"start":{"line":31,"column":17},"end":{"line":33,"column":6}},"10":{"start":{"line":34,"column":4},"end":{"line":34,"column":36}},"11":{"start":{"line":38,"column":9},"end":{"line":38,"column":23}}},"fnMap":{"0":{"name":"(anonymous_8)","decl":{"start":{"line":12,"column":2},"end":{"line":12,"column":null}},"loc":{"start":{"line":12,"column":2},"end":{"line":14,"column":3}}},"1":{"name":"(anonymous_9)","decl":{"start":{"line":16,"column":8},"end":{"line":16,"column":12}},"loc":{"start":{"line":16,"column":23},"end":{"line":18,"column":null}}},"2":{"name":"(anonymous_11)","decl":{"start":{"line":20,"column":8},"end":{"line":20,"column":16}},"loc":{"start":{"line":20,"column":27},"end":{"line":23,"column":null}}},"3":{"name":"(anonymous_13)","decl":{"start":{"line":25,"column":8},"end":{"line":25,"column":19}},"loc":{"start":{"line":25,"column":33},"end":{"line":28,"column":null}}},"4":{"name":"(anonymous_15)","decl":{"start":{"line":30,"column":8},"end":{"line":30,"column":27}},"loc":{"start":{"line":30,"column":49},"end":{"line":35,"column":null}}}},"branchMap":{},"s":{"0":0,"1":0,"2":0,"3":0,"4":0,"5":0,"6":0,"7":0,"8":0,"9":0,"10":0,"11":0},"f":{"0":0,"1":0,"2":0,"3":0,"4":0},"b":{}}
,"/home/zale/Área de Trabalho/ignite/nodejs/src/modules/accounts/models/User.ts": {"path":"/home/zale/Área de Trabalho/ignite/nodejs/src/modules/accounts/models/User.ts","statementMap":{"0":{"start":{"line":2,"column":0},"end":{"line":2,"column":34}},"1":{"start":{"line":3,"column":0},"end":{"line":3,"column":36}},"2":{"start":{"line":33,"column":4},"end":{"line":33,"column":50}},"3":{"start":{"line":34,"column":19},"end":{"line":34,"column":53}},"4":{"start":{"line":35,"column":22},"end":{"line":35,"column":68}},"5":{"start":{"line":36,"column":22},"end":{"line":36,"column":68}},"6":{"start":{"line":37,"column":20},"end":{"line":37,"column":57}},"7":{"start":{"line":38,"column":4},"end":{"line":44,"column":6}},"8":{"start":{"line":45,"column":4},"end":{"line":45,"column":39}},"9":{"start":{"line":45,"column":19},"end":{"line":45,"column":39}},"10":{"start":{"line":49,"column":4},"end":{"line":49,"column":20}},"11":{"start":{"line":53,"column":4},"end":{"line":53,"column":27}},"12":{"start":{"line":56,"column":4},"end":{"line":56,"column":27}},"13":{"start":{"line":57,"column":4},"end":{"line":57,"column":38}},"14":{"start":{"line":61,"column":4},"end":{"line":61,"column":28}},"15":{"start":{"line":64,"column":4},"end":{"line":64,"column":29}},"16":{"start":{"line":65,"column":4},"end":{"line":65,"column":38}},"17":{"start":{"line":69,"column":4},"end":{"line":69,"column":31}},"18":{"start":{"line":72,"column":4},"end":{"line":72,"column":35}},"19":{"start":{"line":73,"column":4},"end":{"line":73,"column":24}},"20":{"start":{"line":74,"column":4},"end":{"line":74,"column":38}},"21":{"start":{"line":77,"column":4},"end":{"line":77,"column":59}},"22":{"start":{"line":81,"column":4},"end":{"line":81,"column":36}},"23":{"start":{"line":84,"column":4},"end":{"line":84,"column":45}},"24":{"start":{"line":85,"column":4},"end":{"line":85,"column":38}},"25":{"start":{"line":89,"column":4},"end":{"line":89,"column":30}},"26":{"start":{"line":92,"column":4},"end":{"line":92,"column":45}},"27":{"start":{"line":96,"column":4},"end":{"line":96,"column":29}},"28":{"start":{"line":99,"column":4},"end":{"line":99,"column":31}},"29":{"start":{"line":100,"column":4},"end":{"line":100,"column":38}},"30":{"start":{"line":104,"column":4},"end":{"line":104,"column":32}},"31":{"start":{"line":108,"column":4},"end":{"line":108,"column":32}},"32":{"start":{"line":112,"column":0},"end":{"line":112,"column":20}}},"fnMap":{"0":{"name":"(anonymous_0)","decl":{"start":{"line":32,"column":2},"end":{"line":32,"column":14}},"loc":{"start":{"line":32,"column":42},"end":{"line":46,"column":3}}},"1":{"name":"(anonymous_1)","decl":{"start":{"line":48,"column":2},"end":{"line":48,"column":13}},"loc":{"start":{"line":48,"column":15},"end":{"line":50,"column":3}}},"2":{"name":"(anonymous_2)","decl":{"start":{"line":52,"column":2},"end":{"line":52,"column":13}},"loc":{"start":{"line":52,"column":17},"end":{"line":54,"column":3}}},"3":{"name":"(anonymous_3)","decl":{"start":{"line":55,"column":2},"end":{"line":55,"column":13}},"loc":{"start":{"line":55,"column":30},"end":{"line":58,"column":3}}},"4":{"name":"(anonymous_4)","decl":{"start":{"line":60,"column":2},"end":{"line":60,"column":13}},"loc":{"start":{"line":60,"column":18},"end":{"line":62,"column":3}}},"5":{"name":"(anonymous_5)","decl":{"start":{"line":63,"column":2},"end":{"line":63,"column":13}},"loc":{"start":{"line":63,"column":32},"end":{"line":66,"column":3}}},"6":{"name":"(anonymous_6)","decl":{"start":{"line":68,"column":2},"end":{"line":68,"column":13}},"loc":{"start":{"line":68,"column":21},"end":{"line":70,"column":3}}},"7":{"name":"(anonymous_7)","decl":{"start":{"line":71,"column":2},"end":{"line":71,"column":13}},"loc":{"start":{"line":71,"column":38},"end":{"line":75,"column":3}}},"8":{"name":"(anonymous_8)","decl":{"start":{"line":76,"column":10},"end":{"line":76,"column":22}},"loc":{"start":{"line":76,"column":22},"end":{"line":78,"column":3}}},"9":{"name":"(anonymous_9)","decl":{"start":{"line":80,"column":2},"end":{"line":80,"column":13}},"loc":{"start":{"line":80,"column":26},"end":{"line":82,"column":3}}},"10":{"name":"(anonymous_10)","decl":{"start":{"line":83,"column":2},"end":{"line":83,"column":13}},"loc":{"start":{"line":83,"column":48},"end":{"line":86,"column":3}}},"11":{"name":"(anonymous_11)","decl":{"start":{"line":88,"column":2},"end":{"line":88,"column":6}},"loc":{"start":{"line":88,"column":13},"end":{"line":90,"column":3}}},"12":{"name":"(anonymous_12)","decl":{"start":{"line":91,"column":9},"end":{"line":91,"column":20}},"loc":{"start":{"line":91,"column":20},"end":{"line":93,"column":3}}},"13":{"name":"(anonymous_13)","decl":{"start":{"line":95,"column":2},"end":{"line":95,"column":13}},"loc":{"start":{"line":95,"column":19},"end":{"line":97,"column":3}}},"14":{"name":"(anonymous_14)","decl":{"start":{"line":98,"column":2},"end":{"line":98,"column":13}},"loc":{"start":{"line":98,"column":34},"end":{"line":101,"column":3}}},"15":{"name":"(anonymous_15)","decl":{"start":{"line":103,"column":2},"end":{"line":103,"column":13}},"loc":{"start":{"line":103,"column":22},"end":{"line":105,"column":3}}},"16":{"name":"(anonymous_16)","decl":{"start":{"line":107,"column":2},"end":{"line":107,"column":13}},"loc":{"start":{"line":107,"column":22},"end":{"line":109,"column":3}}}},"branchMap":{"0":{"loc":{"start":{"line":33,"column":15},"end":{"line":33,"column":49}},"type":"cond-expr","locations":[{"start":{"line":33,"column":26},"end":{"line":33,"column":34}},{"start":{"line":33,"column":37},"end":{"line":33,"column":49}}]},"1":{"loc":{"start":{"line":34,"column":19},"end":{"line":34,"column":53}},"type":"cond-expr","locations":[{"start":{"line":34,"column":34},"end":{"line":34,"column":46}},{"start":{"line":34,"column":49},"end":{"line":34,"column":53}}]},"2":{"loc":{"start":{"line":35,"column":22},"end":{"line":35,"column":68}},"type":"cond-expr","locations":[{"start":{"line":35,"column":40},"end":{"line":35,"column":55}},{"start":{"line":35,"column":58},"end":{"line":35,"column":68}}]},"3":{"loc":{"start":{"line":36,"column":22},"end":{"line":36,"column":68}},"type":"cond-expr","locations":[{"start":{"line":36,"column":40},"end":{"line":36,"column":55}},{"start":{"line":36,"column":58},"end":{"line":36,"column":68}}]},"4":{"loc":{"start":{"line":37,"column":20},"end":{"line":37,"column":57}},"type":"cond-expr","locations":[{"start":{"line":37,"column":36},"end":{"line":37,"column":49}},{"start":{"line":37,"column":52},"end":{"line":37,"column":57}}]},"5":{"loc":{"start":{"line":45,"column":4},"end":{"line":45,"column":39}},"type":"if","locations":[{"start":{"line":45,"column":4},"end":{"line":45,"column":39}}]}},"s":{"0":3,"1":3,"2":7,"3":7,"4":7,"5":7,"6":7,"7":7,"8":7,"9":7,"10":12,"11":1,"12":0,"13":0,"14":5,"15":0,"16":0,"17":2,"18":0,"19":0,"20":0,"21":7,"22":1,"23":0,"24":0,"25":0,"26":0,"27":0,"28":0,"29":0,"30":1,"31":0,"32":3},"f":{"0":7,"1":12,"2":1,"3":0,"4":5,"5":0,"6":2,"7":0,"8":7,"9":1,"10":0,"11":0,"12":0,"13":0,"14":0,"15":1,"16":0},"b":{"0":[0,7],"1":[0,7],"2":[0,7],"3":[0,7],"4":[0,7],"5":[7]}}
,"/home/zale/Área de Trabalho/ignite/nodejs/src/modules/accounts/repositories/inMemory/UserRepository.ts": {"path":"/home/zale/Área de Trabalho/ignite/nodejs/src/modules/accounts/repositories/inMemory/UserRepository.ts","statementMap":{"0":{"start":{"line":9,"column":4},"end":{"line":9,"column":20}},"1":{"start":{"line":13,"column":4},"end":{"line":13,"column":26}},"2":{"start":{"line":17,"column":17},"end":{"line":17,"column":58}},"3":{"start":{"line":17,"column":43},"end":{"line":17,"column":57}},"4":{"start":{"line":18,"column":4},"end":{"line":18,"column":16}},"5":{"start":{"line":22,"column":17},"end":{"line":22,"column":64}},"6":{"start":{"line":22,"column":43},"end":{"line":22,"column":63}},"7":{"start":{"line":23,"column":4},"end":{"line":23,"column":16}},"8":{"start":{"line":27,"column":17},"end":{"line":28,"column":null}},"9":{"start":{"line":28,"column":16},"end":{"line":28,"column":52}},"10":{"start":{"line":30,"column":4},"end":{"line":30,"column":16}},"11":{"start":{"line":34,"column":9},"end":{"line":34,"column":31}}},"fnMap":{"0":{"name":"(anonymous_7)","decl":{"start":{"line":8,"column":2},"end":{"line":8,"column":null}},"loc":{"start":{"line":8,"column":2},"end":{"line":10,"column":3}}},"1":{"name":"(anonymous_8)","decl":{"start":{"line":12,"column":8},"end":{"line":12,"column":12}},"loc":{"start":{"line":12,"column":23},"end":{"line":14,"column":null}}},"2":{"name":"(anonymous_10)","decl":{"start":{"line":16,"column":8},"end":{"line":16,"column":16}},"loc":{"start":{"line":16,"column":27},"end":{"line":19,"column":null}}},"3":{"name":"(anonymous_12)","decl":{"start":{"line":17,"column":33},"end":{"line":17,"column":34}},"loc":{"start":{"line":17,"column":43},"end":{"line":17,"column":57}}},"4":{"name":"(anonymous_13)","decl":{"start":{"line":21,"column":8},"end":{"line":21,"column":19}},"loc":{"start":{"line":21,"column":33},"end":{"line":24,"column":null}}},"5":{"name":"(anonymous_15)","decl":{"start":{"line":22,"column":33},"end":{"line":22,"column":34}},"loc":{"start":{"line":22,"column":43},"end":{"line":22,"column":63}}},"6":{"name":"(anonymous_16)","decl":{"start":{"line":26,"column":8},"end":{"line":26,"column":27}},"loc":{"start":{"line":26,"column":49},"end":{"line":31,"column":null}}},"7":{"name":"(anonymous_18)","decl":{"start":{"line":28,"column":6},"end":{"line":28,"column":7}},"loc":{"start":{"line":28,"column":16},"end":{"line":28,"column":52}}}},"branchMap":{},"s":{"0":9,"1":6,"2":5,"3":5,"4":5,"5":10,"6":4,"7":10,"8":6,"9":1,"10":6,"11":3},"f":{"0":9,"1":6,"2":5,"3":5,"4":10,"5":4,"6":6,"7":1},"b":{}}
,"/home/zale/Área de Trabalho/ignite/nodejs/src/modules/accounts/useCases/User/createSession/CreateSessionController.ts": {"path":"/home/zale/Área de Trabalho/ignite/nodejs/src/modules/accounts/useCases/User/createSession/CreateSessionController.ts","statementMap":{"0":{"start":{"line":2,"column":0},"end":{"line":2,"column":37}},"1":{"start":{"line":4,"column":0},"end":{"line":4,"column":62}},"2":{"start":{"line":8,"column":32},"end":{"line":8,"column":40}},"3":{"start":{"line":10,"column":33},"end":{"line":10,"column":72}},"4":{"start":{"line":11,"column":18},"end":{"line":11,"column":73}},"5":{"start":{"line":13,"column":4},"end":{"line":13,"column":27}},"6":{"start":{"line":17,"column":9},"end":{"line":17,"column":32}}},"fnMap":{"0":{"name":"(anonymous_7)","decl":{"start":{"line":7,"column":8},"end":{"line":7,"column":14}},"loc":{"start":{"line":7,"column":42},"end":{"line":14,"column":null}}}},"branchMap":{},"s":{"0":0,"1":0,"2":0,"3":0,"4":0,"5":0,"6":0},"f":{"0":0},"b":{}}
,"/home/zale/Área de Trabalho/ignite/nodejs/src/modules/accounts/useCases/User/createSession/CreateSessionService.ts": {"path":"/home/zale/Área de Trabalho/ignite/nodejs/src/modules/accounts/useCases/User/createSession/CreateSessionService.ts","statementMap":{"0":{"start":{"line":1,"column":0},"end":{"line":1,"column":33}},"1":{"start":{"line":2,"column":0},"end":{"line":2,"column":36}},"2":{"start":{"line":3,"column":0},"end":{"line":3,"column":46}},"3":{"start":{"line":5,"column":0},"end":{"line":5,"column":47}},"4":{"start":{"line":22,"column":0},"end":{"line":52,"column":null}},"5":{"start":{"line":25,"column":38},"end":{"line":25,"column":69}},"6":{"start":{"line":29,"column":4},"end":{"line":31,"column":null}},"7":{"start":{"line":30,"column":6},"end":{"line":30,"column":54}},"8":{"start":{"line":33,"column":17},"end":{"line":33,"column":61}},"9":{"start":{"line":34,"column":4},"end":{"line":34,"column":66}},"10":{"start":{"line":34,"column":15},"end":{"line":34,"column":66}},"11":{"start":{"line":36,"column":30},"end":{"line":36,"column":68}},"12":{"start":{"line":37,"column":4},"end":{"line":37,"column":79}},"13":{"start":{"line":37,"column":28},"end":{"line":37,"column":79}},"14":{"start":{"line":39,"column":18},"end":{"line":42,"column":6}},"15":{"start":{"line":44,"column":4},"end":{"line":50,"column":6}},"16":{"start":{"line":23,"column":6},"end":{"line":52,"column":null}},"17":{"start":{"line":54,"column":9},"end":{"line":54,"column":29}}},"fnMap":{"0":{"name":"(anonymous_12)","decl":{"start":{"line":24,"column":2},"end":{"line":24,"column":null}},"loc":{"start":{"line":25,"column":69},"end":{"line":26,"column":6}}},"1":{"name":"(anonymous_13)","decl":{"start":{"line":28,"column":8},"end":{"line":28,"column":15}},"loc":{"start":{"line":28,"column":51},"end":{"line":51,"column":null}}}},"branchMap":{"0":{"loc":{"start":{"line":29,"column":4},"end":{"line":31,"column":null}},"type":"if","locations":[{"start":{"line":29,"column":4},"end":{"line":31,"column":null}}]},"1":{"loc":{"start":{"line":29,"column":8},"end":{"line":29,"column":27}},"type":"binary-expr","locations":[{"start":{"line":29,"column":8},"end":{"line":29,"column":14}},{"start":{"line":29,"column":18},"end":{"line":29,"column":27}}]},"2":{"loc":{"start":{"line":34,"column":4},"end":{"line":34,"column":66}},"type":"if","locations":[{"start":{"line":34,"column":4},"end":{"line":34,"column":66}}]},"3":{"loc":{"start":{"line":37,"column":4},"end":{"line":37,"column":79}},"type":"if","locations":[{"start":{"line":37,"column":4},"end":{"line":37,"column":79}}]}},"s":{"0":1,"1":1,"2":1,"3":1,"4":1,"5":4,"6":4,"7":1,"8":3,"9":3,"10":1,"11":2,"12":2,"13":1,"14":1,"15":1,"16":1,"17":1},"f":{"0":4,"1":4},"b":{"0":[1],"1":[4,3],"2":[1],"3":[1]}}
,"/home/zale/Área de Trabalho/ignite/nodejs/src/modules/accounts/useCases/User/createUser/CreateUserController.ts": {"path":"/home/zale/Área de Trabalho/ignite/nodejs/src/modules/accounts/useCases/User/createUser/CreateUserController.ts","statementMap":{"0":{"start":{"line":2,"column":0},"end":{"line":2,"column":37}},"1":{"start":{"line":4,"column":0},"end":{"line":4,"column":56}},"2":{"start":{"line":8,"column":53},"end":{"line":8,"column":61}},"3":{"start":{"line":10,"column":30},"end":{"line":10,"column":66}},"4":{"start":{"line":12,"column":17},"end":{"line":17,"column":6}},"5":{"start":{"line":19,"column":4},"end":{"line":19,"column":38}},"6":{"start":{"line":23,"column":9},"end":{"line":23,"column":29}}},"fnMap":{"0":{"name":"(anonymous_7)","decl":{"start":{"line":7,"column":8},"end":{"line":7,"column":14}},"loc":{"start":{"line":7,"column":42},"end":{"line":20,"column":null}}}},"branchMap":{},"s":{"0":0,"1":0,"2":0,"3":0,"4":0,"5":0,"6":0},"f":{"0":0},"b":{}}
,"/home/zale/Área de Trabalho/ignite/nodejs/src/modules/accounts/useCases/User/createUser/CreateUserService.ts": {"path":"/home/zale/Área de Trabalho/ignite/nodejs/src/modules/accounts/useCases/User/createUser/CreateUserService.ts","statementMap":{"0":{"start":{"line":1,"column":0},"end":{"line":1,"column":41}},"1":{"start":{"line":2,"column":0},"end":{"line":2,"column":46}},"2":{"start":{"line":4,"column":0},"end":{"line":4,"column":47}},"3":{"start":{"line":15,"column":0},"end":{"line":52,"column":null}},"4":{"start":{"line":18,"column":38},"end":{"line":18,"column":69}},"5":{"start":{"line":27,"column":4},"end":{"line":29,"column":null}},"6":{"start":{"line":28,"column":6},"end":{"line":28,"column":54}},"7":{"start":{"line":31,"column":36},"end":{"line":32,"column":null}},"8":{"start":{"line":34,"column":4},"end":{"line":34,"column":76}},"9":{"start":{"line":34,"column":33},"end":{"line":34,"column":76}},"10":{"start":{"line":37,"column":6},"end":{"line":37,"column":66}},"11":{"start":{"line":38,"column":4},"end":{"line":39,"column":64}},"12":{"start":{"line":39,"column":6},"end":{"line":39,"column":64}},"13":{"start":{"line":41,"column":17},"end":{"line":46,"column":6}},"14":{"start":{"line":48,"column":4},"end":{"line":48,"column":41}},"15":{"start":{"line":50,"column":4},"end":{"line":50,"column":16}},"16":{"start":{"line":16,"column":6},"end":{"line":52,"column":null}},"17":{"start":{"line":54,"column":9},"end":{"line":54,"column":26}}},"fnMap":{"0":{"name":"(anonymous_12)","decl":{"start":{"line":17,"column":2},"end":{"line":17,"column":null}},"loc":{"start":{"line":18,"column":69},"end":{"line":19,"column":6}}},"1":{"name":"(anonymous_13)","decl":{"start":{"line":21,"column":8},"end":{"line":21,"column":15}},"loc":{"start":{"line":26,"column":19},"end":{"line":51,"column":null}}}},"branchMap":{"0":{"loc":{"start":{"line":27,"column":4},"end":{"line":29,"column":null}},"type":"if","locations":[{"start":{"line":27,"column":4},"end":{"line":29,"column":null}}]},"1":{"loc":{"start":{"line":27,"column":8},"end":{"line":27,"column":54}},"type":"binary-expr","locations":[{"start":{"line":27,"column":8},"end":{"line":27,"column":13}},{"start":{"line":27,"column":17},"end":{"line":27,"column":23}},{"start":{"line":27,"column":27},"end":{"line":27,"column":36}},{"start":{"line":27,"column":40},"end":{"line":27,"column":54}}]},"2":{"loc":{"start":{"line":34,"column":4},"end":{"line":34,"column":76}},"type":"if","locations":[{"start":{"line":34,"column":4},"end":{"line":34,"column":76}}]},"3":{"loc":{"start":{"line":38,"column":4},"end":{"line":39,"column":64}},"type":"if","locations":[{"start":{"line":38,"column":4},"end":{"line":39,"column":64}}]}},"s":{"0":2,"1":2,"2":2,"3":2,"4":8,"5":8,"6":1,"7":7,"8":7,"9":1,"10":6,"11":6,"12":1,"13":5,"14":5,"15":5,"16":2,"17":2},"f":{"0":8,"1":8},"b":{"0":[1],"1":[8,7,7,7],"2":[1],"3":[1]}}
,"/home/zale/Área de Trabalho/ignite/nodejs/src/modules/accounts/useCases/User/updateAvatar/UpdateAvatarController.ts": {"path":"/home/zale/Área de Trabalho/ignite/nodejs/src/modules/accounts/useCases/User/updateAvatar/UpdateAvatarController.ts","statementMap":{"0":{"start":{"line":2,"column":0},"end":{"line":2,"column":25}},"1":{"start":{"line":3,"column":0},"end":{"line":3,"column":37}},"2":{"start":{"line":5,"column":0},"end":{"line":5,"column":47}},"3":{"start":{"line":7,"column":0},"end":{"line":7,"column":60}},"4":{"start":{"line":11,"column":17},"end":{"line":11,"column":40}},"5":{"start":{"line":12,"column":15},"end":{"line":12,"column":56}},"6":{"start":{"line":14,"column":4},"end":{"line":16,"column":null}},"7":{"start":{"line":15,"column":6},"end":{"line":15,"column":51}},"8":{"start":{"line":18,"column":4},"end":{"line":21,"column":null}},"9":{"start":{"line":19,"column":6},"end":{"line":19,"column":36}},"10":{"start":{"line":20,"column":6},"end":{"line":20,"column":51}},"11":{"start":{"line":23,"column":32},"end":{"line":23,"column":70}},"12":{"start":{"line":24,"column":24},"end":{"line":24,"column":79}},"13":{"start":{"line":26,"column":4},"end":{"line":26,"column":33}},"14":{"start":{"line":30,"column":9},"end":{"line":30,"column":31}}},"fnMap":{"0":{"name":"(anonymous_8)","decl":{"start":{"line":10,"column":8},"end":{"line":10,"column":14}},"loc":{"start":{"line":10,"column":42},"end":{"line":27,"column":null}}}},"branchMap":{"0":{"loc":{"start":{"line":11,"column":17},"end":{"line":11,"column":40}},"type":"cond-expr","locations":[{"start":{"line":11,"column":28},"end":{"line":11,"column":36}},{"start":{"line":11,"column":39},"end":{"line":11,"column":40}}]},"1":{"loc":{"start":{"line":12,"column":15},"end":{"line":12,"column":56}},"type":"cond-expr","locations":[{"start":{"line":12,"column":41},"end":{"line":12,"column":52}},{"start":{"line":12,"column":55},"end":{"line":12,"column":56}}]},"2":{"loc":{"start":{"line":12,"column":15},"end":{"line":12,"column":38}},"type":"binary-expr","locations":[{"start":{"line":12,"column":15},"end":{"line":12,"column":23}},{"start":{"line":12,"column":27},"end":{"line":12,"column":38}}]},"3":{"loc":{"start":{"line":14,"column":4},"end":{"line":16,"column":null}},"type":"if","locations":[{"start":{"line":14,"column":4},"end":{"line":16,"column":null}}]},"4":{"loc":{"start":{"line":18,"column":4},"end":{"line":21,"column":null}},"type":"if","locations":[{"start":{"line":18,"column":4},"end":{"line":21,"column":null}}]}},"s":{"0":0,"1":0,"2":0,"3":0,"4":0,"5":0,"6":0,"7":0,"8":0,"9":0,"10":0,"11":0,"12":0,"13":0,"14":0},"f":{"0":0},"b":{"0":[0,0],"1":[0,0],"2":[0,0],"3":[0],"4":[0]}}
,"/home/zale/Área de Trabalho/ignite/nodejs/src/modules/accounts/useCases/User/updateAvatar/UpdateAvatarService.ts": {"path":"/home/zale/Área de Trabalho/ignite/nodejs/src/modules/accounts/useCases/User/updateAvatar/UpdateAvatarService.ts","statementMap":{"0":{"start":{"line":1,"column":0},"end":{"line":1,"column":25}},"1":{"start":{"line":2,"column":0},"end":{"line":2,"column":46}},"2":{"start":{"line":4,"column":0},"end":{"line":4,"column":47}},"3":{"start":{"line":14,"column":18},"end":{"line":14,"column":76}},"4":{"start":{"line":16,"column":0},"end":{"line":48,"column":null}},"5":{"start":{"line":19,"column":38},"end":{"line":19,"column":69}},"6":{"start":{"line":23,"column":4},"end":{"line":25,"column":null}},"7":{"start":{"line":24,"column":6},"end":{"line":24,"column":51}},"8":{"start":{"line":27,"column":4},"end":{"line":30,"column":null}},"9":{"start":{"line":28,"column":6},"end":{"line":28,"column":36}},"10":{"start":{"line":29,"column":6},"end":{"line":29,"column":51}},"11":{"start":{"line":32,"column":17},"end":{"line":32,"column":59}},"12":{"start":{"line":33,"column":4},"end":{"line":33,"column":55}},"13":{"start":{"line":33,"column":15},"end":{"line":33,"column":55}},"14":{"start":{"line":35,"column":4},"end":{"line":38,"column":null}},"15":{"start":{"line":36,"column":6},"end":{"line":36,"column":36}},"16":{"start":{"line":37,"column":6},"end":{"line":37,"column":48}},"17":{"start":{"line":40,"column":4},"end":{"line":40,"column":61}},"18":{"start":{"line":42,"column":25},"end":{"line":42,"column":29}},"19":{"start":{"line":43,"column":4},"end":{"line":43,"column":27}},"20":{"start":{"line":44,"column":4},"end":{"line":44,"column":41}},"21":{"start":{"line":46,"column":4},"end":{"line":46,"column":16}},"22":{"start":{"line":17,"column":6},"end":{"line":48,"column":null}},"23":{"start":{"line":50,"column":9},"end":{"line":50,"column":28}}},"fnMap":{"0":{"name":"(anonymous_12)","decl":{"start":{"line":18,"column":2},"end":{"line":18,"column":null}},"loc":{"start":{"line":19,"column":69},"end":{"line":20,"column":6}}},"1":{"name":"(anonymous_13)","decl":{"start":{"line":22,"column":8},"end":{"line":22,"column":15}},"loc":{"start":{"line":22,"column":47},"end":{"line":47,"column":null}}}},"branchMap":{"0":{"loc":{"start":{"line":23,"column":4},"end":{"line":25,"column":null}},"type":"if","locations":[{"start":{"line":23,"column":4},"end":{"line":25,"column":null}}]},"1":{"loc":{"start":{"line":27,"column":4},"end":{"line":30,"column":null}},"type":"if","locations":[{"start":{"line":27,"column":4},"end":{"line":30,"column":null}}]},"2":{"loc":{"start":{"line":33,"column":4},"end":{"line":33,"column":55}},"type":"if","locations":[{"start":{"line":33,"column":4},"end":{"line":33,"column":55}}]},"3":{"loc":{"start":{"line":35,"column":4},"end":{"line":38,"column":null}},"type":"if","locations":[{"start":{"line":35,"column":4},"end":{"line":38,"column":null}}]}},"s":{"0":0,"1":0,"2":0,"3":0,"4":0,"5":0,"6":0,"7":0,"8":0,"9":0,"10":0,"11":0,"12":0,"13":0,"14":0,"15":0,"16":0,"17":0,"18":0,"19":0,"20":0,"21":0,"22":0,"23":0},"f":{"0":0,"1":0},"b":{"0":[0],"1":[0],"2":[0],"3":[0]}}
,"/home/zale/Área de Trabalho/ignite/nodejs/src/modules/car/infra/typeorm/entities/Car.ts": {"path":"/home/zale/Área de Trabalho/ignite/nodejs/src/modules/car/infra/typeorm/entities/Car.ts","statementMap":{"0":{"start":{"line":1,"column":0},"end":{"line":1,"column":null}},"1":{"start":{"line":13,"column":0},"end":{"line":13,"column":34}},"2":{"start":{"line":14,"column":0},"end":{"line":14,"column":44}},"3":{"start":{"line":17,"column":0},"end":{"line":70,"column":null}},"4":{"start":{"line":18,"column":2},"end":{"line":19,"column":null}},"5":{"start":{"line":21,"column":2},"end":{"line":22,"column":null}},"6":{"start":{"line":24,"column":2},"end":{"line":25,"column":null}},"7":{"start":{"line":27,"column":2},"end":{"line":28,"column":null}},"8":{"start":{"line":30,"column":2},"end":{"line":31,"column":null}},"9":{"start":{"line":33,"column":2},"end":{"line":34,"column":null}},"10":{"start":{"line":36,"column":2},"end":{"line":37,"column":null}},"11":{"start":{"line":39,"column":2},"end":{"line":40,"column":null}},"12":{"start":{"line":42,"column":2},"end":{"line":43,"column":null}},"13":{"start":{"line":45,"column":2},"end":{"line":47,"column":null}},"14":{"start":{"line":45,"column":19},"end":{"line":45,"column":27}},"15":{"start":{"line":49,"column":2},"end":{"line":63,"column":null}},"16":{"start":{"line":49,"column":20},"end":{"line":49,"column":33}},"17":{"start":{"line":65,"column":2},"end":{"line":66,"column":null}},"18":{"start":{"line":68,"column":2},"end":{"line":69,"column":null}},"19":{"start":{"line":17,"column":6},"end":{"line":70,"column":null}},"20":{"start":{"line":72,"column":0},"end":{"line":72,"column":19}}},"fnMap":{"0":{"name":"(anonymous_3)","decl":{"start":{"line":45,"column":13},"end":{"line":45,"column":16}},"loc":{"start":{"line":45,"column":19},"end":{"line":45,"column":27}}},"1":{"name":"(anonymous_4)","decl":{"start":{"line":49,"column":14},"end":{"line":49,"column":17}},"loc":{"start":{"line":49,"column":20},"end":{"line":49,"column":33}}}},"branchMap":{},"s":{"0":0,"1":0,"2":0,"3":0,"4":0,"5":0,"6":0,"7":0,"8":0,"9":0,"10":0,"11":0,"12":0,"13":0,"14":0,"15":0,"16":0,"17":0,"18":0,"19":0,"20":0},"f":{"0":0,"1":0},"b":{}}
,"/home/zale/Área de Trabalho/ignite/nodejs/src/modules/car/infra/typeorm/entities/CarImage.ts": {"path":"/home/zale/Área de Trabalho/ignite/nodejs/src/modules/car/infra/typeorm/entities/CarImage.ts","statementMap":{"0":{"start":{"line":1,"column":0},"end":{"line":1,"column":74}},"1":{"start":{"line":4,"column":0},"end":{"line":16,"column":null}},"2":{"start":{"line":5,"column":2},"end":{"line":6,"column":null}},"3":{"start":{"line":8,"column":2},"end":{"line":9,"column":null}},"4":{"start":{"line":11,"column":2},"end":{"line":12,"column":null}},"5":{"start":{"line":14,"column":2},"end":{"line":15,"column":null}},"6":{"start":{"line":4,"column":6},"end":{"line":16,"column":null}},"7":{"start":{"line":18,"column":0},"end":{"line":18,"column":24}}},"fnMap":{},"branchMap":{},"s":{"0":0,"1":0,"2":0,"3":0,"4":0,"5":0,"6":0,"7":0},"f":{},"b":{}}
,"/home/zale/Área de Trabalho/ignite/nodejs/src/modules/car/infra/typeorm/entities/Category.ts": {"path":"/home/zale/Área de Trabalho/ignite/nodejs/src/modules/car/infra/typeorm/entities/Category.ts","statementMap":{"0":{"start":{"line":1,"column":0},"end":{"line":1,"column":null}},"1":{"start":{"line":10,"column":0},"end":{"line":25,"column":null}},"2":{"start":{"line":11,"column":2},"end":{"line":12,"column":null}},"3":{"start":{"line":14,"column":2},"end":{"line":15,"column":null}},"4":{"start":{"line":17,"column":2},"end":{"line":18,"column":null}},"5":{"start":{"line":20,"column":2},"end":{"line":21,"column":null}},"6":{"start":{"line":23,"column":2},"end":{"line":24,"column":null}},"7":{"start":{"line":10,"column":6},"end":{"line":25,"column":null}},"8":{"start":{"line":27,"column":0},"end":{"line":27,"column":24}}},"fnMap":{},"branchMap":{},"s":{"0":0,"1":0,"2":0,"3":0,"4":0,"5":0,"6":0,"7":0,"8":0},"f":{},"b":{}}
,"/home/zale/Área de Trabalho/ignite/nodejs/src/modules/car/infra/typeorm/entities/Specification.ts": {"path":"/home/zale/Área de Trabalho/ignite/nodejs/src/modules/car/infra/typeorm/entities/Specification.ts","statementMap":{"0":{"start":{"line":1,"column":0},"end":{"line":1,"column":null}},"1":{"start":{"line":10,"column":0},"end":{"line":25,"column":null}},"2":{"start":{"line":11,"column":2},"end":{"line":12,"column":null}},"3":{"start":{"line":14,"column":2},"end":{"line":15,"column":null}},"4":{"start":{"line":17,"column":2},"end":{"line":18,"column":null}},"5":{"start":{"line":20,"column":2},"end":{"line":21,"column":null}},"6":{"start":{"line":23,"column":2},"end":{"line":24,"column":null}},"7":{"start":{"line":10,"column":6},"end":{"line":25,"column":null}},"8":{"start":{"line":27,"column":0},"end":{"line":27,"column":29}}},"fnMap":{},"branchMap":{},"s":{"0":0,"1":0,"2":0,"3":0,"4":0,"5":0,"6":0,"7":0,"8":0},"f":{},"b":{}}
,"/home/zale/Área de Trabalho/ignite/nodejs/src/modules/car/infra/typeorm/mapper/CarImageMapper.ts": {"path":"/home/zale/Área de Trabalho/ignite/nodejs/src/modules/car/infra/typeorm/mapper/CarImageMapper.ts","statementMap":{"0":{"start":{"line":1,"column":0},"end":{"line":1,"column":49}},"1":{"start":{"line":2,"column":0},"end":{"line":2,"column":48}},"2":{"start":{"line":4,"column":0},"end":{"line":4,"column":44}},"3":{"start":{"line":8,"column":31},"end":{"line":8,"column":68}},"4":{"start":{"line":10,"column":4},"end":{"line":15,"column":7}},"5":{"start":{"line":19,"column":4},"end":{"line":24,"column":7}},"6":{"start":{"line":28,"column":9},"end":{"line":28,"column":23}}},"fnMap":{"0":{"name":"(anonymous_1)","decl":{"start":{"line":7,"column":2},"end":{"line":7,"column":8}},"loc":{"start":{"line":7,"column":42},"end":{"line":16,"column":3}}},"1":{"name":"(anonymous_2)","decl":{"start":{"line":18,"column":2},"end":{"line":18,"column":8}},"loc":{"start":{"line":18,"column":35},"end":{"line":25,"column":3}}}},"branchMap":{},"s":{"0":0,"1":0,"2":0,"3":0,"4":0,"5":0,"6":0},"f":{"0":0,"1":0},"b":{}}
,"/home/zale/Área de Trabalho/ignite/nodejs/src/modules/car/infra/typeorm/mapper/CarMapper.ts": {"path":"/home/zale/Área de Trabalho/ignite/nodejs/src/modules/car/infra/typeorm/mapper/CarMapper.ts","statementMap":{"0":{"start":{"line":1,"column":0},"end":{"line":1,"column":39}},"1":{"start":{"line":3,"column":0},"end":{"line":3,"column":48}},"2":{"start":{"line":5,"column":0},"end":{"line":5,"column":34}},"3":{"start":{"line":7,"column":0},"end":{"line":7,"column":50}},"4":{"start":{"line":8,"column":0},"end":{"line":8,"column":60}},"5":{"start":{"line":12,"column":51},"end":{"line":12,"column":53}},"6":{"start":{"line":13,"column":26},"end":{"line":13,"column":58}},"7":{"start":{"line":15,"column":23},"end":{"line":27,"column":6}},"8":{"start":{"line":29,"column":4},"end":{"line":34,"column":null}},"9":{"start":{"line":30,"column":6},"end":{"line":32,"column":8}},"10":{"start":{"line":31,"column":8},"end":{"line":31,"column":80}},"11":{"start":{"line":33,"column":6},"end":{"line":33,"column":56}},"12":{"start":{"line":36,"column":4},"end":{"line":36,"column":22}},"13":{"start":{"line":40,"column":49},"end":{"line":40,"column":51}},"14":{"start":{"line":42,"column":21},"end":{"line":54,"column":6}},"15":{"start":{"line":56,"column":4},"end":{"line":58,"column":null}},"16":{"start":{"line":57,"column":6},"end":{"line":57,"column":63}},"17":{"start":{"line":59,"column":4},"end":{"line":64,"column":null}},"18":{"start":{"line":60,"column":6},"end":{"line":62,"column":8}},"19":{"start":{"line":61,"column":8},"end":{"line":61,"column":71}},"20":{"start":{"line":63,"column":6},"end":{"line":63,"column":47}},"21":{"start":{"line":66,"column":4},"end":{"line":66,"column":20}},"22":{"start":{"line":70,"column":9},"end":{"line":70,"column":18}}},"fnMap":{"0":{"name":"(anonymous_1)","decl":{"start":{"line":11,"column":2},"end":{"line":11,"column":8}},"loc":{"start":{"line":11,"column":32},"end":{"line":37,"column":3}}},"1":{"name":"(anonymous_2)","decl":{"start":{"line":30,"column":29},"end":{"line":30,"column":30}},"loc":{"start":{"line":31,"column":8},"end":{"line":31,"column":80}}},"2":{"name":"(anonymous_3)","decl":{"start":{"line":39,"column":2},"end":{"line":39,"column":8}},"loc":{"start":{"line":39,"column":25},"end":{"line":67,"column":3}}},"3":{"name":"(anonymous_4)","decl":{"start":{"line":60,"column":29},"end":{"line":60,"column":30}},"loc":{"start":{"line":61,"column":8},"end":{"line":61,"column":71}}}},"branchMap":{"0":{"loc":{"start":{"line":29,"column":4},"end":{"line":34,"column":null}},"type":"if","locations":[{"start":{"line":29,"column":4},"end":{"line":34,"column":null}}]},"1":{"loc":{"start":{"line":56,"column":4},"end":{"line":58,"column":null}},"type":"if","locations":[{"start":{"line":56,"column":4},"end":{"line":58,"column":null}}]},"2":{"loc":{"start":{"line":59,"column":4},"end":{"line":64,"column":null}},"type":"if","locations":[{"start":{"line":59,"column":4},"end":{"line":64,"column":null}}]}},"s":{"0":0,"1":0,"2":0,"3":0,"4":0,"5":0,"6":0,"7":0,"8":0,"9":0,"10":0,"11":0,"12":0,"13":0,"14":0,"15":0,"16":0,"17":0,"18":0,"19":0,"20":0,"21":0,"22":0},"f":{"0":0,"1":0,"2":0,"3":0},"b":{"0":[0],"1":[0],"2":[0]}}
,"/home/zale/Área de Trabalho/ignite/nodejs/src/modules/car/infra/typeorm/mapper/CategoryMapper.ts": {"path":"/home/zale/Área de Trabalho/ignite/nodejs/src/modules/car/infra/typeorm/mapper/CategoryMapper.ts","statementMap":{"0":{"start":{"line":1,"column":0},"end":{"line":1,"column":49}},"1":{"start":{"line":2,"column":0},"end":{"line":2,"column":48}},"2":{"start":{"line":4,"column":0},"end":{"line":4,"column":44}},"3":{"start":{"line":8,"column":36},"end":{"line":8,"column":73}},"4":{"start":{"line":9,"column":4},"end":{"line":15,"column":7}},"5":{"start":{"line":19,"column":4},"end":{"line":25,"column":7}},"6":{"start":{"line":29,"column":9},"end":{"line":29,"column":23}}},"fnMap":{"0":{"name":"(anonymous_1)","decl":{"start":{"line":7,"column":2},"end":{"line":7,"column":8}},"loc":{"start":{"line":7,"column":42},"end":{"line":16,"column":3}}},"1":{"name":"(anonymous_2)","decl":{"start":{"line":18,"column":2},"end":{"line":18,"column":8}},"loc":{"start":{"line":18,"column":35},"end":{"line":26,"column":3}}}},"branchMap":{},"s":{"0":0,"1":0,"2":0,"3":0,"4":0,"5":0,"6":0},"f":{"0":0,"1":0},"b":{}}
,"/home/zale/Área de Trabalho/ignite/nodejs/src/modules/car/infra/typeorm/mapper/SpecificationMapper.ts": {"path":"/home/zale/Área de Trabalho/ignite/nodejs/src/modules/car/infra/typeorm/mapper/SpecificationMapper.ts","statementMap":{"0":{"start":{"line":1,"column":0},"end":{"line":1,"column":59}},"1":{"start":{"line":2,"column":0},"end":{"line":2,"column":48}},"2":{"start":{"line":4,"column":0},"end":{"line":4,"column":54}},"3":{"start":{"line":8,"column":36},"end":{"line":8,"column":78}},"4":{"start":{"line":9,"column":4},"end":{"line":15,"column":7}},"5":{"start":{"line":19,"column":4},"end":{"line":25,"column":7}},"6":{"start":{"line":29,"column":9},"end":{"line":29,"column":28}}},"fnMap":{"0":{"name":"(anonymous_1)","decl":{"start":{"line":7,"column":2},"end":{"line":7,"column":8}},"loc":{"start":{"line":7,"column":52},"end":{"line":16,"column":3}}},"1":{"name":"(anonymous_2)","decl":{"start":{"line":18,"column":2},"end":{"line":18,"column":8}},"loc":{"start":{"line":18,"column":45},"end":{"line":26,"column":3}}}},"branchMap":{},"s":{"0":0,"1":0,"2":0,"3":0,"4":0,"5":0,"6":0},"f":{"0":0,"1":0},"b":{}}
,"/home/zale/Área de Trabalho/ignite/nodejs/src/modules/car/infra/typeorm/repositories/CarImageRepository.ts": {"path":"/home/zale/Área de Trabalho/ignite/nodejs/src/modules/car/infra/typeorm/repositories/CarImageRepository.ts","statementMap":{"0":{"start":{"line":3,"column":0},"end":{"line":3,"column":48}},"1":{"start":{"line":6,"column":0},"end":{"line":6,"column":51}},"2":{"start":{"line":7,"column":0},"end":{"line":7,"column":58}},"3":{"start":{"line":12,"column":4},"end":{"line":12,"column":67}},"4":{"start":{"line":15,"column":47},"end":{"line":15,"column":49}},"5":{"start":{"line":16,"column":4},"end":{"line":18,"column":6}},"6":{"start":{"line":17,"column":6},"end":{"line":17,"column":67}},"7":{"start":{"line":20,"column":4},"end":{"line":20,"column":48}},"8":{"start":{"line":24,"column":9},"end":{"line":24,"column":27}}},"fnMap":{"0":{"name":"(anonymous_8)","decl":{"start":{"line":11,"column":2},"end":{"line":11,"column":null}},"loc":{"start":{"line":11,"column":2},"end":{"line":13,"column":3}}},"1":{"name":"(anonymous_9)","decl":{"start":{"line":14,"column":8},"end":{"line":14,"column":16}},"loc":{"start":{"line":14,"column":37},"end":{"line":21,"column":null}}},"2":{"name":"(anonymous_11)","decl":{"start":{"line":16,"column":21},"end":{"line":16,"column":22}},"loc":{"start":{"line":17,"column":6},"end":{"line":17,"column":67}}}},"branchMap":{},"s":{"0":0,"1":0,"2":0,"3":0,"4":0,"5":0,"6":0,"7":0,"8":0},"f":{"0":0,"1":0,"2":0},"b":{}}
,"/home/zale/Área de Trabalho/ignite/nodejs/src/modules/car/infra/typeorm/repositories/CarRepository.ts": {"path":"/home/zale/Área de Trabalho/ignite/nodejs/src/modules/car/infra/typeorm/repositories/CarRepository.ts","statementMap":{"0":{"start":{"line":6,"column":0},"end":{"line":6,"column":48}},"1":{"start":{"line":9,"column":0},"end":{"line":9,"column":41}},"2":{"start":{"line":10,"column":0},"end":{"line":10,"column":48}},"3":{"start":{"line":16,"column":4},"end":{"line":16,"column":65}},"4":{"start":{"line":20,"column":4},"end":{"line":20,"column":60}},"5":{"start":{"line":24,"column":24},"end":{"line":24,"column":26}},"6":{"start":{"line":25,"column":24},"end":{"line":25,"column":55}},"7":{"start":{"line":26,"column":4},"end":{"line":26,"column":68}},"8":{"start":{"line":26,"column":33},"end":{"line":26,"column":66}},"9":{"start":{"line":27,"column":4},"end":{"line":27,"column":16}},"10":{"start":{"line":31,"column":16},"end":{"line":37,"column":6}},"11":{"start":{"line":38,"column":4},"end":{"line":38,"column":26}},"12":{"start":{"line":38,"column":14},"end":{"line":38,"column":26}},"13":{"start":{"line":39,"column":4},"end":{"line":39,"column":34}},"14":{"start":{"line":43,"column":16},"end":{"line":50,"column":6}},"15":{"start":{"line":51,"column":4},"end":{"line":51,"column":26}},"16":{"start":{"line":51,"column":14},"end":{"line":51,"column":26}},"17":{"start":{"line":52,"column":4},"end":{"line":52,"column":34}},"18":{"start":{"line":60,"column":24},"end":{"line":60,"column":26}},"19":{"start":{"line":62,"column":18},"end":{"line":64,"column":59}},"20":{"start":{"line":66,"column":4},"end":{"line":69,"column":9}},"21":{"start":{"line":67,"column":6},"end":{"line":69,"column":9}},"22":{"start":{"line":70,"column":4},"end":{"line":73,"column":9}},"23":{"start":{"line":71,"column":6},"end":{"line":73,"column":9}},"24":{"start":{"line":74,"column":4},"end":{"line":74,"column":80}},"25":{"start":{"line":74,"column":20},"end":{"line":74,"column":80}},"26":{"start":{"line":76,"column":24},"end":{"line":76,"column":45}},"27":{"start":{"line":78,"column":4},"end":{"line":80,"column":7}},"28":{"start":{"line":79,"column":6},"end":{"line":79,"column":40}},"29":{"start":{"line":82,"column":4},"end":{"line":82,"column":16}},"30":{"start":{"line":86,"column":9},"end":{"line":86,"column":22}}},"fnMap":{"0":{"name":"(anonymous_8)","decl":{"start":{"line":15,"column":2},"end":{"line":15,"column":null}},"loc":{"start":{"line":15,"column":2},"end":{"line":17,"column":3}}},"1":{"name":"(anonymous_9)","decl":{"start":{"line":19,"column":8},"end":{"line":19,"column":12}},"loc":{"start":{"line":19,"column":21},"end":{"line":21,"column":null}}},"2":{"name":"(anonymous_11)","decl":{"start":{"line":23,"column":8},"end":{"line":23,"column":12}},"loc":{"start":{"line":23,"column":12},"end":{"line":28,"column":null}}},"3":{"name":"(anonymous_13)","decl":{"start":{"line":26,"column":24},"end":{"line":26,"column":25}},"loc":{"start":{"line":26,"column":33},"end":{"line":26,"column":66}}},"4":{"name":"(anonymous_14)","decl":{"start":{"line":30,"column":8},"end":{"line":30,"column":16}},"loc":{"start":{"line":30,"column":27},"end":{"line":40,"column":null}}},"5":{"name":"(anonymous_16)","decl":{"start":{"line":42,"column":8},"end":{"line":42,"column":26}},"loc":{"start":{"line":42,"column":47},"end":{"line":53,"column":null}}},"6":{"name":"(anonymous_18)","decl":{"start":{"line":55,"column":8},"end":{"line":55,"column":26}},"loc":{"start":{"line":59,"column":25},"end":{"line":83,"column":null}}},"7":{"name":"(anonymous_20)","decl":{"start":{"line":78,"column":24},"end":{"line":78,"column":25}},"loc":{"start":{"line":78,"column":32},"end":{"line":80,"column":5}}}},"branchMap":{"0":{"loc":{"start":{"line":38,"column":4},"end":{"line":38,"column":26}},"type":"if","locations":[{"start":{"line":38,"column":4},"end":{"line":38,"column":26}}]},"1":{"loc":{"start":{"line":51,"column":4},"end":{"line":51,"column":26}},"type":"if","locations":[{"start":{"line":51,"column":4},"end":{"line":51,"column":26}}]},"2":{"loc":{"start":{"line":66,"column":4},"end":{"line":69,"column":9}},"type":"if","locations":[{"start":{"line":66,"column":4},"end":{"line":69,"column":9}}]},"3":{"loc":{"start":{"line":70,"column":4},"end":{"line":73,"column":9}},"type":"if","locations":[{"start":{"line":70,"column":4},"end":{"line":73,"column":9}}]},"4":{"loc":{"start":{"line":74,"column":4},"end":{"line":74,"column":80}},"type":"if","locations":[{"start":{"line":74,"column":4},"end":{"line":74,"column":80}}]}},"s":{"0":0,"1":0,"2":0,"3":0,"4":0,"5":0,"6":0,"7":0,"8":0,"9":0,"10":0,"11":0,"12":0,"13":0,"14":0,"15":0,"16":0,"17":0,"18":0,"19":0,"20":0,"21":0,"22":0,"23":0,"24":0,"25":0,"26":0,"27":0,"28":0,"29":0,"30":0},"f":{"0":0,"1":0,"2":0,"3":0,"4":0,"5":0,"6":0,"7":0},"b":{"0":[0],"1":[0],"2":[0],"3":[0],"4":[0]}}
,"/home/zale/Área de Trabalho/ignite/nodejs/src/modules/car/infra/typeorm/repositories/CategoryRepository.ts": {"path":"/home/zale/Área de Trabalho/ignite/nodejs/src/modules/car/infra/typeorm/repositories/CategoryRepository.ts","statementMap":{"0":{"start":{"line":3,"column":0},"end":{"line":3,"column":48}},"1":{"start":{"line":6,"column":0},"end":{"line":6,"column":51}},"2":{"start":{"line":7,"column":0},"end":{"line":7,"column":58}},"3":{"start":{"line":13,"column":4},"end":{"line":13,"column":67}},"4":{"start":{"line":17,"column":4},"end":{"line":17,"column":67}},"5":{"start":{"line":21,"column":49},"end":{"line":21,"column":51}},"6":{"start":{"line":22,"column":4},"end":{"line":24,"column":6}},"7":{"start":{"line":23,"column":6},"end":{"line":23,"column":64}},"8":{"start":{"line":25,"column":4},"end":{"line":25,"column":50}},"9":{"start":{"line":29,"column":35},"end":{"line":29,"column":37}},"10":{"start":{"line":31,"column":30},"end":{"line":31,"column":58}},"11":{"start":{"line":33,"column":4},"end":{"line":35,"column":6}},"12":{"start":{"line":34,"column":6},"end":{"line":34,"column":55}},"13":{"start":{"line":37,"column":4},"end":{"line":37,"column":22}},"14":{"start":{"line":41,"column":21},"end":{"line":44,"column":15}},"15":{"start":{"line":46,"column":4},"end":{"line":46,"column":31}},"16":{"start":{"line":46,"column":19},"end":{"line":46,"column":31}},"17":{"start":{"line":48,"column":4},"end":{"line":48,"column":44}},"18":{"start":{"line":52,"column":9},"end":{"line":52,"column":27}}},"fnMap":{"0":{"name":"(anonymous_8)","decl":{"start":{"line":12,"column":2},"end":{"line":12,"column":null}},"loc":{"start":{"line":12,"column":2},"end":{"line":14,"column":3}}},"1":{"name":"(anonymous_9)","decl":{"start":{"line":16,"column":8},"end":{"line":16,"column":12}},"loc":{"start":{"line":16,"column":31},"end":{"line":18,"column":null}}},"2":{"name":"(anonymous_11)","decl":{"start":{"line":20,"column":8},"end":{"line":20,"column":16}},"loc":{"start":{"line":20,"column":39},"end":{"line":26,"column":null}}},"3":{"name":"(anonymous_13)","decl":{"start":{"line":22,"column":23},"end":{"line":22,"column":24}},"loc":{"start":{"line":23,"column":6},"end":{"line":23,"column":64}}},"4":{"name":"(anonymous_14)","decl":{"start":{"line":28,"column":8},"end":{"line":28,"column":12}},"loc":{"start":{"line":28,"column":12},"end":{"line":38,"column":null}}},"5":{"name":"(anonymous_16)","decl":{"start":{"line":33,"column":30},"end":{"line":33,"column":31}},"loc":{"start":{"line":34,"column":6},"end":{"line":34,"column":55}}},"6":{"name":"(anonymous_17)","decl":{"start":{"line":40,"column":8},"end":{"line":40,"column":18}},"loc":{"start":{"line":40,"column":31},"end":{"line":49,"column":null}}}},"branchMap":{"0":{"loc":{"start":{"line":46,"column":4},"end":{"line":46,"column":31}},"type":"if","locations":[{"start":{"line":46,"column":4},"end":{"line":46,"column":31}}]}},"s":{"0":0,"1":0,"2":0,"3":0,"4":0,"5":0,"6":0,"7":0,"8":0,"9":0,"10":0,"11":0,"12":0,"13":0,"14":0,"15":0,"16":0,"17":0,"18":0},"f":{"0":0,"1":0,"2":0,"3":0,"4":0,"5":0,"6":0},"b":{"0":[0]}}
,"/home/zale/Área de Trabalho/ignite/nodejs/src/modules/car/infra/typeorm/repositories/SpecificationRepository.ts": {"path":"/home/zale/Área de Trabalho/ignite/nodejs/src/modules/car/infra/typeorm/repositories/SpecificationRepository.ts","statementMap":{"0":{"start":{"line":3,"column":0},"end":{"line":3,"column":48}},"1":{"start":{"line":4,"column":0},"end":{"line":4,"column":41}},"2":{"start":{"line":6,"column":0},"end":{"line":6,"column":61}},"3":{"start":{"line":7,"column":0},"end":{"line":7,"column":68}},"4":{"start":{"line":13,"column":4},"end":{"line":13,"column":72}},"5":{"start":{"line":17,"column":4},"end":{"line":17,"column":77}},"6":{"start":{"line":21,"column":58},"end":{"line":21,"column":60}},"7":{"start":{"line":22,"column":4},"end":{"line":24,"column":7}},"8":{"start":{"line":23,"column":6},"end":{"line":23,"column":79}},"9":{"start":{"line":26,"column":4},"end":{"line":26,"column":54}},"10":{"start":{"line":30,"column":44},"end":{"line":30,"column":46}},"11":{"start":{"line":32,"column":34},"end":{"line":32,"column":62}},"12":{"start":{"line":33,"column":4},"end":{"line":35,"column":7}},"13":{"start":{"line":34,"column":6},"end":{"line":34,"column":70}},"14":{"start":{"line":37,"column":4},"end":{"line":37,"column":26}},"15":{"start":{"line":41,"column":26},"end":{"line":44,"column":15}},"16":{"start":{"line":45,"column":4},"end":{"line":45,"column":36}},"17":{"start":{"line":45,"column":24},"end":{"line":45,"column":36}},"18":{"start":{"line":47,"column":4},"end":{"line":47,"column":54}},"19":{"start":{"line":51,"column":26},"end":{"line":51,"column":65}},"20":{"start":{"line":52,"column":4},"end":{"line":52,"column":36}},"21":{"start":{"line":52,"column":24},"end":{"line":52,"column":36}},"22":{"start":{"line":54,"column":4},"end":{"line":54,"column":54}},"23":{"start":{"line":58,"column":44},"end":{"line":58,"column":46}},"24":{"start":{"line":60,"column":34},"end":{"line":60,"column":79}},"25":{"start":{"line":61,"column":4},"end":{"line":63,"column":7}},"26":{"start":{"line":62,"column":6},"end":{"line":62,"column":70}},"27":{"start":{"line":65,"column":4},"end":{"line":65,"column":26}},"28":{"start":{"line":69,"column":9},"end":{"line":69,"column":32}}},"fnMap":{"0":{"name":"(anonymous_8)","decl":{"start":{"line":12,"column":2},"end":{"line":12,"column":null}},"loc":{"start":{"line":12,"column":2},"end":{"line":14,"column":3}}},"1":{"name":"(anonymous_9)","decl":{"start":{"line":16,"column":8},"end":{"line":16,"column":12}},"loc":{"start":{"line":16,"column":41},"end":{"line":18,"column":null}}},"2":{"name":"(anonymous_11)","decl":{"start":{"line":20,"column":8},"end":{"line":20,"column":16}},"loc":{"start":{"line":20,"column":48},"end":{"line":27,"column":null}}},"3":{"name":"(anonymous_13)","decl":{"start":{"line":22,"column":27},"end":{"line":22,"column":28}},"loc":{"start":{"line":22,"column":45},"end":{"line":24,"column":5}}},"4":{"name":"(anonymous_14)","decl":{"start":{"line":29,"column":8},"end":{"line":29,"column":12}},"loc":{"start":{"line":29,"column":12},"end":{"line":38,"column":null}}},"5":{"name":"(anonymous_16)","decl":{"start":{"line":33,"column":34},"end":{"line":33,"column":35}},"loc":{"start":{"line":33,"column":52},"end":{"line":35,"column":5}}},"6":{"name":"(anonymous_17)","decl":{"start":{"line":40,"column":8},"end":{"line":40,"column":18}},"loc":{"start":{"line":40,"column":31},"end":{"line":48,"column":null}}},"7":{"name":"(anonymous_19)","decl":{"start":{"line":50,"column":8},"end":{"line":50,"column":16}},"loc":{"start":{"line":50,"column":27},"end":{"line":55,"column":null}}},"8":{"name":"(anonymous_21)","decl":{"start":{"line":57,"column":8},"end":{"line":57,"column":17}},"loc":{"start":{"line":57,"column":31},"end":{"line":66,"column":null}}},"9":{"name":"(anonymous_23)","decl":{"start":{"line":61,"column":34},"end":{"line":61,"column":35}},"loc":{"start":{"line":61,"column":52},"end":{"line":63,"column":5}}}},"branchMap":{"0":{"loc":{"start":{"line":45,"column":4},"end":{"line":45,"column":36}},"type":"if","locations":[{"start":{"line":45,"column":4},"end":{"line":45,"column":36}}]},"1":{"loc":{"start":{"line":52,"column":4},"end":{"line":52,"column":36}},"type":"if","locations":[{"start":{"line":52,"column":4},"end":{"line":52,"column":36}}]}},"s":{"0":0,"1":0,"2":0,"3":0,"4":0,"5":0,"6":0,"7":0,"8":0,"9":0,"10":0,"11":0,"12":0,"13":0,"14":0,"15":0,"16":0,"17":0,"18":0,"19":0,"20":0,"21":0,"22":0,"23":0,"24":0,"25":0,"26":0,"27":0,"28":0},"f":{"0":0,"1":0,"2":0,"3":0,"4":0,"5":0,"6":0,"7":0,"8":0,"9":0},"b":{"0":[0],"1":[0]}}
,"/home/zale/Área de Trabalho/ignite/nodejs/src/modules/car/models/Car.ts": {"path":"/home/zale/Área de Trabalho/ignite/nodejs/src/modules/car/models/Car.ts","statementMap":{"0":{"start":{"line":3,"column":0},"end":{"line":3,"column":36}},"1":{"start":{"line":43,"column":4},"end":{"line":43,"column":50}},"2":{"start":{"line":44,"column":22},"end":{"line":44,"column":62}},"3":{"start":{"line":45,"column":22},"end":{"line":45,"column":68}},"4":{"start":{"line":46,"column":22},"end":{"line":46,"column":68}},"5":{"start":{"line":47,"column":4},"end":{"line":52,"column":6}},"6":{"start":{"line":56,"column":4},"end":{"line":56,"column":20}},"7":{"start":{"line":60,"column":4},"end":{"line":60,"column":27}},"8":{"start":{"line":63,"column":4},"end":{"line":63,"column":27}},"9":{"start":{"line":64,"column":4},"end":{"line":64,"column":18}},"10":{"start":{"line":68,"column":4},"end":{"line":68,"column":34}},"11":{"start":{"line":71,"column":4},"end":{"line":71,"column":41}},"12":{"start":{"line":72,"column":4},"end":{"line":72,"column":18}},"13":{"start":{"line":76,"column":4},"end":{"line":76,"column":32}},"14":{"start":{"line":79,"column":4},"end":{"line":79,"column":37}},"15":{"start":{"line":80,"column":4},"end":{"line":80,"column":18}},"16":{"start":{"line":84,"column":4},"end":{"line":84,"column":32}},"17":{"start":{"line":87,"column":4},"end":{"line":87,"column":33}},"18":{"start":{"line":88,"column":4},"end":{"line":88,"column":18}},"19":{"start":{"line":91,"column":4},"end":{"line":91,"column":32}},"20":{"start":{"line":92,"column":4},"end":{"line":92,"column":18}},"21":{"start":{"line":96,"column":4},"end":{"line":96,"column":35}},"22":{"start":{"line":99,"column":4},"end":{"line":99,"column":43}},"23":{"start":{"line":100,"column":4},"end":{"line":100,"column":18}},"24":{"start":{"line":104,"column":4},"end":{"line":104,"column":33}},"25":{"start":{"line":107,"column":4},"end":{"line":107,"column":39}},"26":{"start":{"line":108,"column":4},"end":{"line":108,"column":18}},"27":{"start":{"line":112,"column":4},"end":{"line":112,"column":28}},"28":{"start":{"line":115,"column":4},"end":{"line":115,"column":29}},"29":{"start":{"line":116,"column":4},"end":{"line":116,"column":18}},"30":{"start":{"line":120,"column":4},"end":{"line":120,"column":33}},"31":{"start":{"line":123,"column":4},"end":{"line":123,"column":39}},"32":{"start":{"line":124,"column":4},"end":{"line":124,"column":18}},"33":{"start":{"line":128,"column":4},"end":{"line":128,"column":31}},"34":{"start":{"line":131,"column":4},"end":{"line":131,"column":35}},"35":{"start":{"line":135,"column":4},"end":{"line":135,"column":37}},"36":{"start":{"line":138,"column":4},"end":{"line":138,"column":47}},"37":{"start":{"line":139,"column":4},"end":{"line":139,"column":18}},"38":{"start":{"line":143,"column":4},"end":{"line":143,"column":32}},"39":{"start":{"line":146,"column":4},"end":{"line":146,"column":32}},"40":{"start":{"line":149,"column":4},"end":{"line":149,"column":38}},"41":{"start":{"line":153,"column":0},"end":{"line":153,"column":19}}},"fnMap":{"0":{"name":"(anonymous_0)","decl":{"start":{"line":42,"column":2},"end":{"line":42,"column":14}},"loc":{"start":{"line":42,"column":36},"end":{"line":53,"column":3}}},"1":{"name":"(anonymous_1)","decl":{"start":{"line":55,"column":2},"end":{"line":55,"column":13}},"loc":{"start":{"line":55,"column":15},"end":{"line":57,"column":3}}},"2":{"name":"(anonymous_2)","decl":{"start":{"line":59,"column":2},"end":{"line":59,"column":13}},"loc":{"start":{"line":59,"column":17},"end":{"line":61,"column":3}}},"3":{"name":"(anonymous_3)","decl":{"start":{"line":62,"column":2},"end":{"line":62,"column":13}},"loc":{"start":{"line":62,"column":30},"end":{"line":65,"column":3}}},"4":{"name":"(anonymous_4)","decl":{"start":{"line":67,"column":2},"end":{"line":67,"column":13}},"loc":{"start":{"line":67,"column":24},"end":{"line":69,"column":3}}},"5":{"name":"(anonymous_5)","decl":{"start":{"line":70,"column":2},"end":{"line":70,"column":13}},"loc":{"start":{"line":70,"column":44},"end":{"line":73,"column":3}}},"6":{"name":"(anonymous_6)","decl":{"start":{"line":75,"column":2},"end":{"line":75,"column":13}},"loc":{"start":{"line":75,"column":22},"end":{"line":77,"column":3}}},"7":{"name":"(anonymous_7)","decl":{"start":{"line":78,"column":2},"end":{"line":78,"column":13}},"loc":{"start":{"line":78,"column":40},"end":{"line":81,"column":3}}},"8":{"name":"(anonymous_8)","decl":{"start":{"line":83,"column":2},"end":{"line":83,"column":13}},"loc":{"start":{"line":83,"column":22},"end":{"line":85,"column":3}}},"9":{"name":"(anonymous_9)","decl":{"start":{"line":86,"column":9},"end":{"line":86,"column":16}},"loc":{"start":{"line":86,"column":16},"end":{"line":89,"column":3}}},"10":{"name":"(anonymous_10)","decl":{"start":{"line":90,"column":9},"end":{"line":90,"column":18}},"loc":{"start":{"line":90,"column":18},"end":{"line":93,"column":3}}},"11":{"name":"(anonymous_11)","decl":{"start":{"line":95,"column":2},"end":{"line":95,"column":13}},"loc":{"start":{"line":95,"column":25},"end":{"line":97,"column":3}}},"12":{"name":"(anonymous_12)","decl":{"start":{"line":98,"column":2},"end":{"line":98,"column":13}},"loc":{"start":{"line":98,"column":46},"end":{"line":101,"column":3}}},"13":{"name":"(anonymous_13)","decl":{"start":{"line":103,"column":2},"end":{"line":103,"column":13}},"loc":{"start":{"line":103,"column":23},"end":{"line":105,"column":3}}},"14":{"name":"(anonymous_14)","decl":{"start":{"line":106,"column":2},"end":{"line":106,"column":13}},"loc":{"start":{"line":106,"column":42},"end":{"line":109,"column":3}}},"15":{"name":"(anonymous_15)","decl":{"start":{"line":111,"column":2},"end":{"line":111,"column":13}},"loc":{"start":{"line":111,"column":18},"end":{"line":113,"column":3}}},"16":{"name":"(anonymous_16)","decl":{"start":{"line":114,"column":2},"end":{"line":114,"column":13}},"loc":{"start":{"line":114,"column":32},"end":{"line":117,"column":3}}},"17":{"name":"(anonymous_17)","decl":{"start":{"line":119,"column":2},"end":{"line":119,"column":13}},"loc":{"start":{"line":119,"column":23},"end":{"line":121,"column":3}}},"18":{"name":"(anonymous_18)","decl":{"start":{"line":122,"column":2},"end":{"line":122,"column":13}},"loc":{"start":{"line":122,"column":42},"end":{"line":125,"column":3}}},"19":{"name":"(anonymous_19)","decl":{"start":{"line":127,"column":2},"end":{"line":127,"column":13}},"loc":{"start":{"line":127,"column":21},"end":{"line":129,"column":3}}},"20":{"name":"(anonymous_20)","decl":{"start":{"line":130,"column":2},"end":{"line":130,"column":13}},"loc":{"start":{"line":130,"column":40},"end":{"line":132,"column":3}}},"21":{"name":"(anonymous_21)","decl":{"start":{"line":134,"column":2},"end":{"line":134,"column":13}},"loc":{"start":{"line":134,"column":27},"end":{"line":136,"column":3}}},"22":{"name":"(anonymous_22)","decl":{"start":{"line":137,"column":2},"end":{"line":137,"column":13}},"loc":{"start":{"line":137,"column":59},"end":{"line":140,"column":3}}},"23":{"name":"(anonymous_23)","decl":{"start":{"line":142,"column":2},"end":{"line":142,"column":13}},"loc":{"start":{"line":142,"column":22},"end":{"line":144,"column":3}}},"24":{"name":"(anonymous_24)","decl":{"start":{"line":145,"column":2},"end":{"line":145,"column":13}},"loc":{"start":{"line":145,"column":22},"end":{"line":147,"column":3}}},"25":{"name":"(anonymous_25)","decl":{"start":{"line":148,"column":10},"end":{"line":148,"column":16}},"loc":{"start":{"line":148,"column":16},"end":{"line":150,"column":3}}}},"branchMap":{"0":{"loc":{"start":{"line":43,"column":15},"end":{"line":43,"column":49}},"type":"cond-expr","locations":[{"start":{"line":43,"column":26},"end":{"line":43,"column":34}},{"start":{"line":43,"column":37},"end":{"line":43,"column":49}}]},"1":{"loc":{"start":{"line":44,"column":22},"end":{"line":44,"column":62}},"type":"cond-expr","locations":[{"start":{"line":44,"column":40},"end":{"line":44,"column":55}},{"start":{"line":44,"column":58},"end":{"line":44,"column":62}}]},"2":{"loc":{"start":{"line":45,"column":22},"end":{"line":45,"column":68}},"type":"cond-expr","locations":[{"start":{"line":45,"column":40},"end":{"line":45,"column":55}},{"start":{"line":45,"column":58},"end":{"line":45,"column":68}}]},"3":{"loc":{"start":{"line":46,"column":22},"end":{"line":46,"column":68}},"type":"cond-expr","locations":[{"start":{"line":46,"column":40},"end":{"line":46,"column":55}},{"start":{"line":46,"column":58},"end":{"line":46,"column":68}}]}},"s":{"0":4,"1":7,"2":7,"3":7,"4":7,"5":7,"6":13,"7":6,"8":0,"9":0,"10":0,"11":0,"12":0,"13":0,"14":0,"15":0,"16":21,"17":1,"18":1,"19":1,"20":1,"21":17,"22":0,"23":0,"2
[...]
n":4},"end":{"line":82,"column":38}},"21":{"start":{"line":86,"column":4},"end":{"line":86,"column":32}},"22":{"start":{"line":90,"column":4},"end":{"line":90,"column":32}},"23":{"start":{"line":94,"column":0},"end":{"line":94,"column":22}}},"fnMap":{"0":{"name":"(anonymous_0)","decl":{"start":{"line":30,"column":2},"end":{"line":30,"column":14}},"loc":{"start":{"line":30,"column":39},"end":{"line":43,"column":3}}},"1":{"name":"(anonymous_1)","decl":{"start":{"line":45,"column":2},"end":{"line":45,"column":13}},"loc":{"start":{"line":45,"column":15},"end":{"line":47,"column":3}}},"2":{"name":"(anonymous_2)","decl":{"start":{"line":49,"column":2},"end":{"line":49,"column":13}},"loc":{"start":{"line":49,"column":18},"end":{"line":51,"column":3}}},"3":{"name":"(anonymous_3)","decl":{"start":{"line":52,"column":2},"end":{"line":52,"column":13}},"loc":{"start":{"line":52,"column":32},"end":{"line":55,"column":3}}},"4":{"name":"(anonymous_4)","decl":{"start":{"line":57,"column":2},"end":{"line":57,"column":13}},"loc":{"start":{"line":57,"column":19},"end":{"line":59,"column":3}}},"5":{"name":"(anonymous_5)","decl":{"start":{"line":61,"column":2},"end":{"line":61,"column":13}},"loc":{"start":{"line":61,"column":22},"end":{"line":63,"column":3}}},"6":{"name":"(anonymous_6)","decl":{"start":{"line":64,"column":2},"end":{"line":64,"column":13}},"loc":{"start":{"line":64,"column":38},"end":{"line":67,"column":3}}},"7":{"name":"(anonymous_7)","decl":{"start":{"line":69,"column":2},"end":{"line":69,"column":13}},"loc":{"start":{"line":69,"column":20},"end":{"line":71,"column":3}}},"8":{"name":"(anonymous_8)","decl":{"start":{"line":72,"column":2},"end":{"line":72,"column":13}},"loc":{"start":{"line":72,"column":34},"end":{"line":75,"column":3}}},"9":{"name":"(anonymous_9)","decl":{"start":{"line":77,"column":2},"end":{"line":77,"column":13}},"loc":{"start":{"line":77,"column":31},"end":{"line":79,"column":3}}},"10":{"name":"(anonymous_10)","decl":{"start":{"line":80,"column":2},"end":{"line":80,"column":13}},"loc":{"start":{"line":80,"column":56},"end":{"line":83,"column":3}}},"11":{"name":"(anonymous_11)","decl":{"start":{"line":85,"column":2},"end":{"line":85,"column":13}},"loc":{"start":{"line":85,"column":22},"end":{"line":87,"column":3}}},"12":{"name":"(anonymous_12)","decl":{"start":{"line":89,"column":2},"end":{"line":89,"column":13}},"loc":{"start":{"line":89,"column":22},"end":{"line":91,"column":3}}}},"branchMap":{"0":{"loc":{"start":{"line":31,"column":15},"end":{"line":31,"column":49}},"type":"cond-expr","locations":[{"start":{"line":31,"column":26},"end":{"line":31,"column":34}},{"start":{"line":31,"column":37},"end":{"line":31,"column":49}}]},"1":{"loc":{"start":{"line":32,"column":22},"end":{"line":32,"column":68}},"type":"cond-expr","locations":[{"start":{"line":32,"column":40},"end":{"line":32,"column":55}},{"start":{"line":32,"column":58},"end":{"line":32,"column":68}}]},"2":{"loc":{"start":{"line":33,"column":22},"end":{"line":33,"column":68}},"type":"cond-expr","locations":[{"start":{"line":33,"column":40},"end":{"line":33,"column":55}},{"start":{"line":33,"column":58},"end":{"line":33,"column":68}}]},"3":{"loc":{"start":{"line":34,"column":22},"end":{"line":34,"column":68}},"type":"cond-expr","locations":[{"start":{"line":34,"column":40},"end":{"line":34,"column":55}},{"start":{"line":34,"column":58},"end":{"line":34,"column":68}}]},"4":{"loc":{"start":{"line":35,"column":20},"end":{"line":35,"column":56}},"type":"cond-expr","locations":[{"start":{"line":35,"column":36},"end":{"line":35,"column":49}},{"start":{"line":35,"column":52},"end":{"line":35,"column":56}}]}},"s":{"0":1,"1":1,"2":1,"3":1,"4":1,"5":1,"6":1,"7":1,"8":0,"9":0,"10":0,"11":0,"12":0,"13":0,"14":0,"15":1,"16":0,"17":0,"18":0,"19":0,"20":0,"21":0,"22":0,"23":1},"f":{"0":1,"1":1,"2":0,"3":0,"4":0,"5":0,"6":0,"7":1,"8":0,"9":0,"10":0,"11":0,"12":0},"b":{"0":[0,1],"1":[0,1],"2":[0,1],"3":[0,1],"4":[0,1]}}
,"/home/zale/Área de Trabalho/ignite/nodejs/src/modules/rental/repositories/inMemory/RentalRepository.ts": {"path":"/home/zale/Área de Trabalho/ignite/nodejs/src/modules/rental/repositories/inMemory/RentalRepository.ts","statementMap":{"0":{"start":{"line":9,"column":4},"end":{"line":9,"column":22}},"1":{"start":{"line":13,"column":4},"end":{"line":13,"column":30}},"2":{"start":{"line":17,"column":19},"end":{"line":18,"column":null}},"3":{"start":{"line":18,"column":18},"end":{"line":18,"column":67}},"4":{"start":{"line":20,"column":4},"end":{"line":20,"column":29}},"5":{"start":{"line":20,"column":17},"end":{"line":20,"column":29}},"6":{"start":{"line":21,"column":4},"end":{"line":21,"column":18}},"7":{"start":{"line":25,"column":19},"end":{"line":26,"column":null}},"8":{"start":{"line":26,"column":18},"end":{"line":26,"column":69}},"9":{"start":{"line":28,"column":4},"end":{"line":28,"column":29}},"10":{"start":{"line":28,"column":17},"end":{"line":28,"column":29}},"11":{"start":{"line":29,"column":4},"end":{"line":29,"column":18}},"12":{"start":{"line":33,"column":9},"end":{"line":33,"column":33}}},"fnMap":{"0":{"name":"(anonymous_7)","decl":{"start":{"line":8,"column":2},"end":{"line":8,"column":null}},"loc":{"start":{"line":8,"column":2},"end":{"line":10,"column":3}}},"1":{"name":"(anonymous_8)","decl":{"start":{"line":12,"column":8},"end":{"line":12,"column":12}},"loc":{"start":{"line":12,"column":27},"end":{"line":14,"column":null}}},"2":{"name":"(anonymous_10)","decl":{"start":{"line":16,"column":8},"end":{"line":16,"column":29}},"loc":{"start":{"line":16,"column":43},"end":{"line":22,"column":null}}},"3":{"name":"(anonymous_12)","decl":{"start":{"line":18,"column":6},"end":{"line":18,"column":7}},"loc":{"start":{"line":18,"column":18},"end":{"line":18,"column":67}}},"4":{"name":"(anonymous_13)","decl":{"start":{"line":24,"column":8},"end":{"line":24,"column":30}},"loc":{"start":{"line":24,"column":45},"end":{"line":30,"column":null}}},"5":{"name":"(anonymous_15)","decl":{"start":{"line":26,"column":6},"end":{"line":26,"column":7}},"loc":{"start":{"line":26,"column":18},"end":{"line":26,"column":69}}}},"branchMap":{"0":{"loc":{"start":{"line":18,"column":18},"end":{"line":18,"column":67}},"type":"binary-expr","locations":[{"start":{"line":18,"column":18},"end":{"line":18,"column":40}},{"start":{"line":18,"column":44},"end":{"line":18,"column":67}}]},"1":{"loc":{"start":{"line":20,"column":4},"end":{"line":20,"column":29}},"type":"if","locations":[{"start":{"line":20,"column":4},"end":{"line":20,"column":29}}]},"2":{"loc":{"start":{"line":26,"column":18},"end":{"line":26,"column":69}},"type":"binary-expr","locations":[{"start":{"line":26,"column":18},"end":{"line":26,"column":42}},{"start":{"line":26,"column":46},"end":{"line":26,"column":69}}]},"3":{"loc":{"start":{"line":28,"column":4},"end":{"line":28,"column":29}},"type":"if","locations":[{"start":{"line":28,"column":4},"end":{"line":28,"column":29}}]}},"s":{"0":1,"1":0,"2":1,"3":0,"4":1,"5":1,"6":0,"7":1,"8":0,"9":1,"10":1,"11":0,"12":1},"f":{"0":1,"1":0,"2":1,"3":0,"4":1,"5":0},"b":{"0":[0,0],"1":[1],"2":[0,0],"3":[1]}}
,"/home/zale/Área de Trabalho/ignite/nodejs/src/modules/rental/useCases/Rental/createRental/CreateRentalController.ts": {"path":"/home/zale/Área de Trabalho/ignite/nodejs/src/modules/rental/useCases/Rental/createRental/CreateRentalController.ts","statementMap":{"0":{"start":{"line":5,"column":4},"end":{"line":5,"column":46}},"1":{"start":{"line":9,"column":9},"end":{"line":9,"column":31}}},"fnMap":{"0":{"name":"(anonymous_7)","decl":{"start":{"line":4,"column":8},"end":{"line":4,"column":14}},"loc":{"start":{"line":4,"column":42},"end":{"line":6,"column":null}}}},"branchMap":{},"s":{"0":0,"1":0},"f":{"0":0},"b":{}}
,"/home/zale/Área de Trabalho/ignite/nodejs/src/modules/rental/useCases/Rental/createRental/CreateRentalService.ts": {"path":"/home/zale/Área de Trabalho/ignite/nodejs/src/modules/rental/useCases/Rental/createRental/CreateRentalService.ts","statementMap":{"0":{"start":{"line":3,"column":0},"end":{"line":3,"column":43}},"1":{"start":{"line":6,"column":0},"end":{"line":6,"column":47}},"2":{"start":{"line":16,"column":12},"end":{"line":16,"column":47}},"3":{"start":{"line":17,"column":12},"end":{"line":17,"column":41}},"4":{"start":{"line":18,"column":12},"end":{"line":18,"column":43}},"5":{"start":{"line":25,"column":28},"end":{"line":25,"column":70}},"6":{"start":{"line":26,"column":4},"end":{"line":26,"column":72}},"7":{"start":{"line":26,"column":26},"end":{"line":26,"column":72}},"8":{"start":{"line":28,"column":27},"end":{"line":28,"column":67}},"9":{"start":{"line":29,"column":4},"end":{"line":29,"column":71}},"10":{"start":{"line":29,"column":25},"end":{"line":29,"column":71}},"11":{"start":{"line":32,"column":6},"end":{"line":32,"column":62}},"12":{"start":{"line":33,"column":4},"end":{"line":33,"column":80}},"13":{"start":{"line":33,"column":28},"end":{"line":33,"column":80}},"14":{"start":{"line":36,"column":6},"end":{"line":36,"column":64}},"15":{"start":{"line":37,"column":4},"end":{"line":38,"column":72}},"16":{"start":{"line":38,"column":6},"end":{"line":38,"column":72}},"17":{"start":{"line":40,"column":19},"end":{"line":44,"column":6}},"18":{"start":{"line":46,"column":4},"end":{"line":46,"column":18}},"19":{"start":{"line":50,"column":9},"end":{"line":50,"column":28}}},"fnMap":{"0":{"name":"(anonymous_8)","decl":{"start":{"line":15,"column":2},"end":{"line":15,"column":null}},"loc":{"start":{"line":18,"column":43},"end":{"line":19,"column":6}}},"1":{"name":"(anonymous_9)","decl":{"start":{"line":20,"column":8},"end":{"line":20,"column":15}},"loc":{"start":{"line":24,"column":13},"end":{"line":47,"column":null}}}},"branchMap":{"0":{"loc":{"start":{"line":26,"column":4},"end":{"line":26,"column":72}},"type":"if","locations":[{"start":{"line":26,"column":4},"end":{"line":26,"column":72}}]},"1":{"loc":{"start":{"line":29,"column":4},"end":{"line":29,"column":71}},"type":"if","locations":[{"start":{"line":29,"column":4},"end":{"line":29,"column":71}}]},"2":{"loc":{"start":{"line":33,"column":4},"end":{"line":33,"column":80}},"type":"if","locations":[{"start":{"line":33,"column":4},"end":{"line":33,"column":80}}]},"3":{"loc":{"start":{"line":37,"column":4},"end":{"line":38,"column":72}},"type":"if","locations":[{"start":{"line":37,"column":4},"end":{"line":38,"column":72}}]}},"s":{"0":1,"1":1,"2":1,"3":1,"4":1,"5":5,"6":5,"7":2,"8":3,"9":3,"10":2,"11":1,"12":1,"13":0,"14":1,"15":1,"16":0,"17":1,"18":1,"19":1},"f":{"0":1,"1":5},"b":{"0":[2],"1":[2],"2":[0],"3":[0]}}
,"/home/zale/Área de Trabalho/ignite/nodejs/src/routes/car.routes.ts": {"path":"/home/zale/Área de Trabalho/ignite/nodejs/src/routes/car.routes.ts","statementMap":{"0":{"start":{"line":1,"column":0},"end":{"line":1,"column":86}},"1":{"start":{"line":2,"column":0},"end":{"line":2,"column":125}},"2":{"start":{"line":3,"column":0},"end":{"line":3,"column":89}},"3":{"start":{"line":4,"column":0},"end":{"line":4,"column":101}},"4":{"start":{"line":5,"column":0},"end":{"line":5,"column":42}},"5":{"start":{"line":6,"column":0},"end":{"line":6,"column":33}},"6":{"start":{"line":7,"column":0},"end":{"line":7,"column":54}},"7":{"start":{"line":8,"column":0},"end":{"line":8,"column":70}},"8":{"start":{"line":9,"column":0},"end":{"line":9,"column":28}},"9":{"start":{"line":11,"column":18},"end":{"line":11,"column":26}},"10":{"start":{"line":33,"column":9},"end":{"line":33,"column":18}},"11":{"start":{"line":13,"column":26},"end":{"line":13,"column":49}},"12":{"start":{"line":14,"column":0},"end":{"line":14,"column":45}},"13":{"start":{"line":16,"column":0},"end":{"line":16,"column":35}},"14":{"start":{"line":17,"column":0},"end":{"line":17,"column":27}},"15":{"start":{"line":19,"column":28},"end":{"line":19,"column":53}},"16":{"start":{"line":20,"column":0},"end":{"line":20,"column":48}},"17":{"start":{"line":22,"column":41},"end":{"line":22,"column":79}},"18":{"start":{"line":23,"column":0},"end":{"line":23,"column":78}},"19":{"start":{"line":25,"column":21},"end":{"line":25,"column":61}},"20":{"start":{"line":26,"column":33},"end":{"line":26,"column":63}},"21":{"start":{"line":27,"column":0},"end":{"line":31,"column":2}}},"fnMap":{},"branchMap":{},"s":{"0":0,"1":0,"2":0,"3":0,"4":0,"5":0,"6":0,"7":0,"8":0,"9":0,"10":0,"11":0,"12":0,"13":0,"14":0,"15":0,"16":0,"17":0,"18":0,"19":0,"20":0,"21":0},"f":{},"b":{}}
,"/home/zale/Área de Trabalho/ignite/nodejs/src/routes/category.routes.ts": {"path":"/home/zale/Área de Trabalho/ignite/nodejs/src/routes/category.routes.ts","statementMap":{"0":{"start":{"line":1,"column":0},"end":{"line":1,"column":33}},"1":{"start":{"line":2,"column":0},"end":{"line":2,"column":54}},"2":{"start":{"line":3,"column":0},"end":{"line":3,"column":28}},"3":{"start":{"line":5,"column":0},"end":{"line":5,"column":44}},"4":{"start":{"line":6,"column":0},"end":{"line":6,"column":73}},"5":{"start":{"line":7,"column":0},"end":{"line":7,"column":116}},"6":{"start":{"line":8,"column":0},"end":{"line":8,"column":122}},"7":{"start":{"line":9,"column":0},"end":{"line":9,"column":116}},"8":{"start":{"line":11,"column":23},"end":{"line":11,"column":31}},"9":{"start":{"line":31,"column":9},"end":{"line":31,"column":23}},"10":{"start":{"line":13,"column":19},"end":{"line":13,"column":53}},"11":{"start":{"line":15,"column":33},"end":{"line":15,"column":63}},"12":{"start":{"line":16,"column":0},"end":{"line":16,"column":57}},"13":{"start":{"line":18,"column":0},"end":{"line":18,"column":40}},"14":{"start":{"line":19,"column":0},"end":{"line":19,"column":32}},"15":{"start":{"line":21,"column":33},"end":{"line":21,"column":63}},"16":{"start":{"line":22,"column":0},"end":{"line":22,"column":58}},"17":{"start":{"line":24,"column":35},"end":{"line":24,"column":67}},"18":{"start":{"line":25,"column":0},"end":{"line":29,"column":2}}},"fnMap":{},"branchMap":{},"s":{"0":0,"1":0,"2":0,"3":0,"4":0,"5":0,"6":0,"7":0,"8":0,"9":0,"10":0,"11":0,"12":0,"13":0,"14":0,"15":0,"16":0,"17":0,"18":0},"f":{},"b":{}}
,"/home/zale/Área de Trabalho/ignite/nodejs/src/routes/routes.ts": {"path":"/home/zale/Área de Trabalho/ignite/nodejs/src/routes/routes.ts","statementMap":{"0":{"start":{"line":1,"column":0},"end":{"line":1,"column":33}},"1":{"start":{"line":3,"column":0},"end":{"line":3,"column":41}},"2":{"start":{"line":4,"column":0},"end":{"line":4,"column":51}},"3":{"start":{"line":5,"column":0},"end":{"line":5,"column":49}},"4":{"start":{"line":6,"column":0},"end":{"line":6,"column":61}},"5":{"start":{"line":7,"column":0},"end":{"line":7,"column":43}},"6":{"start":{"line":9,"column":15},"end":{"line":9,"column":23}},"7":{"start":{"line":17,"column":9},"end":{"line":17,"column":15}},"8":{"start":{"line":11,"column":0},"end":{"line":11,"column":40}},"9":{"start":{"line":12,"column":0},"end":{"line":12,"column":50}},"10":{"start":{"line":13,"column":0},"end":{"line":13,"column":32}},"11":{"start":{"line":14,"column":0},"end":{"line":14,"column":38}},"12":{"start":{"line":15,"column":0},"end":{"line":15,"column":30}}},"fnMap":{},"branchMap":{},"s":{"0":0,"1":0,"2":0,"3":0,"4":0,"5":0,"6":0,"7":0,"8":0,"9":0,"10":0,"11":0,"12":0},"f":{},"b":{}}
,"/home/zale/Área de Trabalho/ignite/nodejs/src/routes/session.routes.ts": {"path":"/home/zale/Área de Trabalho/ignite/nodejs/src/routes/session.routes.ts","statementMap":{"0":{"start":{"line":1,"column":0},"end":{"line":1,"column":33}},"1":{"start":{"line":3,"column":0},"end":{"line":3,"column":114}},"2":{"start":{"line":5,"column":22},"end":{"line":5,"column":30}},"3":{"start":{"line":10,"column":9},"end":{"line":10,"column":22}},"4":{"start":{"line":7,"column":32},"end":{"line":7,"column":61}},"5":{"start":{"line":8,"column":0},"end":{"line":8,"column":56}}},"fnMap":{},"branchMap":{},"s":{"0":0,"1":0,"2":0,"3":0,"4":0,"5":0},"f":{},"b":{}}
,"/home/zale/Área de Trabalho/ignite/nodejs/src/routes/specification.routes.ts": {"path":"/home/zale/Área de Trabalho/ignite/nodejs/src/routes/specification.routes.ts","statementMap":{"0":{"start":{"line":1,"column":0},"end":{"line":1,"column":33}},"1":{"start":{"line":2,"column":0},"end":{"line":2,"column":54}},"2":{"start":{"line":3,"column":0},"end":{"line":3,"column":70}},"3":{"start":{"line":5,"column":0},"end":{"line":5,"column":136}},"4":{"start":{"line":6,"column":0},"end":{"line":6,"column":132}},"5":{"start":{"line":8,"column":28},"end":{"line":8,"column":36}},"6":{"start":{"line":19,"column":9},"end":{"line":19,"column":28}},"7":{"start":{"line":10,"column":36},"end":{"line":10,"column":69}},"8":{"start":{"line":11,"column":0},"end":{"line":11,"column":65}},"9":{"start":{"line":13,"column":0},"end":{"line":13,"column":45}},"10":{"start":{"line":14,"column":0},"end":{"line":14,"column":37}},"11":{"start":{"line":16,"column":38},"end":{"line":16,"column":73}},"12":{"start":{"line":17,"column":0},"end":{"line":17,"column":68}}},"fnMap":{},"branchMap":{},"s":{"0":0,"1":0,"2":0,"3":0,"4":0,"5":0,"6":0,"7":0,"8":0,"9":0,"10":0,"11":0,"12":0},"f":{},"b":{}}
,"/home/zale/Área de Trabalho/ignite/nodejs/src/routes/user.routes.ts": {"path":"/home/zale/Área de Trabalho/ignite/nodejs/src/routes/user.routes.ts","statementMap":{"0":{"start":{"line":1,"column":0},"end":{"line":1,"column":33}},"1":{"start":{"line":2,"column":0},"end":{"line":2,"column":28}},"2":{"start":{"line":4,"column":0},"end":{"line":4,"column":44}},"3":{"start":{"line":5,"column":0},"end":{"line":5,"column":73}},"4":{"start":{"line":6,"column":0},"end":{"line":6,"column":105}},"5":{"start":{"line":7,"column":0},"end":{"line":7,"column":111}},"6":{"start":{"line":9,"column":21},"end":{"line":9,"column":64}},"7":{"start":{"line":11,"column":19},"end":{"line":11,"column":27}},"8":{"start":{"line":25,"column":9},"end":{"line":25,"column":19}},"9":{"start":{"line":13,"column":29},"end":{"line":13,"column":55}},"10":{"start":{"line":14,"column":0},"end":{"line":14,"column":50}},"11":{"start":{"line":16,"column":0},"end":{"line":16,"column":36}},"12":{"start":{"line":18,"column":31},"end":{"line":18,"column":59}},"13":{"start":{"line":19,"column":0},"end":{"line":23,"column":2}}},"fnMap":{},"branchMap":{},"s":{"0":0,"1":0,"2":0,"3":0,"4":0,"5":0,"6":0,"7":0,"8":0,"9":0,"10":0,"11":0,"12":0,"13":0},"f":{},"b":{}}
,"/home/zale/Área de Trabalho/ignite/nodejs/src/shared/container/index.ts": {"path":"/home/zale/Área de Trabalho/ignite/nodejs/src/shared/container/index.ts","statementMap":{"0":{"start":{"line":1,"column":0},"end":{"line":1,"column":85}},"1":{"start":{"line":3,"column":0},"end":{"line":3,"column":88}},"2":{"start":{"line":4,"column":0},"end":{"line":4,"column":78}},"3":{"start":{"line":5,"column":0},"end":{"line":5,"column":88}},"4":{"start":{"line":6,"column":0},"end":{"line":6,"column":98}},"5":{"start":{"line":11,"column":0},"end":{"line":11,"column":37}},"6":{"start":{"line":13,"column":0},"end":{"line":16,"column":2}},"7":{"start":{"line":18,"column":0},"end":{"line":21,"column":2}},"8":{"start":{"line":23,"column":0},"end":{"line":23,"column":79}},"9":{"start":{"line":25,"column":0},"end":{"line":25,"column":76}},"10":{"start":{"line":27,"column":0},"end":{"line":30,"column":2}}},"fnMap":{},"branchMap":{},"s":{"0":0,"1":0,"2":0,"3":0,"4":0,"5":0,"6":0,"7":0,"8":0,"9":0,"10":0},"f":{},"b":{}}
,"/home/zale/Área de Trabalho/ignite/nodejs/src/shared/errors/AppError.ts": {"path":"/home/zale/Área de Trabalho/ignite/nodejs/src/shared/errors/AppError.ts","statementMap":{"0":{"start":{"line":7,"column":4},"end":{"line":7,"column":27}},"1":{"start":{"line":8,"column":4},"end":{"line":8,"column":33}},"2":{"start":{"line":12,"column":0},"end":{"line":12,"column":24}}},"fnMap":{"0":{"name":"(anonymous_0)","decl":{"start":{"line":6,"column":2},"end":{"line":6,"column":14}},"loc":{"start":{"line":6,"column":47},"end":{"line":9,"column":3}}}},"branchMap":{"0":{"loc":{"start":{"line":6,"column":31},"end":{"line":6,"column":47}},"type":"default-arg","locations":[{"start":{"line":6,"column":44},"end":{"line":6,"column":47}}]}},"s":{"0":17,"1":17,"2":9},"f":{"0":17},"b":{"0":[17]}}
}
