{"/home/zale/Área de Trabalho/ignite/nodejs/src/server.ts": {"path":"/home/zale/Área de Trabalho/ignite/nodejs/src/server.ts","statementMap":{"0":{"start":{"line":1,"column":0},"end":{"line":1,"column":26}},"1":{"start":{"line":2,"column":0},"end":{"line":2,"column":40}},"2":{"start":{"line":3,"column":0},"end":{"line":3,"column":67}},"3":{"start":{"line":4,"column":0},"end":{"line":4,"column":30}},"4":{"start":{"line":5,"column":0},"end":{"line":5,"column":43}},"5":{"start":{"line":7,"column":0},"end":{"line":7,"column":28}},"6":{"start":{"line":9,"column":0},"end":{"line":9,"column":41}},"7":{"start":{"line":10,"column":0},"end":{"line":10,"column":43}},"8":{"start":{"line":12,"column":12},"end":{"line":12,"column":21}},"9":{"start":{"line":14,"column":0},"end":{"line":14,"column":24}},"10":{"start":{"line":16,"column":0},"end":{"line":16,"column":66}},"11":{"start":{"line":18,"column":0},"end":{"line":18,"column":16}},"12":{"start":{"line":20,"column":0},"end":{"line":28,"column":3}},"13":{"start":{"line":21,"column":2},"end":{"line":23,"column":null}},"14":{"start":{"line":22,"column":4},"end":{"line":22,"column":69}},"15":{"start":{"line":24,"column":2},"end":{"line":27,"column":5}},"16":{"start":{"line":30,"column":0},"end":{"line":32,"column":3}},"17":{"start":{"line":31,"column":2},"end":{"line":31,"column":33}}},"fnMap":{"0":{"name":"(anonymous_1)","decl":{"start":{"line":20,"column":8},"end":{"line":20,"column":9}},"loc":{"start":{"line":20,"column":72},"end":{"line":28,"column":1}}},"1":{"name":"(anonymous_2)","decl":{"start":{"line":30,"column":17},"end":{"line":30,"column":20}},"loc":{"start":{"line":30,"column":22},"end":{"line":32,"column":1}}}},"branchMap":{"0":{"loc":{"start":{"line":21,"column":2},"end":{"line":23,"column":null}},"type":"if","locations":[{"start":{"line":21,"column":2},"end":{"line":23,"column":null}}]}},"s":{"0":0,"1":0,"2":0,"3":0,"4":0,"5":0,"6":0,"7":0,"8":0,"9":0,"10":0,"11":0,"12":0,"13":0,"14":0,"15":0,"16":0,"17":0},"f":{"0":0,"1":0},"b":{"0":[0]}}
,"/home/zale/Área de Trabalho/ignite/nodejs/src/@types/express/index.d.ts": {"path":"/home/zale/Área de Trabalho/ignite/nodejs/src/@types/express/index.d.ts","statementMap":{},"fnMap":{},"branchMap":{},"s":{},"f":{},"b":{}}
,"/home/zale/Área de Trabalho/ignite/nodejs/src/config/upload.ts": {"path":"/home/zale/Área de Trabalho/ignite/nodejs/src/config/upload.ts","statementMap":{"0":{"start":{"line":1,"column":0},"end":{"line":1,"column":28}},"1":{"start":{"line":2,"column":0},"end":{"line":2,"column":28}},"2":{"start":{"line":3,"column":0},"end":{"line":3,"column":31}},"3":{"start":{"line":5,"column":0},"end":{"line":19,"column":2}},"4":{"start":{"line":7,"column":4},"end":{"line":17,"column":6}},"5":{"start":{"line":11,"column":27},"end":{"line":11,"column":65}},"6":{"start":{"line":12,"column":27},"end":{"line":12,"column":61}},"7":{"start":{"line":14,"column":10},"end":{"line":14,"column":36}}},"fnMap":{"0":{"name":"(anonymous_1)","decl":{"start":{"line":6,"column":2},"end":{"line":6,"column":8}},"loc":{"start":{"line":6,"column":23},"end":{"line":18,"column":3}}},"1":{"name":"(anonymous_2)","decl":{"start":{"line":10,"column":18},"end":{"line":10,"column":19}},"loc":{"start":{"line":10,"column":36},"end":{"line":15,"column":9}}}},"branchMap":{},"s":{"0":0,"1":0,"2":0,"3":0,"4":0,"5":0,"6":0,"7":0},"f":{"0":0,"1":0},"b":{}}
,"/home/zale/Área de Trabalho/ignite/nodejs/src/database/index.ts": {"path":"/home/zale/Área de Trabalho/ignite/nodejs/src/database/index.ts","statementMap":{"0":{"start":{"line":1,"column":0},"end":{"line":1,"column":37}},"1":{"start":{"line":3,"column":0},"end":{"line":3,"column":51}},"2":{"start":{"line":4,"column":0},"end":{"line":4,"column":54}},"3":{"start":{"line":5,"column":0},"end":{"line":5,"column":64}},"4":{"start":{"line":7,"column":22},"end":{"line":16,"column":2}},"5":{"start":{"line":27,"column":9},"end":{"line":27,"column":22}},"6":{"start":{"line":18,"column":0},"end":{"line":25,"column":5}},"7":{"start":{"line":21,"column":4},"end":{"line":21,"column":38}},"8":{"start":{"line":24,"column":4},"end":{"line":24,"column":40}}},"fnMap":{"0":{"name":"(anonymous_1)","decl":{"start":{"line":20,"column":8},"end":{"line":20,"column":11}},"loc":{"start":{"line":20,"column":13},"end":{"line":22,"column":3}}},"1":{"name":"(anonymous_2)","decl":{"start":{"line":23,"column":9},"end":{"line":23,"column":10}},"loc":{"start":{"line":23,"column":17},"end":{"line":25,"column":3}}}},"branchMap":{},"s":{"0":0,"1":0,"2":0,"3":0,"4":0,"5":0,"6":0,"7":0,"8":0},"f":{"0":0,"1":0},"b":{}}
,"/home/zale/Área de Trabalho/ignite/nodejs/src/database/migrations/1670433125106-CreateCategoryTable.ts": {"path":"/home/zale/Área de Trabalho/ignite/nodejs/src/database/migrations/1670433125106-CreateCategoryTable.ts","statementMap":{"0":{"start":{"line":1,"column":0},"end":{"line":1,"column":65}},"1":{"start":{"line":5,"column":4},"end":{"line":41,"column":6}},"2":{"start":{"line":45,"column":4},"end":{"line":45,"column":44}},"3":{"start":{"line":3,"column":0},"end":{"line":3,"column":13}}},"fnMap":{"0":{"name":"(anonymous_7)","decl":{"start":{"line":4,"column":15},"end":{"line":4,"column":17}},"loc":{"start":{"line":4,"column":42},"end":{"line":42,"column":null}}},"1":{"name":"(anonymous_9)","decl":{"start":{"line":44,"column":15},"end":{"line":44,"column":19}},"loc":{"start":{"line":44,"column":44},"end":{"line":46,"column":null}}}},"branchMap":{},"s":{"0":0,"1":0,"2":0,"3":0},"f":{"0":0,"1":0},"b":{}}
,"/home/zale/Área de Trabalho/ignite/nodejs/src/database/migrations/1670530280977-CreateSpecificationTable.ts": {"path":"/home/zale/Área de Trabalho/ignite/nodejs/src/database/migrations/1670530280977-CreateSpecificationTable.ts","statementMap":{"0":{"start":{"line":1,"column":0},"end":{"line":1,"column":65}},"1":{"start":{"line":7,"column":4},"end":{"line":43,"column":6}},"2":{"start":{"line":47,"column":4},"end":{"line":47,"column":49}},"3":{"start":{"line":3,"column":0},"end":{"line":3,"column":13}}},"fnMap":{"0":{"name":"(anonymous_7)","decl":{"start":{"line":6,"column":15},"end":{"line":6,"column":17}},"loc":{"start":{"line":6,"column":42},"end":{"line":44,"column":null}}},"1":{"name":"(anonymous_9)","decl":{"start":{"line":46,"column":15},"end":{"line":46,"column":19}},"loc":{"start":{"line":46,"column":44},"end":{"line":48,"column":null}}}},"branchMap":{},"s":{"0":0,"1":0,"2":0,"3":0},"f":{"0":0,"1":0},"b":{}}
,"/home/zale/Área de Trabalho/ignite/nodejs/src/database/migrations/1670789264635-CreateUserTable.ts": {"path":"/home/zale/Área de Trabalho/ignite/nodejs/src/database/migrations/1670789264635-CreateUserTable.ts","statementMap":{"0":{"start":{"line":1,"column":0},"end":{"line":1,"column":65}},"1":{"start":{"line":5,"column":4},"end":{"line":64,"column":6}},"2":{"start":{"line":68,"column":4},"end":{"line":68,"column":40}},"3":{"start":{"line":3,"column":0},"end":{"line":3,"column":13}}},"fnMap":{"0":{"name":"(anonymous_7)","decl":{"start":{"line":4,"column":15},"end":{"line":4,"column":17}},"loc":{"start":{"line":4,"column":42},"end":{"line":65,"column":null}}},"1":{"name":"(anonymous_9)","decl":{"start":{"line":67,"column":15},"end":{"line":67,"column":19}},"loc":{"start":{"line":67,"column":44},"end":{"line":69,"column":null}}}},"branchMap":{},"s":{"0":0,"1":0,"2":0,"3":0},"f":{"0":0,"1":0},"b":{}}
,"/home/zale/Área de Trabalho/ignite/nodejs/src/database/migrations/1670794694084-RemoveUsernameColumnForUser.ts": {"path":"/home/zale/Área de Trabalho/ignite/nodejs/src/database/migrations/1670794694084-RemoveUsernameColumnForUser.ts","statementMap":{"0":{"start":{"line":1,"column":0},"end":{"line":1,"column":71}},"1":{"start":{"line":7,"column":4},"end":{"line":7,"column":53}},"2":{"start":{"line":11,"column":4},"end":{"line":19,"column":6}},"3":{"start":{"line":3,"column":0},"end":{"line":3,"column":13}}},"fnMap":{"0":{"name":"(anonymous_7)","decl":{"start":{"line":6,"column":15},"end":{"line":6,"column":17}},"loc":{"start":{"line":6,"column":42},"end":{"line":8,"column":null}}},"1":{"name":"(anonymous_9)","decl":{"start":{"line":10,"column":15},"end":{"line":10,"column":19}},"loc":{"start":{"line":10,"column":44},"end":{"line":20,"column":null}}}},"branchMap":{},"s":{"0":0,"1":0,"2":0,"3":0},"f":{"0":0,"1":0},"b":{}}
,"/home/zale/Área de Trabalho/ignite/nodejs/src/database/migrations/1670848707878-AddAvatarColumnToUser.ts": {"path":"/home/zale/Área de Trabalho/ignite/nodejs/src/database/migrations/1670848707878-AddAvatarColumnToUser.ts","statementMap":{"0":{"start":{"line":1,"column":0},"end":{"line":1,"column":71}},"1":{"start":{"line":5,"column":4},"end":{"line":12,"column":6}},"2":{"start":{"line":16,"column":4},"end":{"line":16,"column":51}},"3":{"start":{"line":3,"column":0},"end":{"line":3,"column":13}}},"fnMap":{"0":{"name":"(anonymous_7)","decl":{"start":{"line":4,"column":15},"end":{"line":4,"column":17}},"loc":{"start":{"line":4,"column":42},"end":{"line":13,"column":null}}},"1":{"name":"(anonymous_9)","decl":{"start":{"line":15,"column":15},"end":{"line":15,"column":19}},"loc":{"start":{"line":15,"column":44},"end":{"line":17,"column":null}}}},"branchMap":{},"s":{"0":0,"1":0,"2":0,"3":0},"f":{"0":0,"1":0},"b":{}}
,"/home/zale/Área de Trabalho/ignite/nodejs/src/errors/AppError.ts": {"path":"/home/zale/Área de Trabalho/ignite/nodejs/src/errors/AppError.ts","statementMap":{"0":{"start":{"line":7,"column":4},"end":{"line":7,"column":27}},"1":{"start":{"line":8,"column":4},"end":{"line":8,"column":33}},"2":{"start":{"line":12,"column":0},"end":{"line":12,"column":24}}},"fnMap":{"0":{"name":"(anonymous_0)","decl":{"start":{"line":6,"column":2},"end":{"line":6,"column":14}},"loc":{"start":{"line":6,"column":47},"end":{"line":9,"column":3}}}},"branchMap":{"0":{"loc":{"start":{"line":6,"column":31},"end":{"line":6,"column":47}},"type":"default-arg","locations":[{"start":{"line":6,"column":44},"end":{"line":6,"column":47}}]}},"s":{"0":8,"1":8,"2":4},"f":{"0":8},"b":{"0":[8]}}
,"/home/zale/Área de Trabalho/ignite/nodejs/src/middlewares/ensureAuthenticated.ts": {"path":"/home/zale/Área de Trabalho/ignite/nodejs/src/middlewares/ensureAuthenticated.ts","statementMap":{"0":{"start":{"line":2,"column":0},"end":{"line":2,"column":38}},"1":{"start":{"line":3,"column":0},"end":{"line":3,"column":37}},"2":{"start":{"line":5,"column":0},"end":{"line":5,"column":42}},"3":{"start":{"line":17,"column":21},"end":{"line":17,"column":46}},"4":{"start":{"line":18,"column":2},"end":{"line":18,"column":64}},"5":{"start":{"line":18,"column":19},"end":{"line":18,"column":64}},"6":{"start":{"line":20,"column":20},"end":{"line":20,"column":41}},"7":{"start":{"line":22,"column":2},"end":{"line":34,"column":null}},"8":{"start":{"line":23,"column":28},"end":{"line":23,"column":60}},"9":{"start":{"line":24,"column":27},"end":{"line":24,"column":79}},"10":{"start":{"line":25,"column":23},"end":{"line":25,"column":60}},"11":{"start":{"line":26,"column":4},"end":{"line":26,"column":67}},"12":{"start":{"line":26,"column":21},"end":{"line":26,"column":67}},"13":{"start":{"line":27,"column":4},"end":{"line":31,"column":7}},"14":{"start":{"line":33,"column":4},"end":{"line":33,"column":49}},"15":{"start":{"line":36,"column":2},"end":{"line":36,"column":9}},"16":{"start":{"line":12,"column":0},"end":{"line":12,"column":22}}},"fnMap":{"0":{"name":"ensureAuthenticated","decl":{"start":{"line":12,"column":22},"end":{"line":12,"column":41}},"loc":{"start":{"line":15,"column":20},"end":{"line":37,"column":null}}}},"branchMap":{"0":{"loc":{"start":{"line":18,"column":2},"end":{"line":18,"column":64}},"type":"if","locations":[{"start":{"line":18,"column":2},"end":{"line":18,"column":64}}]},"1":{"loc":{"start":{"line":26,"column":4},"end":{"line":26,"column":67}},"type":"if","locations":[{"start":{"line":26,"column":4},"end":{"line":26,"column":67}}]}},"s":{"0":0,"1":0,"2":0,"3":0,"4":0,"5":0,"6":0,"7":0,"8":0,"9":0,"10":0,"11":0,"12":0,"13":0,"14":0,"15":0,"16":0},"f":{"0":0},"b":{"0":[0],"1":[0]}}
,"/home/zale/Área de Trabalho/ignite/nodejs/src/modules/accounts/models/User.ts": {"path":"/home/zale/Área de Trabalho/ignite/nodejs/src/modules/accounts/models/User.ts","statementMap":{"0":{"start":{"line":1,"column":0},"end":{"line":1,"column":null}},"1":{"start":{"line":8,"column":0},"end":{"line":8,"column":36}},"2":{"start":{"line":10,"column":0},"end":{"line":44,"column":null}},"3":{"start":{"line":40,"column":4},"end":{"line":42,"column":null}},"4":{"start":{"line":41,"column":6},"end":{"line":41,"column":25}},"5":{"start":{"line":12,"column":2},"end":{"line":13,"column":null}},"6":{"start":{"line":15,"column":2},"end":{"line":16,"column":null}},"7":{"start":{"line":18,"column":2},"end":{"line":19,"column":null}},"8":{"start":{"line":21,"column":2},"end":{"line":22,"column":null}},"9":{"start":{"line":24,"column":2},"end":{"line":25,"column":null}},"10":{"start":{"line":27,"column":2},"end":{"line":28,"column":null}},"11":{"start":{"line":30,"column":2},"end":{"line":31,"column":null}},"12":{"start":{"line":33,"column":2},"end":{"line":34,"column":null}},"13":{"start":{"line":36,"column":2},"end":{"line":37,"column":null}},"14":{"start":{"line":11,"column":6},"end":{"line":44,"column":null}},"15":{"start":{"line":46,"column":0},"end":{"line":46,"column":20}}},"fnMap":{"0":{"name":"(anonymous_2)","decl":{"start":{"line":39,"column":2},"end":{"line":39,"column":null}},"loc":{"start":{"line":39,"column":2},"end":{"line":43,"column":3}}}},"branchMap":{"0":{"loc":{"start":{"line":40,"column":4},"end":{"line":42,"column":null}},"type":"if","locations":[{"start":{"line":40,"column":4},"end":{"line":42,"column":null}}]}},"s":{"0":2,"1":2,"2":2,"3":5,"4":5,"5":2,"6":2,"7":2,"8":2,"9":2,"10":2,"11":2,"12":2,"13":2,"14":2,"15":2},"f":{"0":5},"b":{"0":[5]}}
,"/home/zale/Área de Trabalho/ignite/nodejs/src/modules/accounts/repositories/implementations/UserRepository.ts": {"path":"/home/zale/Área de Trabalho/ignite/nodejs/src/modules/accounts/repositories/implementations/UserRepository.ts","statementMap":{"0":{"start":{"line":3,"column":0},"end":{"line":3,"column":53}},"1":{"start":{"line":5,"column":0},"end":{"line":5,"column":37}},"2":{"start":{"line":12,"column":4},"end":{"line":12,"column":60}},"3":{"start":{"line":16,"column":17},"end":{"line":21,"column":6}},"4":{"start":{"line":22,"column":4},"end":{"line":22,"column":16}},"5":{"start":{"line":26,"column":4},"end":{"line":26,"column":41}},"6":{"start":{"line":27,"column":4},"end":{"line":27,"column":16}},"7":{"start":{"line":31,"column":17},"end":{"line":31,"column":69}},"8":{"start":{"line":32,"column":4},"end":{"line":32,"column":16}},"9":{"start":{"line":36,"column":17},"end":{"line":36,"column":72}},"10":{"start":{"line":37,"column":4},"end":{"line":37,"column":16}},"11":{"start":{"line":41,"column":17},"end":{"line":43,"column":6}},"12":{"start":{"line":44,"column":4},"end":{"line":44,"column":16}},"13":{"start":{"line":48,"column":9},"end":{"line":48,"column":23}}},"fnMap":{"0":{"name":"(anonymous_8)","decl":{"start":{"line":11,"column":2},"end":{"line":11,"column":null}},"loc":{"start":{"line":11,"column":2},"end":{"line":13,"column":3}}},"1":{"name":"(anonymous_9)","decl":{"start":{"line":15,"column":2},"end":{"line":15,"column":8}},"loc":{"start":{"line":15,"column":65},"end":{"line":23,"column":3}}},"2":{"name":"(anonymous_10)","decl":{"start":{"line":25,"column":8},"end":{"line":25,"column":12}},"loc":{"start":{"line":25,"column":23},"end":{"line":28,"column":null}}},"3":{"name":"(anonymous_12)","decl":{"start":{"line":30,"column":8},"end":{"line":30,"column":16}},"loc":{"start":{"line":30,"column":27},"end":{"line":33,"column":null}}},"4":{"name":"(anonymous_14)","decl":{"start":{"line":35,"column":8},"end":{"line":35,"column":19}},"loc":{"start":{"line":35,"column":33},"end":{"line":38,"column":null}}},"5":{"name":"(anonymous_16)","decl":{"start":{"line":40,"column":8},"end":{"line":40,"column":27}},"loc":{"start":{"line":40,"column":49},"end":{"line":45,"column":null}}}},"branchMap":{},"s":{"0":0,"1":0,"2":0,"3":0,"4":0,"5":0,"6":0,"7":0,"8":0,"9":0,"10":0,"11":0,"12":0,"13":0},"f":{"0":0,"1":0,"2":0,"3":0,"4":0,"5":0},"b":{}}
,"/home/zale/Área de Trabalho/ignite/nodejs/src/modules/accounts/repositories/inMemory/UserRepository.ts": {"path":"/home/zale/Área de Trabalho/ignite/nodejs/src/modules/accounts/repositories/inMemory/UserRepository.ts","statementMap":{"0":{"start":{"line":2,"column":0},"end":{"line":2,"column":37}},"1":{"start":{"line":9,"column":4},"end":{"line":9,"column":20}},"2":{"start":{"line":13,"column":17},"end":{"line":13,"column":27}},"3":{"start":{"line":14,"column":4},"end":{"line":21,"column":7}},"4":{"start":{"line":23,"column":4},"end":{"line":23,"column":16}},"5":{"start":{"line":27,"column":4},"end":{"line":27,"column":26}},"6":{"start":{"line":28,"column":4},"end":{"line":28,"column":16}},"7":{"start":{"line":32,"column":17},"end":{"line":32,"column":58}},"8":{"start":{"line":32,"column":43},"end":{"line":32,"column":57}},"9":{"start":{"line":33,"column":4},"end":{"line":33,"column":16}},"10":{"start":{"line":37,"column":17},"end":{"line":37,"column":64}},"11":{"start":{"line":37,"column":43},"end":{"line":37,"column":63}},"12":{"start":{"line":38,"column":4},"end":{"line":38,"column":16}},"13":{"start":{"line":42,"column":17},"end":{"line":43,"column":null}},"14":{"start":{"line":43,"column":16},"end":{"line":43,"column":52}},"15":{"start":{"line":45,"column":4},"end":{"line":45,"column":16}},"16":{"start":{"line":49,"column":9},"end":{"line":49,"column":31}}},"fnMap":{"0":{"name":"(anonymous_8)","decl":{"start":{"line":8,"column":2},"end":{"line":8,"column":null}},"loc":{"start":{"line":8,"column":2},"end":{"line":10,"column":3}}},"1":{"name":"(anonymous_9)","decl":{"start":{"line":12,"column":2},"end":{"line":12,"column":8}},"loc":{"start":{"line":12,"column":65},"end":{"line":24,"column":3}}},"2":{"name":"(anonymous_10)","decl":{"start":{"line":26,"column":8},"end":{"line":26,"column":12}},"loc":{"start":{"line":26,"column":23},"end":{"line":29,"column":null}}},"3":{"name":"(anonymous_12)","decl":{"start":{"line":31,"column":8},"end":{"line":31,"column":16}},"loc":{"start":{"line":31,"column":27},"end":{"line":34,"column":null}}},"4":{"name":"(anonymous_14)","decl":{"start":{"line":32,"column":33},"end":{"line":32,"column":34}},"loc":{"start":{"line":32,"column":43},"end":{"line":32,"column":57}}},"5":{"name":"(anonymous_15)","decl":{"start":{"line":36,"column":8},"end":{"line":36,"column":19}},"loc":{"start":{"line":36,"column":33},"end":{"line":39,"column":null}}},"6":{"name":"(anonymous_17)","decl":{"start":{"line":37,"column":33},"end":{"line":37,"column":34}},"loc":{"start":{"line":37,"column":43},"end":{"line":37,"column":63}}},"7":{"name":"(anonymous_18)","decl":{"start":{"line":41,"column":8},"end":{"line":41,"column":27}},"loc":{"start":{"line":41,"column":49},"end":{"line":46,"column":null}}},"8":{"name":"(anonymous_20)","decl":{"start":{"line":43,"column":6},"end":{"line":43,"column":7}},"loc":{"start":{"line":43,"column":16},"end":{"line":43,"column":52}}}},"branchMap":{},"s":{"0":2,"1":8,"2":5,"3":5,"4":5,"5":5,"6":5,"7":0,"8":0,"9":0,"10":10,"11":4,"12":10,"13":6,"14":1,"15":6,"16":2},"f":{"0":8,"1":5,"2":5,"3":0,"4":0,"5":10,"6":4,"7":6,"8":1},"b":{}}
,"/home/zale/Área de Trabalho/ignite/nodejs/src/modules/accounts/useCases/User/createSession/CreateSessionController.ts": {"path":"/home/zale/Área de Trabalho/ignite/nodejs/src/modules/accounts/useCases/User/createSession/CreateSessionController.ts","statementMap":{"0":{"start":{"line":2,"column":0},"end":{"line":2,"column":37}},"1":{"start":{"line":4,"column":0},"end":{"line":4,"column":62}},"2":{"start":{"line":8,"column":32},"end":{"line":8,"column":40}},"3":{"start":{"line":10,"column":33},"end":{"line":10,"column":72}},"4":{"start":{"line":11,"column":18},"end":{"line":11,"column":73}},"5":{"start":{"line":13,"column":4},"end":{"line":13,"column":27}},"6":{"start":{"line":17,"column":9},"end":{"line":17,"column":32}}},"fnMap":{"0":{"name":"(anonymous_7)","decl":{"start":{"line":7,"column":8},"end":{"line":7,"column":14}},"loc":{"start":{"line":7,"column":42},"end":{"line":14,"column":null}}}},"branchMap":{},"s":{"0":0,"1":0,"2":0,"3":0,"4":0,"5":0,"6":0},"f":{"0":0},"b":{}}
,"/home/zale/Área de Trabalho/ignite/nodejs/src/modules/accounts/useCases/User/createSession/CreateSessionService.ts": {"path":"/home/zale/Área de Trabalho/ignite/nodejs/src/modules/accounts/useCases/User/createSession/CreateSessionService.ts","statementMap":{"0":{"start":{"line":1,"column":0},"end":{"line":1,"column":40}},"1":{"start":{"line":2,"column":0},"end":{"line":2,"column":33}},"2":{"start":{"line":3,"column":0},"end":{"line":3,"column":36}},"3":{"start":{"line":4,"column":0},"end":{"line":4,"column":46}},"4":{"start":{"line":21,"column":0},"end":{"line":51,"column":null}},"5":{"start":{"line":24,"column":38},"end":{"line":24,"column":69}},"6":{"start":{"line":28,"column":4},"end":{"line":30,"column":null}},"7":{"start":{"line":29,"column":6},"end":{"line":29,"column":54}},"8":{"start":{"line":32,"column":17},"end":{"line":32,"column":61}},"9":{"start":{"line":33,"column":4},"end":{"line":33,"column":65}},"10":{"start":{"line":33,"column":15},"end":{"line":33,"column":65}},"11":{"start":{"line":35,"column":30},"end":{"line":35,"column":68}},"12":{"start":{"line":36,"column":4},"end":{"line":36,"column":78}},"13":{"start":{"line":36,"column":28},"end":{"line":36,"column":78}},"14":{"start":{"line":38,"column":18},"end":{"line":41,"column":6}},"15":{"start":{"line":43,"column":4},"end":{"line":49,"column":6}},"16":{"start":{"line":22,"column":6},"end":{"line":51,"column":null}},"17":{"start":{"line":53,"column":9},"end":{"line":53,"column":29}}},"fnMap":{"0":{"name":"(anonymous_12)","decl":{"start":{"line":23,"column":2},"end":{"line":23,"column":null}},"loc":{"start":{"line":24,"column":69},"end":{"line":25,"column":6}}},"1":{"name":"(anonymous_13)","decl":{"start":{"line":27,"column":8},"end":{"line":27,"column":15}},"loc":{"start":{"line":27,"column":51},"end":{"line":50,"column":null}}}},"branchMap":{"0":{"loc":{"start":{"line":28,"column":4},"end":{"line":30,"column":null}},"type":"if","locations":[{"start":{"line":28,"column":4},"end":{"line":30,"column":null}}]},"1":{"loc":{"start":{"line":28,"column":8},"end":{"line":28,"column":27}},"type":"binary-expr","locations":[{"start":{"line":28,"column":8},"end":{"line":28,"column":14}},{"start":{"line":28,"column":18},"end":{"line":28,"column":27}}]},"2":{"loc":{"start":{"line":33,"column":4},"end":{"line":33,"column":65}},"type":"if","locations":[{"start":{"line":33,"column":4},"end":{"line":33,"column":65}}]},"3":{"loc":{"start":{"line":36,"column":4},"end":{"line":36,"column":78}},"type":"if","locations":[{"start":{"line":36,"column":4},"end":{"line":36,"column":78}}]}},"s":{"0":1,"1":1,"2":1,"3":1,"4":1,"5":4,"6":4,"7":1,"8":3,"9":3,"10":1,"11":2,"12":2,"13":1,"14":1,"15":1,"16":1,"17":1},"f":{"0":4,"1":4},"b":{"0":[1],"1":[4,3],"2":[1],"3":[1]}}
,"/home/zale/Área de Trabalho/ignite/nodejs/src/modules/accounts/useCases/User/createUser/CreateUserController.ts": {"path":"/home/zale/Área de Trabalho/ignite/nodejs/src/modules/accounts/useCases/User/createUser/CreateUserController.ts","statementMap":{"0":{"start":{"line":2,"column":0},"end":{"line":2,"column":37}},"1":{"start":{"line":4,"column":0},"end":{"line":4,"column":56}},"2":{"start":{"line":8,"column":53},"end":{"line":8,"column":61}},"3":{"start":{"line":10,"column":30},"end":{"line":10,"column":66}},"4":{"start":{"line":12,"column":17},"end":{"line":17,"column":6}},"5":{"start":{"line":19,"column":4},"end":{"line":19,"column":38}},"6":{"start":{"line":23,"column":9},"end":{"line":23,"column":29}}},"fnMap":{"0":{"name":"(anonymous_7)","decl":{"start":{"line":7,"column":8},"end":{"line":7,"column":14}},"loc":{"start":{"line":7,"column":42},"end":{"line":20,"column":null}}}},"branchMap":{},"s":{"0":0,"1":0,"2":0,"3":0,"4":0,"5":0,"6":0},"f":{"0":0},"b":{}}
,"/home/zale/Área de Trabalho/ignite/nodejs/src/modules/accounts/useCases/User/createUser/CreateUserService.ts": {"path":"/home/zale/Área de Trabalho/ignite/nodejs/src/modules/accounts/useCases/User/createUser/CreateUserService.ts","statementMap":{"0":{"start":{"line":1,"column":0},"end":{"line":1,"column":40}},"1":{"start":{"line":2,"column":0},"end":{"line":2,"column":30}},"2":{"start":{"line":3,"column":0},"end":{"line":3,"column":46}},"3":{"start":{"line":9,"column":0},"end":{"line":48,"column":null}},"4":{"start":{"line":12,"column":38},"end":{"line":12,"column":69}},"5":{"start":{"line":21,"column":4},"end":{"line":23,"column":null}},"6":{"start":{"line":22,"column":6},"end":{"line":22,"column":54}},"7":{"start":{"line":25,"column":36},"end":{"line":26,"column":null}},"8":{"start":{"line":28,"column":4},"end":{"line":28,"column":76}},"9":{"start":{"line":28,"column":33},"end":{"line":28,"column":76}},"10":{"start":{"line":31,"column":6},"end":{"line":31,"column":66}},"11":{"start":{"line":32,"column":4},"end":{"line":33,"column":64}},"12":{"start":{"line":33,"column":6},"end":{"line":33,"column":64}},"13":{"start":{"line":35,"column":27},"end":{"line":35,"column":50}},"14":{"start":{"line":37,"column":17},"end":{"line":42,"column":6}},"15":{"start":{"line":44,"column":4},"end":{"line":44,"column":41}},"16":{"start":{"line":46,"column":4},"end":{"line":46,"column":16}},"17":{"start":{"line":10,"column":6},"end":{"line":48,"column":null}},"18":{"start":{"line":50,"column":9},"end":{"line":50,"column":26}}},"fnMap":{"0":{"name":"(anonymous_12)","decl":{"start":{"line":11,"column":2},"end":{"line":11,"column":null}},"loc":{"start":{"line":12,"column":69},"end":{"line":13,"column":6}}},"1":{"name":"(anonymous_13)","decl":{"start":{"line":15,"column":8},"end":{"line":15,"column":15}},"loc":{"start":{"line":20,"column":19},"end":{"line":47,"column":null}}}},"branchMap":{"0":{"loc":{"start":{"line":21,"column":4},"end":{"line":23,"column":null}},"type":"if","locations":[{"start":{"line":21,"column":4},"end":{"line":23,"column":null}}]},"1":{"loc":{"start":{"line":21,"column":8},"end":{"line":21,"column":54}},"type":"binary-expr","locations":[{"start":{"line":21,"column":8},"end":{"line":21,"column":13}},{"start":{"line":21,"column":17},"end":{"line":21,"column":23}},{"start":{"line":21,"column":27},"end":{"line":21,"column":36}},{"start":{"line":21,"column":40},"end":{"line":21,"column":54}}]},"2":{"loc":{"start":{"line":28,"column":4},"end":{"line":28,"column":76}},"type":"if","locations":[{"start":{"line":28,"column":4},"end":{"line":28,"column":76}}]},"3":{"loc":{"start":{"line":32,"column":4},"end":{"line":33,"column":64}},"type":"if","locations":[{"start":{"line":32,"column":4},"end":{"line":33,"column":64}}]}},"s":{"0":2,"1":2,"2":2,"3":2,"4":8,"5":8,"6":1,"7":7,"8":7,"9":1,"10":6,"11":6,"12":1,"13":5,"14":5,"15":5,"16":5,"17":2,"18":2},"f":{"0":8,"1":8},"b":{"0":[1],"1":[8,7,7,7],"2":[1],"3":[1]}}
,"/home/zale/Área de Trabalho/ignite/nodejs/src/modules/accounts/useCases/User/updateAvatar/UpdateAvatarController.ts": {"path":"/home/zale/Área de Trabalho/ignite/nodejs/src/modules/accounts/useCases/User/updateAvatar/UpdateAvatarController.ts","statementMap":{"0":{"start":{"line":1,"column":0},"end":{"line":1,"column":40}},"1":{"start":{"line":3,"column":0},"end":{"line":3,"column":20}},"2":{"start":{"line":4,"column":0},"end":{"line":4,"column":37}},"3":{"start":{"line":6,"column":0},"end":{"line":6,"column":60}},"4":{"start":{"line":10,"column":17},"end":{"line":10,"column":40}},"5":{"start":{"line":11,"column":15},"end":{"line":11,"column":56}},"6":{"start":{"line":13,"column":4},"end":{"line":15,"column":null}},"7":{"start":{"line":14,"column":6},"end":{"line":14,"column":51}},"8":{"start":{"line":17,"column":4},"end":{"line":20,"column":null}},"9":{"start":{"line":18,"column":6},"end":{"line":18,"column":36}},"10":{"start":{"line":19,"column":6},"end":{"line":19,"column":51}},"11":{"start":{"line":22,"column":32},"end":{"line":22,"column":70}},"12":{"start":{"line":23,"column":24},"end":{"line":23,"column":79}},"13":{"start":{"line":25,"column":4},"end":{"line":25,"column":33}},"14":{"start":{"line":29,"column":9},"end":{"line":29,"column":31}}},"fnMap":{"0":{"name":"(anonymous_8)","decl":{"start":{"line":9,"column":8},"end":{"line":9,"column":14}},"loc":{"start":{"line":9,"column":42},"end":{"line":26,"column":null}}}},"branchMap":{"0":{"loc":{"start":{"line":10,"column":17},"end":{"line":10,"column":40}},"type":"cond-expr","locations":[{"start":{"line":10,"column":28},"end":{"line":10,"column":36}},{"start":{"line":10,"column":39},"end":{"line":10,"column":40}}]},"1":{"loc":{"start":{"line":11,"column":15},"end":{"line":11,"column":56}},"type":"cond-expr","locations":[{"start":{"line":11,"column":41},"end":{"line":11,"column":52}},{"start":{"line":11,"column":55},"end":{"line":11,"column":56}}]},"2":{"loc":{"start":{"line":11,"column":15},"end":{"line":11,"column":38}},"type":"binary-expr","locations":[{"start":{"line":11,"column":15},"end":{"line":11,"column":23}},{"start":{"line":11,"column":27},"end":{"line":11,"column":38}}]},"3":{"loc":{"start":{"line":13,"column":4},"end":{"line":15,"column":null}},"type":"if","locations":[{"start":{"line":13,"column":4},"end":{"line":15,"column":null}}]},"4":{"loc":{"start":{"line":17,"column":4},"end":{"line":20,"column":null}},"type":"if","locations":[{"start":{"line":17,"column":4},"end":{"line":20,"column":null}}]}},"s":{"0":0,"1":0,"2":0,"3":0,"4":0,"5":0,"6":0,"7":0,"8":0,"9":0,"10":0,"11":0,"12":0,"13":0,"14":0},"f":{"0":0},"b":{"0":[0,0],"1":[0,0],"2":[0,0],"3":[0],"4":[0]}}
,"/home/zale/Área de Trabalho/ignite/nodejs/src/modules/accounts/useCases/User/updateAvatar/UpdateAvatarService.ts": {"path":"/home/zale/Área de Trabalho/ignite/nodejs/src/modules/accounts/useCases/User/updateAvatar/UpdateAvatarService.ts","statementMap":{"0":{"start":{"line":1,"column":0},"end":{"line":1,"column":40}},"1":{"start":{"line":2,"column":0},"end":{"line":2,"column":20}},"2":{"start":{"line":3,"column":0},"end":{"line":3,"column":46}},"3":{"start":{"line":13,"column":18},"end":{"line":13,"column":76}},"4":{"start":{"line":15,"column":0},"end":{"line":47,"column":null}},"5":{"start":{"line":18,"column":38},"end":{"line":18,"column":69}},"6":{"start":{"line":22,"column":4},"end":{"line":24,"column":null}},"7":{"start":{"line":23,"column":6},"end":{"line":23,"column":51}},"8":{"start":{"line":26,"column":4},"end":{"line":29,"column":null}},"9":{"start":{"line":27,"column":6},"end":{"line":27,"column":36}},"10":{"start":{"line":28,"column":6},"end":{"line":28,"column":51}},"11":{"start":{"line":31,"column":17},"end":{"line":31,"column":59}},"12":{"start":{"line":32,"column":4},"end":{"line":32,"column":55}},"13":{"start":{"line":32,"column":15},"end":{"line":32,"column":55}},"14":{"start":{"line":34,"column":4},"end":{"line":37,"column":null}},"15":{"start":{"line":35,"column":6},"end":{"line":35,"column":36}},"16":{"start":{"line":36,"column":6},"end":{"line":36,"column":48}},"17":{"start":{"line":39,"column":4},"end":{"line":39,"column":61}},"18":{"start":{"line":41,"column":25},"end":{"line":41,"column":29}},"19":{"start":{"line":42,"column":4},"end":{"line":42,"column":27}},"20":{"start":{"line":43,"column":4},"end":{"line":43,"column":41}},"21":{"start":{"line":45,"column":4},"end":{"line":45,"column":16}},"22":{"start":{"line":16,"column":6},"end":{"line":47,"column":null}},"23":{"start":{"line":49,"column":9},"end":{"line":49,"column":28}}},"fnMap":{"0":{"name":"(anonymous_12)","decl":{"start":{"line":17,"column":2},"end":{"line":17,"column":null}},"loc":{"start":{"line":18,"column":69},"end":{"line":19,"column":6}}},"1":{"name":"(anonymous_13)","decl":{"start":{"line":21,"column":8},"end":{"line":21,"column":15}},"loc":{"start":{"line":21,"column":47},"end":{"line":46,"column":null}}}},"branchMap":{"0":{"loc":{"start":{"line":22,"column":4},"end":{"line":24,"column":null}},"type":"if","locations":[{"start":{"line":22,"column":4},"end":{"line":24,"column":null}}]},"1":{"loc":{"start":{"line":26,"column":4},"end":{"line":29,"column":null}},"type":"if","locations":[{"start":{"line":26,"column":4},"end":{"line":29,"column":null}}]},"2":{"loc":{"start":{"line":32,"column":4},"end":{"line":32,"column":55}},"type":"if","locations":[{"start":{"line":32,"column":4},"end":{"line":32,"column":55}}]},"3":{"loc":{"start":{"line":34,"column":4},"end":{"line":37,"column":null}},"type":"if","locations":[{"start":{"line":34,"column":4},"end":{"line":37,"column":null}}]}},"s":{"0":0,"1":0,"2":0,"3":0,"4":0,"5":0,"6":0,"7":0,"8":0,"9":0,"10":0,"11":0,"12":0,"13":0,"14":0,"15":0,"16":0,"17":0,"18":0,"19":0,"20":0,"21":0,"22":0,"23":0},"f":{"0":0,"1":0},"b":{"0":[0],"1":[0],"2":[0],"3":[0]}}
,"/home/zale/Área de Trabalho/ignite/nodejs/src/modules/car/models/Category.ts": {"path":"/home/zale/Área de Trabalho/ignite/nodejs/src/modules/car/models/Category.ts","statementMap":{"0":{"start":{"line":1,"column":0},"end":{"line":1,"column":null}},"1":{"start":{"line":8,"column":0},"end":{"line":8,"column":36}},"2":{"start":{"line":10,"column":0},"end":{"line":32,"column":null}},"3":{"start":{"line":28,"column":4},"end":{"line":30,"column":null}},"4":{"start":{"line":29,"column":6},"end":{"line":29,"column":25}},"5":{"start":{"line":12,"column":2},"end":{"line":13,"column":null}},"6":{"start":{"line":15,"column":2},"end":{"line":16,"column":null}},"7":{"start":{"line":18,"column":2},"end":{"line":19,"column":null}},"8":{"start":{"line":21,"column":2},"end":{"line":22,"column":null}},"9":{"start":{"line":24,"column":2},"end":{"line":25,"column":null}},"10":{"start":{"line":11,"column":6},"end":{"line":32,"column":null}},"11":{"start":{"line":34,"column":0},"end":{"line":34,"column":24}}},"fnMap":{"0":{"name":"(anonymous_2)","decl":{"start":{"line":27,"column":2},"end":{"line":27,"column":null}},"loc":{"start":{"line":27,"column":2},"end":{"line":31,"column":3}}}},"branchMap":{"0":{"loc":{"start":{"line":28,"column":4},"end":{"line":30,"column":null}},"type":"if","locations":[{"start":{"line":28,"column":4},"end":{"line":30,"column":null}}]}},"s":{"0":2,"1":2,"2":2,"3":3,"4":3,"5":2,"6":2,"7":2,"8":2,"9":2,"10":2,"11":2},"f":{"0":3},"b":{"0":[3]}}
,"/home/zale/Área de Trabalho/ignite/nodejs/src/modules/car/models/Specification.ts": {"path":"/home/zale/Área de Trabalho/ignite/nodejs/src/modules/car/models/Specification.ts","statementMap":{"0":{"start":{"line":1,"column":0},"end":{"line":1,"column":null}},"1":{"start":{"line":8,"column":0},"end":{"line":8,"column":36}},"2":{"start":{"line":10,"column":0},"end":{"line":32,"column":null}},"3":{"start":{"line":28,"column":4},"end":{"line":30,"column":null}},"4":{"start":{"line":29,"column":6},"end":{"line":29,"column":25}},"5":{"start":{"line":12,"column":2},"end":{"line":13,"column":null}},"6":{"start":{"line":15,"column":2},"end":{"line":16,"column":null}},"7":{"start":{"line":18,"column":2},"end":{"line":19,"column":null}},"8":{"start":{"line":21,"column":2},"end":{"line":22,"column":null}},"9":{"start":{"line":24,"column":2},"end":{"line":25,"column":null}},"10":{"start":{"line":11,"column":6},"end":{"line":32,"column":null}},"11":{"start":{"line":34,"column":0},"end":{"line":34,"column":29}}},"fnMap":{"0":{"name":"(anonymous_2)","decl":{"start":{"line":27,"column":2},"end":{"line":27,"column":null}},"loc":{"start":{"line":27,"column":2},"end":{"line":31,"column":3}}}},"branchMap":{"0":{"loc":{"start":{"line":28,"column":4},"end":{"line":30,"column":null}},"type":"if","locations":[{"start":{"line":28,"column":4},"end":{"line":30,"column":null}}]}},"s":{"0":0,"1":0,"2":0,"3":0,"4":0,"5":0,"6":0,"7":0,"8":0,"9":0,"10":0,"11":0},"f":{"0":0},"b":{"0":[0]}}
,"/home/zale/Área de Trabalho/ignite/nodejs/src/modules/car/repositories/implementations/CategoryRepository.ts": {"path":"/home/zale/Área de Trabalho/ignite/nodejs/src/modules/car/repositories/implementations/CategoryRepository.ts","statementMap":{"0":{"start":{"line":3,"column":0},"end":{"line":3,"column":53}},"1":{"start":{"line":4,"column":0},"end":{"line":4,"column":45}},"2":{"start":{"line":14,"column":4},"end":{"line":14,"column":60}},"3":{"start":{"line":18,"column":21},"end":{"line":21,"column":6}},"4":{"start":{"line":23,"column":4},"end":{"line":23,"column":20}},"5":{"start":{"line":27,"column":4},"end":{"line":27,"column":41}},"6":{"start":{"line":28,"column":4},"end":{"line":28,"column":20}},"7":{"start":{"line":32,"column":4},"end":{"line":32,"column":43}},"8":{"start":{"line":33,"column":4},"end":{"line":33,"column":22}},"9":{"start":{"line":37,"column":23},"end":{"line":37,"column":51}},"10":{"start":{"line":38,"column":4},"end":{"line":38,"column":22}},"11":{"start":{"line":42,"column":21},"end":{"line":45,"column":15}},"12":{"start":{"line":47,"column":4},"end":{"line":47,"column":20}},"13":{"start":{"line":51,"column":9},"end":{"line":51,"column":27}}},"fnMap":{"0":{"name":"(anonymous_8)","decl":{"start":{"line":13,"column":2},"end":{"line":13,"column":null}},"loc":{"start":{"line":13,"column":2},"end":{"line":15,"column":3}}},"1":{"name":"(anonymous_9)","decl":{"start":{"line":17,"column":2},"end":{"line":17,"column":8}},"loc":{"start":{"line":17,"column":50},"end":{"line":24,"column":3}}},"2":{"name":"(anonymous_10)","decl":{"start":{"line":26,"column":8},"end":{"line":26,"column":12}},"loc":{"start":{"line":26,"column":31},"end":{"line":29,"column":null}}},"3":{"name":"(anonymous_12)","decl":{"start":{"line":31,"column":8},"end":{"line":31,"column":16}},"loc":{"start":{"line":31,"column":39},"end":{"line":34,"column":null}}},"4":{"name":"(anonymous_14)","decl":{"start":{"line":36,"column":8},"end":{"line":36,"column":12}},"loc":{"start":{"line":36,"column":12},"end":{"line":39,"column":null}}},"5":{"name":"(anonymous_16)","decl":{"start":{"line":41,"column":8},"end":{"line":41,"column":18}},"loc":{"start":{"line":41,"column":31},"end":{"line":48,"column":null}}}},"branchMap":{},"s":{"0":0,"1":0,"2":0,"3":0,"4":0,"5":0,"6":0,"7":0,"8":0,"9":0,"10":0,"11":0,"12":0,"13":0},"f":{"0":0,"1":0,"2":0,"3":0,"4":0,"5":0},"b":{}}
,"/home/zale/Área de Trabalho/ignite/nodejs/src/modules/car/repositories/implementations/SpecificationRepository.ts": {"path":"/home/zale/Área de Trabalho/ignite/nodejs/src/modules/car/repositories/implementations/SpecificationRepository.ts","statementMap":{"0":{"start":{"line":3,"column":0},"end":{"line":3,"column":53}},"1":{"start":{"line":4,"column":0},"end":{"line":4,"column":55}},"2":{"start":{"line":14,"column":4},"end":{"line":14,"column":65}},"3":{"start":{"line":21,"column":26},"end":{"line":21,"column":71}},"4":{"start":{"line":23,"column":4},"end":{"line":23,"column":46}},"5":{"start":{"line":25,"column":4},"end":{"line":25,"column":25}},"6":{"start":{"line":29,"column":27},"end":{"line":29,"column":55}},"7":{"start":{"line":30,"column":4},"end":{"line":30,"column":26}},"8":{"start":{"line":34,"column":26},"end":{"line":37,"column":15}},"9":{"start":{"line":39,"column":4},"end":{"line":39,"column":25}},"10":{"start":{"line":43,"column":9},"end":{"line":43,"column":32}}},"fnMap":{"0":{"name":"(anonymous_8)","decl":{"start":{"line":13,"column":2},"end":{"line":13,"column":null}},"loc":{"start":{"line":13,"column":2},"end":{"line":15,"column":3}}},"1":{"name":"(anonymous_9)","decl":{"start":{"line":17,"column":8},"end":{"line":17,"column":14}},"loc":{"start":{"line":20,"column":28},"end":{"line":26,"column":null}}},"2":{"name":"(anonymous_11)","decl":{"start":{"line":28,"column":8},"end":{"line":28,"column":12}},"loc":{"start":{"line":28,"column":12},"end":{"line":31,"column":null}}},"3":{"name":"(anonymous_13)","decl":{"start":{"line":33,"column":8},"end":{"line":33,"column":18}},"loc":{"start":{"line":33,"column":31},"end":{"line":40,"column":null}}}},"branchMap":{},"s":{"0":0,"1":0,"2":0,"3":0,"4":0,"5":0,"6":0,"7":0,"8":0,"9":0,"10":0},"f":{"0":0,"1":0,"2":0,"3":0},"b":{}}
,"/home/zale/Área de Trabalho/ignite/nodejs/src/modules/car/repositories/inMemory/CategoryRepository.ts": {"path":"/home/zale/Área de Trabalho/ignite/nodejs/src/modules/car/repositories/inMemory/CategoryRepository.ts","statementMap":{"0":{"start":{"line":1,"column":0},"end":{"line":1,"column":45}},"1":{"start":{"line":11,"column":4},"end":{"line":11,"column":25}},"2":{"start":{"line":15,"column":21},"end":{"line":15,"column":35}},"3":{"start":{"line":16,"column":4},"end":{"line":19,"column":7}},"4":{"start":{"line":21,"column":4},"end":{"line":21,"column":20}},"5":{"start":{"line":24,"column":4},"end":{"line":24,"column":35}},"6":{"start":{"line":25,"column":4},"end":{"line":25,"column":20}},"7":{"start":{"line":29,"column":4},"end":{"line":31,"column":7}},"8":{"start":{"line":30,"column":6},"end":{"line":30,"column":37}},"9":{"start":{"line":33,"column":4},"end":{"line":33,"column":22}},"10":{"start":{"line":37,"column":4},"end":{"line":37,"column":27}},"11":{"start":{"line":41,"column":21},"end":{"line":41,"column":79}},"12":{"start":{"line":41,"column":56},"end":{"line":41,"column":78}},"13":{"start":{"line":42,"column":4},"end":{"line":42,"column":20}},"14":{"start":{"line":46,"column":9},"end":{"line":46,"column":35}}},"fnMap":{"0":{"name":"(anonymous_8)","decl":{"start":{"line":10,"column":2},"end":{"line":10,"column":null}},"loc":{"start":{"line":10,"column":2},"end":{"line":12,"column":3}}},"1":{"name":"(anonymous_9)","decl":{"start":{"line":14,"column":2},"end":{"line":14,"column":8}},"loc":{"start":{"line":14,"column":50},"end":{"line":22,"column":3}}},"2":{"name":"(anonymous_10)","decl":{"start":{"line":23,"column":8},"end":{"line":23,"column":12}},"loc":{"start":{"line":23,"column":31},"end":{"line":26,"column":null}}},"3":{"name":"(anonymous_12)","decl":{"start":{"line":28,"column":8},"end":{"line":28,"column":16}},"loc":{"start":{"line":28,"column":39},"end":{"line":34,"column":null}}},"4":{"name":"(anonymous_14)","decl":{"start":{"line":29,"column":23},"end":{"line":29,"column":24}},"loc":{"start":{"line":29,"column":36},"end":{"line":31,"column":5}}},"5":{"name":"(anonymous_15)","decl":{"start":{"line":36,"column":8},"end":{"line":36,"column":12}},"loc":{"start":{"line":36,"column":12},"end":{"line":38,"column":null}}},"6":{"name":"(anonymous_17)","decl":{"start":{"line":40,"column":8},"end":{"line":40,"column":18}},"loc":{"start":{"line":40,"column":31},"end":{"line":43,"column":null}}},"7":{"name":"(anonymous_19)","decl":{"start":{"line":41,"column":42},"end":{"line":41,"column":43}},"loc":{"start":{"line":41,"column":56},"end":{"line":41,"column":78}}}},"branchMap":{},"s":{"0":2,"1":2,"2":3,"3":3,"4":3,"5":3,"6":3,"7":0,"8":0,"9":0,"10":2,"11":4,"12":2,"13":4,"14":2},"f":{"0":2,"1":3,"2":3,"3":0,"4":0,"5":2,"6":4,"7":2},"b":{}}
,"/home/zale/Área de Trabalho/ignite/nodejs/src/modules/car/repositories/inMemory/SpecificationRepository.ts": {"path":"/home/zale/Área de Trabalho/ignite/nodejs/src/modules/car/repositories/inMemory/SpecificationRepository.ts","statementMap":{"0":{"start":{"line":1,"column":0},"end":{"line":1,"column":55}},"1":{"start":{"line":11,"column":4},"end":{"line":11,"column":29}},"2":{"start":{"line":18,"column":26},"end":{"line":18,"column":45}},"3":{"start":{"line":19,"column":4},"end":{"line":24,"column":7}},"4":{"start":{"line":26,"column":4},"end":{"line":26,"column":44}},"5":{"start":{"line":28,"column":4},"end":{"line":28,"column":25}},"6":{"start":{"line":32,"column":4},"end":{"line":32,"column":31}},"7":{"start":{"line":36,"column":26},"end":{"line":37,"column":null}},"8":{"start":{"line":37,"column":25},"end":{"line":37,"column":52}},"9":{"start":{"line":39,"column":4},"end":{"line":39,"column":25}},"10":{"start":{"line":43,"column":9},"end":{"line":43,"column":40}}},"fnMap":{"0":{"name":"(anonymous_8)","decl":{"start":{"line":10,"column":2},"end":{"line":10,"column":null}},"loc":{"start":{"line":10,"column":2},"end":{"line":12,"column":3}}},"1":{"name":"(anonymous_9)","decl":{"start":{"line":14,"column":8},"end":{"line":14,"column":14}},"loc":{"start":{"line":17,"column":28},"end":{"line":29,"column":null}}},"2":{"name":"(anonymous_11)","decl":{"start":{"line":31,"column":8},"end":{"line":31,"column":12}},"loc":{"start":{"line":31,"column":12},"end":{"line":33,"column":null}}},"3":{"name":"(anonymous_13)","decl":{"start":{"line":35,"column":8},"end":{"line":35,"column":18}},"loc":{"start":{"line":35,"column":31},"end":{"line":40,"column":null}}},"4":{"name":"(anonymous_15)","decl":{"start":{"line":37,"column":6},"end":{"line":37,"column":7}},"loc":{"start":{"line":37,"column":25},"end":{"line":37,"column":52}}}},"branchMap":{},"s":{"0":0,"1":0,"2":0,"3":0,"4":0,"5":0,"6":0,"7":0,"8":0,"9":0,"10":0},"f":{"0":0,"1":0,"2":0,"3":0,"4":0},"b":{}}
,"/home/zale/Área de Trabalho/ignite/nodejs/src/modules/car/useCases/Category/createCategory/CreateCategoryController.ts": {"path":"/home/zale/Área de Trabalho/ignite/nodejs/src/modules/car/useCases/Category/createCategory/CreateCategoryController.ts","statementMap":{"0":{"start":{"line":2,"column":0},"end":{"line":2,"column":37}},"1":{"start":{"line":4,"column":0},"end":{"line":4,"column":64}},"2":{"start":{"line":8,"column":34},"end":{"line":8,"column":42}},"3":{"start":{"line":10,"column":34},"end":{"line":10,"column":74}},"4":{"start":{"line":12,"column":21},"end":{"line":15,"column":6}},"5":{"start":{"line":17,"column":4},"end":{"line":17,"column":42}},"6":{"start":{"line":21,"column":9},"end":{"line":21,"column":33}}},"fnMap":{"0":{"name":"(anonymous_7)","decl":{"start":{"line":7,"column":8},"end":{"line":7,"column":14}},"loc":{"start":{"line":7,"column":42},"end":{"line":18,"column":null}}}},"branchMap":{},"s":{"0":0,"1":0,"2":0,"3":0,"4":0,"5":0,"6":0},"f":{"0":0},"b":{}}
,"/home/zale/Área de Trabalho/ignite/nodejs/src/modules/car/useCases/Category/createCategory/CreateCategoryService.ts": {"path":"/home/zale/Área de Trabalho/ignite/nodejs/src/modules/car/useCases/Category/createCategory/CreateCategoryService.ts","statementMap":{"0":{"start":{"line":1,"column":0},"end":{"line":1,"column":46}},"1":{"start":{"line":3,"column":0},"end":{"line":3,"column":54}},"2":{"start":{"line":12,"column":0},"end":{"line":40,"column":null}},"3":{"start":{"line":16,"column":12},"end":{"line":16,"column":51}},"4":{"start":{"line":23,"column":4},"end":{"line":25,"column":null}},"5":{"start":{"line":24,"column":6},"end":{"line":24,"column":54}},"6":{"start":{"line":27,"column":26},"end":{"line":27,"column":72}},"7":{"start":{"line":28,"column":4},"end":{"line":30,"column":null}},"8":{"start":{"line":29,"column":6},"end":{"line":29,"column":53}},"9":{"start":{"line":32,"column":21},"end":{"line":35,"column":6}},"10":{"start":{"line":36,"column":4},"end":{"line":36,"column":49}},"11":{"start":{"line":38,"column":4},"end":{"line":38,"column":20}},"12":{"start":{"line":13,"column":6},"end":{"line":40,"column":null}},"13":{"start":{"line":42,"column":9},"end":{"line":42,"column":30}}},"fnMap":{"0":{"name":"(anonymous_12)","decl":{"start":{"line":14,"column":2},"end":{"line":14,"column":null}},"loc":{"start":{"line":16,"column":51},"end":{"line":17,"column":6}}},"1":{"name":"(anonymous_13)","decl":{"start":{"line":19,"column":15},"end":{"line":19,"column":22}},"loc":{"start":{"line":22,"column":27},"end":{"line":39,"column":null}}}},"branchMap":{"0":{"loc":{"start":{"line":23,"column":4},"end":{"line":25,"column":null}},"type":"if","locations":[{"start":{"line":23,"column":4},"end":{"line":25,"column":null}}]},"1":{"loc":{"start":{"line":23,"column":8},"end":{"line":23,"column":29}},"type":"binary-expr","locations":[{"start":{"line":23,"column":8},"end":{"line":23,"column":13}},{"start":{"line":23,"column":17},"end":{"line":23,"column":29}}]},"2":{"loc":{"start":{"line":28,"column":4},"end":{"line":30,"column":null}},"type":"if","locations":[{"start":{"line":28,"column":4},"end":{"line":30,"column":null}}]}},"s":{"0":2,"1":2,"2":2,"3":2,"4":5,"5":1,"6":4,"7":4,"8":1,"9":3,"10":3,"11":3,"12":2,"13":2},"f":{"0":2,"1":5},"b":{"0":[1],"1":[5,4],"2":[1]}}
,"/home/zale/Área de Trabalho/ignite/nodejs/src/modules/car/useCases/Category/importCategories/ImportCategoriesController.ts": {"path":"/home/zale/Área de Trabalho/ignite/nodejs/src/modules/car/useCases/Category/importCategories/ImportCategoriesController.ts","statementMap":{"0":{"start":{"line":2,"column":0},"end":{"line":2,"column":37}},"1":{"start":{"line":4,"column":0},"end":{"line":4,"column":68}},"2":{"start":{"line":8,"column":21},"end":{"line":8,"column":24}},"3":{"start":{"line":9,"column":36},"end":{"line":9,"column":78}},"4":{"start":{"line":10,"column":19},"end":{"line":10,"column":62}},"5":{"start":{"line":11,"column":4},"end":{"line":11,"column":28}},"6":{"start":{"line":15,"column":9},"end":{"line":15,"column":35}}},"fnMap":{"0":{"name":"(anonymous_7)","decl":{"start":{"line":7,"column":8},"end":{"line":7,"column":14}},"loc":{"start":{"line":7,"column":42},"end":{"line":12,"column":null}}}},"branchMap":{},"s":{"0":0,"1":0,"2":0,"3":0,"4":0,"5":0,"6":0},"f":{"0":0},"b":{}}
,"/home/zale/Área de Trabalho/ignite/nodejs/src/modules/car/useCases/Category/importCategories/ImportCategoriesService.ts": {"path":"/home/zale/Área de Trabalho/ignite/nodejs/src/modules/car/useCases/Category/importCategories/ImportCategoriesService.ts","statementMap":{"0":{"start":{"line":1,"column":0},"end":{"line":1,"column":34}},"1":{"start":{"line":2,"column":0},"end":{"line":2,"column":25}},"2":{"start":{"line":3,"column":0},"end":{"line":3,"column":46}},"3":{"start":{"line":5,"column":0},"end":{"line":5,"column":54}},"4":{"start":{"line":20,"column":0},"end":{"line":91,"column":null}},"5":{"start":{"line":24,"column":12},"end":{"line":24,"column":51}},"6":{"start":{"line":28,"column":4},"end":{"line":50,"column":7}},"7":{"start":{"line":29,"column":21},"end":{"line":29,"column":51}},"8":{"start":{"line":31,"column":38},"end":{"line":31,"column":40}},"9":{"start":{"line":33,"column":25},"end":{"line":33,"column":32}},"10":{"start":{"line":35,"column":6},"end":{"line":35,"column":30}},"11":{"start":{"line":37,"column":6},"end":{"line":49,"column":11}},"12":{"start":{"line":38,"column":35},"end":{"line":41,"column":10}},"13":{"start":{"line":39,"column":38},"end":{"line":39,"column":42}},"14":{"start":{"line":40,"column":10},"end":{"line":40,"column":49}},"15":{"start":{"line":43,"column":10},"end":{"line":43,"column":40}},"16":{"start":{"line":44,"column":10},"end":{"line":44,"column":30}},"17":{"start":{"line":47,"column":10},"end":{"line":47,"column":40}},"18":{"start":{"line":48,"column":10},"end":{"line":48,"column":22}},"19":{"start":{"line":54,"column":38},"end":{"line":54,"column":40}},"20":{"start":{"line":56,"column":4},"end":{"line":59,"column":null}},"21":{"start":{"line":57,"column":6},"end":{"line":57,"column":36}},"22":{"start":{"line":58,"column":6},"end":{"line":58,"column":57}},"23":{"start":{"line":61,"column":23},"end":{"line":61,"column":54}},"24":{"start":{"line":64,"column":4},"end":{"line":78,"column":null}},"25":{"start":{"line":65,"column":36},"end":{"line":65,"column":44}},"26":{"start":{"line":66,"column":6},"end":{"line":77,"column":null}},"27":{"start":{"line":69,"column":10},"end":{"line":69,"column":56}},"28":{"start":{"line":70,"column":8},"end":{"line":76,"column":null}},"29":{"start":{"line":71,"column":30},"end":{"line":74,"column":12}},"30":{"start":{"line":75,"column":10},"end":{"line":75,"column":42}},"31":{"start":{"line":80,"column":4},"end":{"line":80,"column":58}},"32":{"start":{"line":83,"column":6},"end":{"line":83,"column":46}},"33":{"start":{"line":85,"column":4},"end":{"line":89,"column":6}},"34":{"start":{"line":21,"column":6},"end":{"line":91,"column":null}},"35":{"start":{"line":93,"column":9},"end":{"line":93,"column":32}}},"fnMap":{"0":{"name":"(anonymous_18)","decl":{"start":{"line":22,"column":2},"end":{"line":22,"column":null}},"loc":{"start":{"line":24,"column":51},"end":{"line":25,"column":6}}},"1":{"name":"(anonymous_19)","decl":{"start":{"line":27,"column":10},"end":{"line":27,"column":24}},"loc":{"start":{"line":27,"column":50},"end":{"line":51,"column":3}}},"2":{"name":"(anonymous_20)","decl":{"start":{"line":28,"column":23},"end":{"line":28,"column":24}},"loc":{"start":{"line":28,"column":43},"end":{"line":50,"column":5}}},"3":{"name":"(anonymous_21)","decl":{"start":{"line":38,"column":20},"end":{"line":38,"column":27}},"loc":{"start":{"line":38,"column":35},"end":{"line":41,"column":10}}},"4":{"name":"(anonymous_22)","decl":{"start":{"line":38,"column":35},"end":{"line":38,"column":null}},"loc":{"start":{"line":38,"column":35},"end":{"line":41,"column":9}}},"5":{"name":"(anonymous_23)","decl":{"start":{"line":42,"column":19},"end":{"line":42,"column":22}},"loc":{"start":{"line":42,"column":24},"end":{"line":45,"column":9}}},"6":{"name":"(anonymous_24)","decl":{"start":{"line":46,"column":21},"end":{"line":46,"column":22}},"loc":{"start":{"line":46,"column":29},"end":{"line":49,"column":9}}},"7":{"name":"(anonymous_25)","decl":{"start":{"line":53,"column":8},"end":{"line":53,"column":15}},"loc":{"start":{"line":53,"column":41},"end":{"line":90,"column":null}}}},"branchMap":{"0":{"loc":{"start":{"line":56,"column":4},"end":{"line":59,"column":null}},"type":"if","locations":[{"start":{"line":56,"column":4},"end":{"line":59,"column":null}}]},"1":{"loc":{"start":{"line":66,"column":6},"end":{"line":77,"column":null}},"type":"if","locations":[{"start":{"line":66,"column":6},"end":{"line":77,"column":null}}]},"2":{"loc":{"start":{"line":66,"column":10},"end":{"line":66,"column":29}},"type":"binary-expr","locations":[{"start":{"line":66,"column":10},"end":{"line":66,"column":14}},{"start":{"line":66,"column":18},"end":{"line":66,"column":29}}]},"3":{"loc":{"start":{"line":70,"column":8},"end":{"line":76,"column":null}},"type":"if","locations":[{"start":{"line":70,"column":8},"end":{"line":76,"column":null}}]}},"s":{"0":0,"1":0,"2":0,"3":0,"4":0,"5":0,"6":0,"7":0,"8":0,"9":0,"10":0,"11":0,"12":0,"13":0,"14":0,"15":0,"16":0,"17":0,"18":0,"19":0,"20":0,"21":0,"22":0,"23":0,"24":0,"25":0,"26":0,"27":0,"28":0,"29":0,"30":0,"31":0,"32":0,"33":0,"34":0,"35":0},"f":{"0":0,"1":0,"2":0,"3":0,"4":0,"5":0,"6":0,"7":0},"b":{"0":[0],"1":[0],"2":[0,0],"3":[0]}}
,"/home/zale/Área de Trabalho/ignite/nodejs/src/modules/car/useCases/Category/listCategories/ListCategoriesController.ts": {"path":"/home/zale/Área de Trabalho/ignite/nodejs/src/modules/car/useCases/Category/listCategories/ListCategoriesController.ts","statementMap":{"0":{"start":{"line":2,"column":0},"end":{"line":2,"column":37}},"1":{"start":{"line":4,"column":0},"end":{"line":4,"column":64}},"2":{"start":{"line":8,"column":34},"end":{"line":8,"column":74}},"3":{"start":{"line":9,"column":23},"end":{"line":9,"column":60}},"4":{"start":{"line":10,"column":4},"end":{"line":10,"column":44}},"5":{"start":{"line":14,"column":9},"end":{"line":14,"column":33}}},"fnMap":{"0":{"name":"(anonymous_7)","decl":{"start":{"line":7,"column":8},"end":{"line":7,"column":14}},"loc":{"start":{"line":7,"column":42},"end":{"line":11,"column":null}}}},"branchMap":{},"s":{"0":0,"1":0,"2":0,"3":0,"4":0,"5":0},"f":{"0":0},"b":{}}
,"/home/zale/Área de Trabalho/ignite/nodejs/src/modules/car/useCases/Category/listCategories/ListCategoriesService.ts": {"path":"/home/zale/Área de Trabalho/ignite/nodejs/src/modules/car/useCases/Category/listCategories/ListCategoriesService.ts","statementMap":{"0":{"start":{"line":1,"column":0},"end":{"line":1,"column":46}},"1":{"start":{"line":6,"column":0},"end":{"line":16,"column":null}},"2":{"start":{"line":10,"column":12},"end":{"line":10,"column":51}},"3":{"start":{"line":13,"column":23},"end":{"line":13,"column":59}},"4":{"start":{"line":14,"column":4},"end":{"line":14,"column":22}},"5":{"start":{"line":7,"column":6},"end":{"line":16,"column":null}},"6":{"start":{"line":18,"column":9},"end":{"line":18,"column":30}}},"fnMap":{"0":{"name":"(anonymous_11)","decl":{"start":{"line":8,"column":2},"end":{"line":8,"column":null}},"loc":{"start":{"line":10,"column":51},"end":{"line":11,"column":6}}},"1":{"name":"(anonymous_12)","decl":{"start":{"line":12,"column":8},"end":{"line":12,"column":15}},"loc":{"start":{"line":12,"column":15},"end":{"line":15,"column":null}}}},"branchMap":{},"s":{"0":1,"1":1,"2":1,"3":2,"4":2,"5":1,"6":1},"f":{"0":1,"1":2},"b":{}}
,"/home/zale/Área de Trabalho/ignite/nodejs/src/modules/car/useCases/Specification/createSpecification/CreateSpecificationController.ts": {"path":"/home/zale/Área de Trabalho/ignite/nodejs/src/modules/car/useCases/Specification/createSpecification/CreateSpecificationController.ts","statementMap":{"0":{"start":{"line":2,"column":0},"end":{"line":2,"column":37}},"1":{"start":{"line":4,"column":0},"end":{"line":4,"column":74}},"2":{"start":{"line":8,"column":34},"end":{"line":8,"column":42}},"3":{"start":{"line":10,"column":39},"end":{"line":11,"column":null}},"4":{"start":{"line":14,"column":26},"end":{"line":17,"column":6}},"5":{"start":{"line":19,"column":4},"end":{"line":19,"column":47}},"6":{"start":{"line":23,"column":9},"end":{"line":23,"column":38}}},"fnMap":{"0":{"name":"(anonymous_7)","decl":{"start":{"line":7,"column":8},"end":{"line":7,"column":14}},"loc":{"start":{"line":7,"column":42},"end":{"line":20,"column":null}}}},"branchMap":{},"s":{"0":0,"1":0,"2":0,"3":0,"4":0,"5":0,"6":0},"f":{"0":0},"b":{}}
,"/home/zale/Área de Trabalho/ignite/nodejs/src/modules/car/useCases/Specification/createSpecification/CreateSpecificationService.ts": {"path":"/home/zale/Área de Trabalho/ignite/nodejs/src/modules/car/useCases/Specification/createSpecification/CreateSpecificationService.ts","statementMap":{"0":{"start":{"line":1,"column":0},"end":{"line":1,"column":40}},"1":{"start":{"line":2,"column":0},"end":{"line":2,"column":46}},"2":{"start":{"line":12,"column":0},"end":{"line":40,"column":null}},"3":{"start":{"line":16,"column":12},"end":{"line":16,"column":61}},"4":{"start":{"line":23,"column":4},"end":{"line":25,"column":null}},"5":{"start":{"line":24,"column":6},"end":{"line":24,"column":54}},"6":{"start":{"line":26,"column":32},"end":{"line":27,"column":null}},"7":{"start":{"line":29,"column":4},"end":{"line":31,"column":null}},"8":{"start":{"line":30,"column":6},"end":{"line":30,"column":57}},"9":{"start":{"line":33,"column":26},"end":{"line":36,"column":6}},"10":{"start":{"line":38,"column":4},"end":{"line":38,"column":25}},"11":{"start":{"line":13,"column":6},"end":{"line":40,"column":null}},"12":{"start":{"line":42,"column":9},"end":{"line":42,"column":35}}},"fnMap":{"0":{"name":"(anonymous_12)","decl":{"start":{"line":14,"column":2},"end":{"line":14,"column":null}},"loc":{"start":{"line":16,"column":61},"end":{"line":17,"column":6}}},"1":{"name":"(anonymous_13)","decl":{"start":{"line":19,"column":15},"end":{"line":19,"column":22}},"loc":{"start":{"line":22,"column":32},"end":{"line":39,"column":null}}}},"branchMap":{"0":{"loc":{"start":{"line":23,"column":4},"end":{"line":25,"column":null}},"type":"if","locations":[{"start":{"line":23,"column":4},"end":{"line":25,"column":null}}]},"1":{"loc":{"start":{"line":23,"column":8},"end":{"line":23,"column":29}},"type":"binary-expr","locations":[{"start":{"line":23,"column":8},"end":{"line":23,"column":13}},{"start":{"line":23,"column":17},"end":{"line":23,"column":29}}]},"2":{"loc":{"start":{"line":29,"column":4},"end":{"line":31,"column":null}},"type":"if","locations":[{"start":{"line":29,"column":4},"end":{"line":31,"column":null}}]}},"s":{"0":0,"1":0,"2":0,"3":0,"4":0,"5":0,"6":0,"7":0,"8":0,"9":0,"10":0,"11":0,"12":0},"f":{"0":0,"1":0},"b":{"0":[0],"1":[0,0],"2":[0]}}
,"/home/zale/Área de Trabalho/ignite/nodejs/src/modules/car/useCases/Specification/listSpecifications/ListSpecificationsController.ts": {"path":"/home/zale/Área de Trabalho/ignite/nodejs/src/modules/car/useCases/Specification/listSpecifications/ListSpecificationsController.ts","statementMap":{"0":{"start":{"line":2,"column":0},"end":{"line":2,"column":37}},"1":{"start":{"line":4,"column":0},"end":{"line":4,"column":71}},"2":{"start":{"line":8,"column":37},"end":{"line":9,"column":null}},"3":{"start":{"line":11,"column":27},"end":{"line":11,"column":67}},"4":{"start":{"line":12,"column":4},"end":{"line":12,"column":48}},"5":{"start":{"line":16,"column":9},"end":{"line":16,"column":36}}},"fnMap":{"0":{"name":"(anonymous_7)","decl":{"start":{"line":7,"column":8},"end":{"line":7,"column":14}},"loc":{"start":{"line":7,"column":42},"end":{"line":13,"column":null}}}},"branchMap":{},"s":{"0":0,"1":0,"2":0,"3":0,"4":0,"5":0},"f":{"0":0},"b":{}}
,"/home/zale/Área de Trabalho/ignite/nodejs/src/modules/car/useCases/Specification/listSpecifications/ListSpecificationsService.ts": {"path":"/home/zale/Área de Trabalho/ignite/nodejs/src/modules/car/useCases/Specification/listSpecifications/ListSpecificationsService.ts","statementMap":{"0":{"start":{"line":1,"column":0},"end":{"line":1,"column":46}},"1":{"start":{"line":6,"column":0},"end":{"line":17,"column":null}},"2":{"start":{"line":10,"column":12},"end":{"line":10,"column":61}},"3":{"start":{"line":14,"column":27},"end":{"line":14,"column":68}},"4":{"start":{"line":15,"column":4},"end":{"line":15,"column":26}},"5":{"start":{"line":7,"column":6},"end":{"line":17,"column":null}},"6":{"start":{"line":19,"column":9},"end":{"line":19,"column":33}}},"fnMap":{"0":{"name":"(anonymous_11)","decl":{"start":{"line":8,"column":2},"end":{"line":8,"column":null}},"loc":{"start":{"line":10,"column":61},"end":{"line":11,"column":6}}},"1":{"name":"(anonymous_12)","decl":{"start":{"line":13,"column":8},"end":{"line":13,"column":15}},"loc":{"start":{"line":13,"column":15},"end":{"line":16,"column":null}}}},"branchMap":{},"s":{"0":0,"1":0,"2":0,"3":0,"4":0,"5":0,"6":0},"f":{"0":0,"1":0},"b":{}}
,"/home/zale/Área de Trabalho/ignite/nodejs/src/routes/category.routes.ts": {"path":"/home/zale/Área de Trabalho/ignite/nodejs/src/routes/category.routes.ts","statementMap":{"0":{"start":{"line":1,"column":0},"end":{"line":1,"column":33}},"1":{"start":{"line":2,"column":0},"end":{"line":2,"column":28}},"2":{"start":{"line":4,"column":0},"end":{"line":4,"column":44}},"3":{"start":{"line":5,"column":0},"end":{"line":5,"column":73}},"4":{"start":{"line":6,"column":0},"end":{"line":6,"column":116}},"5":{"start":{"line":7,"column":0},"end":{"line":7,"column":122}},"6":{"start":{"line":8,"column":0},"end":{"line":8,"column":116}},"7":{"start":{"line":10,"column":23},"end":{"line":10,"column":31}},"8":{"start":{"line":29,"column":9},"end":{"line":29,"column":23}},"9":{"start":{"line":12,"column":19},"end":{"line":12,"column":53}},"10":{"start":{"line":14,"column":33},"end":{"line":14,"column":63}},"11":{"start":{"line":15,"column":0},"end":{"line":15,"column":57}},"12":{"start":{"line":17,"column":0},"end":{"line":17,"column":40}},"13":{"start":{"line":19,"column":33},"end":{"line":19,"column":63}},"14":{"start":{"line":20,"column":0},"end":{"line":20,"column":58}},"15":{"start":{"line":22,"column":35},"end":{"line":22,"column":67}},"16":{"start":{"line":23,"column":0},"end":{"line":27,"column":2}}},"fnMap":{},"branchMap":{},"s":{"0":0,"1":0,"2":0,"3":0,"4":0,"5":0,"6":0,"7":0,"8":0,"9":0,"10":0,"11":0,"12":0,"13":0,"14":0,"15":0,"16":0},"f":{},"b":{}}
,"/home/zale/Área de Trabalho/ignite/nodejs/src/routes/routes.ts": {"path":"/home/zale/Área de Trabalho/ignite/nodejs/src/routes/routes.ts","statementMap":{"0":{"start":{"line":1,"column":0},"end":{"line":1,"column":33}},"1":{"start":{"line":3,"column":0},"end":{"line":3,"column":51}},"2":{"start":{"line":4,"column":0},"end":{"line":4,"column":49}},"3":{"start":{"line":5,"column":0},"end":{"line":5,"column":61}},"4":{"start":{"line":6,"column":0},"end":{"line":6,"column":43}},"5":{"start":{"line":8,"column":15},"end":{"line":8,"column":23}},"6":{"start":{"line":15,"column":9},"end":{"line":15,"column":15}},"7":{"start":{"line":10,"column":0},"end":{"line":10,"column":40}},"8":{"start":{"line":11,"column":0},"end":{"line":11,"column":50}},"9":{"start":{"line":12,"column":0},"end":{"line":12,"column":32}},"10":{"start":{"line":13,"column":0},"end":{"line":13,"column":38}}},"fnMap":{},"branchMap":{},"s":{"0":0,"1":0,"2":0,"3":0,"4":0,"5":0,"6":0,"7":0,"8":0,"9":0,"10":0},"f":{},"b":{}}
,"/home/zale/Área de Trabalho/ignite/nodejs/src/routes/session.routes.ts": {"path":"/home/zale/Área de Trabalho/ignite/nodejs/src/routes/session.routes.ts","statementMap":{"0":{"start":{"line":1,"column":0},"end":{"line":1,"column":33}},"1":{"start":{"line":3,"column":0},"end":{"line":3,"column":114}},"2":{"start":{"line":5,"column":22},"end":{"line":5,"column":30}},"3":{"start":{"line":10,"column":9},"end":{"line":10,"column":22}},"4":{"start":{"line":7,"column":32},"end":{"line":7,"column":61}},"5":{"start":{"line":8,"column":0},"end":{"line":8,"column":56}}},"fnMap":{},"branchMap":{},"s":{"0":0,"1":0,"2":0,"3":0,"4":0,"5":0},"f":{},"b":{}}
,"/home/zale/Área de Trabalho/ignite/nodejs/src/routes/specification.routes.ts": {"path":"/home/zale/Área de Trabalho/ignite/nodejs/src/routes/specification.routes.ts","statementMap":{"0":{"start":{"line":1,"column":0},"end":{"line":1,"column":33}},"1":{"start":{"line":3,"column":0},"end":{"line":3,"column":136}},"2":{"start":{"line":4,"column":0},"end":{"line":4,"column":132}},"3":{"start":{"line":6,"column":28},"end":{"line":6,"column":36}},"4":{"start":{"line":14,"column":9},"end":{"line":14,"column":28}},"5":{"start":{"line":8,"column":38},"end":{"line":8,"column":73}},"6":{"start":{"line":9,"column":0},"end":{"line":9,"column":68}},"7":{"start":{"line":11,"column":36},"end":{"line":11,"column":69}},"8":{"start":{"line":12,"column":0},"end":{"line":12,"column":65}}},"fnMap":{},"branchMap":{},"s":{"0":0,"1":0,"2":0,"3":0,"4":0,"5":0,"6":0,"7":0,"8":0},"f":{},"b":{}}
,"/home/zale/Área de Trabalho/ignite/nodejs/src/routes/user.routes.ts": {"path":"/home/zale/Área de Trabalho/ignite/nodejs/src/routes/user.routes.ts","statementMap":{"0":{"start":{"line":1,"column":0},"end":{"line":1,"column":33}},"1":{"start":{"line":2,"column":0},"end":{"line":2,"column":28}},"2":{"start":{"line":4,"column":0},"end":{"line":4,"column":44}},"3":{"start":{"line":5,"column":0},"end":{"line":5,"column":73}},"4":{"start":{"line":6,"column":0},"end":{"line":6,"column":105}},"5":{"start":{"line":7,"column":0},"end":{"line":7,"column":111}},"6":{"start":{"line":9,"column":21},"end":{"line":9,"column":64}},"7":{"start":{"line":11,"column":19},"end":{"line":11,"column":27}},"8":{"start":{"line":25,"column":9},"end":{"line":25,"column":19}},"9":{"start":{"line":13,"column":29},"end":{"line":13,"column":55}},"10":{"start":{"line":14,"column":0},"end":{"line":14,"column":50}},"11":{"start":{"line":16,"column":0},"end":{"line":16,"column":36}},"12":{"start":{"line":18,"column":31},"end":{"line":18,"column":59}},"13":{"start":{"line":19,"column":0},"end":{"line":23,"column":2}}},"fnMap":{},"branchMap":{},"s":{"0":0,"1":0,"2":0,"3":0,"4":0,"5":0,"6":0,"7":0,"8":0,"9":0,"10":0,"11":0,"12":0,"13":0},"f":{},"b":{}}
,"/home/zale/Área de Trabalho/ignite/nodejs/src/shared/container/index.ts": {"path":"/home/zale/Área de Trabalho/ignite/nodejs/src/shared/container/index.ts","statementMap":{"0":{"start":{"line":1,"column":0},"end":{"line":1,"column":37}},"1":{"start":{"line":3,"column":0},"end":{"line":3,"column":100}},"2":{"start":{"line":6,"column":0},"end":{"line":6,"column":103}},"3":{"start":{"line":7,"column":0},"end":{"line":7,"column":113}},"4":{"start":{"line":10,"column":0},"end":{"line":13,"column":2}},"5":{"start":{"line":15,"column":0},"end":{"line":18,"column":2}},"6":{"start":{"line":20,"column":0},"end":{"line":20,"column":79}}},"fnMap":{},"branchMap":{},"s":{"0":0,"1":0,"2":0,"3":0,"4":0,"5":0,"6":0},"f":{},"b":{}}
}
