TN:
SF:src/server.ts
FN:20,(anonymous_1)
FN:30,(anonymous_2)
FNF:2
FNH:0
FNDA:0,(anonymous_1)
FNDA:0,(anonymous_2)
DA:1,0
DA:2,0
DA:3,0
DA:4,0
DA:5,0
DA:7,0
DA:9,0
DA:10,0
DA:12,0
DA:14,0
DA:16,0
DA:18,0
DA:20,0
DA:21,0
DA:22,0
DA:24,0
DA:30,0
DA:31,0
LF:18
LH:0
BRDA:21,0,0,0
BRF:1
BRH:0
end_of_record
TN:
SF:src/@types/express/index.d.ts
FNF:0
FNH:0
LF:0
LH:0
BRF:0
BRH:0
end_of_record
TN:
SF:src/config/upload.ts
FN:6,(anonymous_1)
FN:10,(anonymous_2)
FNF:2
FNH:0
FNDA:0,(anonymous_1)
FNDA:0,(anonymous_2)
DA:1,0
DA:2,0
DA:3,0
DA:5,0
DA:7,0
DA:11,0
DA:12,0
DA:14,0
LF:8
LH:0
BRF:0
BRH:0
end_of_record
TN:
SF:src/database/index.ts
FN:20,(anonymous_1)
FN:23,(anonymous_2)
FNF:2
FNH:0
FNDA:0,(anonymous_1)
FNDA:0,(anonymous_2)
DA:1,0
DA:3,0
DA:4,0
DA:5,0
DA:7,0
DA:18,0
DA:21,0
DA:24,0
DA:27,0
LF:9
LH:0
BRF:0
BRH:0
end_of_record
TN:
SF:src/database/migrations/1670433125106-CreateCategoryTable.ts
FN:4,(anonymous_7)
FN:44,(anonymous_9)
FNF:2
FNH:0
FNDA:0,(anonymous_7)
FNDA:0,(anonymous_9)
DA:1,0
DA:3,0
DA:5,0
DA:45,0
LF:4
LH:0
BRF:0
BRH:0
end_of_record
TN:
SF:src/database/migrations/1670530280977-CreateSpecificationTable.ts
FN:6,(anonymous_7)
FN:46,(anonymous_9)
FNF:2
FNH:0
FNDA:0,(anonymous_7)
FNDA:0,(anonymous_9)
DA:1,0
DA:3,0
DA:7,0
DA:47,0
LF:4
LH:0
BRF:0
BRH:0
end_of_record
TN:
SF:src/database/migrations/1670789264635-CreateUserTable.ts
FN:4,(anonymous_7)
FN:67,(anonymous_9)
FNF:2
FNH:0
FNDA:0,(anonymous_7)
FNDA:0,(anonymous_9)
DA:1,0
DA:3,0
DA:5,0
DA:68,0
LF:4
LH:0
BRF:0
BRH:0
end_of_record
TN:
SF:src/database/migrations/1670794694084-RemoveUsernameColumnForUser.ts
FN:6,(anonymous_7)
FN:10,(anonymous_9)
FNF:2
FNH:0
FNDA:0,(anonymous_7)
FNDA:0,(anonymous_9)
DA:1,0
DA:3,0
DA:7,0
DA:11,0
LF:4
LH:0
BRF:0
BRH:0
end_of_record
TN:
SF:src/database/migrations/1670848707878-AddAvatarColumnToUser.ts
FN:4,(anonymous_7)
FN:15,(anonymous_9)
FNF:2
FNH:0
FNDA:0,(anonymous_7)
FNDA:0,(anonymous_9)
DA:1,0
DA:3,0
DA:5,0
DA:16,0
LF:4
LH:0
BRF:0
BRH:0
end_of_record
TN:
SF:src/errors/AppError.ts
FN:6,(anonymous_0)
FNF:1
FNH:1
FNDA:8,(anonymous_0)
DA:7,8
DA:8,8
DA:12,4
LF:3
LH:3
BRDA:6,0,0,8
BRF:1
BRH:1
end_of_record
TN:
SF:src/middlewares/ensureAuthenticated.ts
FN:12,ensureAuthenticated
FNF:1
FNH:0
FNDA:0,ensureAuthenticated
DA:2,0
DA:3,0
DA:5,0
DA:12,0
DA:17,0
DA:18,0
DA:20,0
DA:22,0
DA:23,0
DA:24,0
DA:25,0
DA:26,0
DA:27,0
DA:33,0
DA:36,0
LF:15
LH:0
BRDA:18,0,0,0
BRDA:26,1,0,0
BRF:2
BRH:0
end_of_record
TN:
SF:src/modules/accounts/models/User.ts
FN:39,(anonymous_2)
FNF:1
FNH:1
FNDA:5,(anonymous_2)
DA:1,2
DA:8,2
DA:10,2
DA:11,2
DA:12,2
DA:15,2
DA:18,2
DA:21,2
DA:24,2
DA:27,2
DA:30,2
DA:33,2
DA:36,2
DA:40,5
DA:41,5
DA:46,2
LF:16
LH:16
BRDA:40,0,0,5
BRF:1
BRH:1
end_of_record
TN:
SF:src/modules/accounts/repositories/implementations/UserRepository.ts
FN:11,(anonymous_8)
FN:15,(anonymous_9)
FN:25,(anonymous_10)
FN:30,(anonymous_12)
FN:35,(anonymous_14)
FN:40,(anonymous_16)
FNF:6
FNH:0
FNDA:0,(anonymous_8)
FNDA:0,(anonymous_9)
FNDA:0,(anonymous_10)
FNDA:0,(anonymous_12)
FNDA:0,(anonymous_14)
FNDA:0,(anonymous_16)
DA:3,0
DA:5,0
DA:12,0
DA:16,0
DA:22,0
DA:26,0
DA:27,0
DA:31,0
DA:32,0
DA:36,0
DA:37,0
DA:41,0
DA:44,0
DA:48,0
LF:14
LH:0
BRF:0
BRH:0
end_of_record
TN:
SF:src/modules/accounts/repositories/inMemory/UserRepository.ts
FN:8,(anonymous_8)
FN:12,(anonymous_9)
FN:26,(anonymous_10)
FN:31,(anonymous_12)
FN:32,(anonymous_14)
FN:36,(anonymous_15)
FN:37,(anonymous_17)
FN:41,(anonymous_18)
FN:43,(anonymous_20)
FNF:9
FNH:7
FNDA:8,(anonymous_8)
FNDA:5,(anonymous_9)
FNDA:5,(anonymous_10)
FNDA:0,(anonymous_12)
FNDA:0,(anonymous_14)
FNDA:10,(anonymous_15)
FNDA:4,(anonymous_17)
FNDA:6,(anonymous_18)
FNDA:1,(anonymous_20)
DA:2,2
DA:9,8
DA:13,5
DA:14,5
DA:23,5
DA:27,5
DA:28,5
DA:32,0
DA:33,0
DA:37,10
DA:38,10
DA:42,6
DA:43,1
DA:45,6
DA:49,2
LF:15
LH:13
BRF:0
BRH:0
end_of_record
TN:
SF:src/modules/accounts/useCases/User/createSession/CreateSessionController.ts
FN:7,(anonymous_7)
FNF:1
FNH:0
FNDA:0,(anonymous_7)
DA:2,0
DA:4,0
DA:8,0
DA:10,0
DA:11,0
DA:13,0
DA:17,0
LF:7
LH:0
BRF:0
BRH:0
end_of_record
TN:
SF:src/modules/accounts/useCases/User/createSession/CreateSessionService.ts
FN:23,(anonymous_12)
FN:27,(anonymous_13)
FNF:2
FNH:2
FNDA:4,(anonymous_12)
FNDA:4,(anonymous_13)
DA:1,1
DA:2,1
DA:3,1
DA:4,1
DA:21,1
DA:22,1
DA:24,4
DA:28,4
DA:29,1
DA:32,3
DA:33,3
DA:35,2
DA:36,2
DA:38,1
DA:43,1
DA:53,1
LF:16
LH:16
BRDA:28,0,0,1
BRDA:28,1,0,4
BRDA:28,1,1,3
BRDA:33,2,0,1
BRDA:36,3,0,1
BRF:5
BRH:5
end_of_record
TN:
SF:src/modules/accounts/useCases/User/createUser/CreateUserController.ts
FN:7,(anonymous_7)
FNF:1
FNH:0
FNDA:0,(anonymous_7)
DA:2,0
DA:4,0
DA:8,0
DA:10,0
DA:12,0
DA:19,0
DA:23,0
LF:7
LH:0
BRF:0
BRH:0
end_of_record
TN:
SF:src/modules/accounts/useCases/User/createUser/CreateUserService.ts
FN:11,(anonymous_12)
FN:15,(anonymous_13)
FNF:2
FNH:2
FNDA:8,(anonymous_12)
FNDA:8,(anonymous_13)
DA:1,2
DA:2,2
DA:3,2
DA:9,2
DA:10,2
DA:12,8
DA:21,8
DA:22,1
DA:25,7
DA:28,7
DA:31,6
DA:32,6
DA:33,1
DA:35,5
DA:37,5
DA:44,5
DA:46,5
DA:50,2
LF:18
LH:18
BRDA:21,0,0,1
BRDA:21,1,0,8
BRDA:21,1,1,7
BRDA:21,1,2,7
BRDA:21,1,3,7
BRDA:28,2,0,1
BRDA:32,3,0,1
BRF:7
BRH:7
end_of_record
TN:
SF:src/modules/accounts/useCases/User/updateAvatar/UpdateAvatarController.ts
FN:9,(anonymous_8)
FNF:1
FNH:0
FNDA:0,(anonymous_8)
DA:1,0
DA:3,0
DA:4,0
DA:6,0
DA:10,0
DA:11,0
DA:13,0
DA:14,0
DA:17,0
DA:18,0
DA:19,0
DA:22,0
DA:23,0
DA:25,0
DA:29,0
LF:15
LH:0
BRDA:10,0,0,0
BRDA:10,0,1,0
BRDA:11,1,0,0
BRDA:11,1,1,0
BRDA:11,2,0,0
BRDA:11,2,1,0
BRDA:13,3,0,0
BRDA:17,4,0,0
BRF:8
BRH:0
end_of_record
TN:
SF:src/modules/accounts/useCases/User/updateAvatar/UpdateAvatarService.ts
FN:17,(anonymous_12)
FN:21,(anonymous_13)
FNF:2
FNH:0
FNDA:0,(anonymous_12)
FNDA:0,(anonymous_13)
DA:1,0
DA:2,0
DA:3,0
DA:13,0
DA:15,0
DA:16,0
DA:18,0
DA:22,0
DA:23,0
DA:26,0
DA:27,0
DA:28,0
DA:31,0
DA:32,0
DA:34,0
DA:35,0
DA:36,0
DA:39,0
DA:41,0
DA:42,0
DA:43,0
DA:45,0
DA:49,0
LF:23
LH:0
BRDA:22,0,0,0
BRDA:26,1,0,0
BRDA:32,2,0,0
BRDA:34,3,0,0
BRF:4
BRH:0
end_of_record
TN:
SF:src/modules/car/models/Category.ts
FN:27,(anonymous_2)
FNF:1
FNH:1
FNDA:3,(anonymous_2)
DA:1,2
DA:8,2
DA:10,2
DA:11,2
DA:12,2
DA:15,2
DA:18,2
DA:21,2
DA:24,2
DA:28,3
DA:29,3
DA:34,2
LF:12
LH:12
BRDA:28,0,0,3
BRF:1
BRH:1
end_of_record
TN:
SF:src/modules/car/models/Specification.ts
FN:27,(anonymous_2)
FNF:1
FNH:0
FNDA:0,(anonymous_2)
DA:1,0
DA:8,0
DA:10,0
DA:11,0
DA:12,0
DA:15,0
DA:18,0
DA:21,0
DA:24,0
DA:28,0
DA:29,0
DA:34,0
LF:12
LH:0
BRDA:28,0,0,0
BRF:1
BRH:0
end_of_record
TN:
SF:src/modules/car/repositories/implementations/CategoryRepository.ts
FN:13,(anonymous_8)
FN:17,(anonymous_9)
FN:26,(anonymous_10)
FN:31,(anonymous_12)
FN:36,(anonymous_14)
FN:41,(anonymous_16)
FNF:6
FNH:0
FNDA:0,(anonymous_8)
FNDA:0,(anonymous_9)
FNDA:0,(anonymous_10)
FNDA:0,(anonymous_12)
FNDA:0,(anonymous_14)
FNDA:0,(anonymous_16)
DA:3,0
DA:4,0
DA:14,0
DA:18,0
DA:23,0
DA:27,0
DA:28,0
DA:32,0
DA:33,0
DA:37,0
DA:38,0
DA:42,0
DA:47,0
DA:51,0
LF:14
LH:0
BRF:0
BRH:0
end_of_record
TN:
SF:src/modules/car/repositories/implementations/SpecificationRepository.ts
FN:13,(anonymous_8)
FN:17,(anonymous_9)
FN:28,(anonymous_11)
FN:33,(anonymous_13)
FNF:4
FNH:0
FNDA:0,(anonymous_8)
FNDA:0,(anonymous_9)
FNDA:0,(anonymous_11)
FNDA:0,(anonymous_13)
DA:3,0
DA:4,0
DA:14,0
DA:21,0
DA:23,0
DA:25,0
DA:29,0
DA:30,0
DA:34,0
DA:39,0
DA:43,0
LF:11
LH:0
BRF:0
BRH:0
end_of_record
TN:
SF:src/modules/car/repositories/inMemory/CategoryRepository.ts
FN:10,(anonymous_8)
FN:14,(anonymous_9)
FN:23,(anonymous_10)
FN:28,(anonymous_12)
FN:29,(anonymous_14)
FN:36,(anonymous_15)
FN:40,(anonymous_17)
FN:41,(anonymous_19)
FNF:8
FNH:6
FNDA:2,(anonymous_8)
FNDA:3,(anonymous_9)
FNDA:3,(anonymous_10)
FNDA:0,(anonymous_12)
FNDA:0,(anonymous_14)
FNDA:2,(anonymous_15)
FNDA:4,(anonymous_17)
FNDA:2,(anonymous_19)
DA:1,2
DA:11,2
DA:15,3
DA:16,3
DA:21,3
DA:24,3
DA:25,3
DA:29,0
DA:30,0
DA:33,0
DA:37,2
DA:41,4
DA:42,4
DA:46,2
LF:14
LH:11
BRF:0
BRH:0
end_of_record
TN:
SF:src/modules/car/repositories/inMemory/SpecificationRepository.ts
FN:10,(anonymous_8)
FN:14,(anonymous_9)
FN:31,(anonymous_11)
FN:35,(anonymous_13)
FN:37,(anonymous_15)
FNF:5
FNH:0
FNDA:0,(anonymous_8)
FNDA:0,(anonymous_9)
FNDA:0,(anonymous_11)
FNDA:0,(anonymous_13)
FNDA:0,(anonymous_15)
DA:1,0
DA:11,0
DA:18,0
DA:19,0
DA:26,0
DA:28,0
DA:32,0
DA:36,0
DA:37,0
DA:39,0
DA:43,0
LF:11
LH:0
BRF:0
BRH:0
end_of_record
TN:
SF:src/modules/car/useCases/Category/createCategory/CreateCategoryController.ts
FN:7,(anonymous_7)
FNF:1
FNH:0
FNDA:0,(anonymous_7)
DA:2,0
DA:4,0
DA:8,0
DA:10,0
DA:12,0
DA:17,0
DA:21,0
LF:7
LH:0
BRF:0
BRH:0
end_of_record
TN:
SF:src/modules/car/useCases/Category/createCategory/CreateCategoryService.ts
FN:14,(anonymous_12)
FN:19,(anonymous_13)
FNF:2
FNH:2
FNDA:2,(anonymous_12)
FNDA:5,(anonymous_13)
DA:1,2
DA:3,2
DA:12,2
DA:13,2
DA:16,2
DA:23,5
DA:24,1
DA:27,4
DA:28,4
DA:29,1
DA:32,3
DA:36,3
DA:38,3
DA:42,2
LF:14
LH:14
BRDA:23,0,0,1
BRDA:23,1,0,5
BRDA:23,1,1,4
BRDA:28,2,0,1
BRF:4
BRH:4
end_of_record
TN:
SF:src/modules/car/useCases/Category/importCategories/ImportCategoriesController.ts
FN:7,(anonymous_7)
FNF:1
FNH:0
FNDA:0,(anonymous_7)
DA:2,0
DA:4,0
DA:8,0
DA:9,0
DA:10,0
DA:11,0
DA:15,0
LF:7
LH:0
BRF:0
BRH:0
end_of_record
TN:
SF:src/modules/car/useCases/Category/importCategories/ImportCategoriesService.ts
FN:22,(anonymous_18)
FN:27,(anonymous_19)
FN:28,(anonymous_20)
FN:38,(anonymous_21)
FN:38,(anonymous_22)
FN:42,(anonymous_23)
FN:46,(anonymous_24)
FN:53,(anonymous_25)
FNF:8
FNH:0
FNDA:0,(anonymous_18)
FNDA:0,(anonymous_19)
FNDA:0,(anonymous_20)
FNDA:0,(anonymous_21)
FNDA:0,(anonymous_22)
FNDA:0,(anonymous_23)
FNDA:0,(anonymous_24)
FNDA:0,(anonymous_25)
DA:1,0
DA:2,0
DA:3,0
DA:5,0
DA:20,0
DA:21,0
DA:24,0
DA:28,0
DA:29,0
DA:31,0
DA:33,0
DA:35,0
DA:37,0
DA:38,0
DA:39,0
DA:40,0
DA:43,0
DA:44,0
DA:47,0
DA:48,0
DA:54,0
DA:56,0
DA:57,0
DA:58,0
DA:61,0
DA:64,0
DA:65,0
DA:66,0
DA:69,0
DA:70,0
DA:71,0
DA:75,0
DA:80,0
DA:83,0
DA:85,0
DA:93,0
LF:36
LH:0
BRDA:56,0,0,0
BRDA:66,1,0,0
BRDA:66,2,0,0
BRDA:66,2,1,0
BRDA:70,3,0,0
BRF:5
BRH:0
end_of_record
TN:
SF:src/modules/car/useCases/Category/listCategories/ListCategoriesController.ts
FN:7,(anonymous_7)
FNF:1
FNH:0
FNDA:0,(anonymous_7)
DA:2,0
DA:4,0
DA:8,0
DA:9,0
DA:10,0
DA:14,0
LF:6
LH:0
BRF:0
BRH:0
end_of_record
TN:
SF:src/modules/car/useCases/Category/listCategories/ListCategoriesService.ts
FN:8,(anonymous_11)
FN:12,(anonymous_12)
FNF:2
FNH:2
FNDA:1,(anonymous_11)
FNDA:2,(anonymous_12)
DA:1,1
DA:6,1
DA:7,1
DA:10,1
DA:13,2
DA:14,2
DA:18,1
LF:7
LH:7
BRF:0
BRH:0
end_of_record
TN:
SF:src/modules/car/useCases/Specification/createSpecification/CreateSpecificationController.ts
FN:7,(anonymous_7)
FNF:1
FNH:0
FNDA:0,(anonymous_7)
DA:2,0
DA:4,0
DA:8,0
DA:10,0
DA:14,0
DA:19,0
DA:23,0
LF:7
LH:0
BRF:0
BRH:0
end_of_record
TN:
SF:src/modules/car/useCases/Specification/createSpecification/CreateSpecificationService.ts
FN:14,(anonymous_12)
FN:19,(anonymous_13)
FNF:2
FNH:0
FNDA:0,(anonymous_12)
FNDA:0,(anonymous_13)
DA:1,0
DA:2,0
DA:12,0
DA:13,0
DA:16,0
DA:23,0
DA:24,0
DA:26,0
DA:29,0
DA:30,0
DA:33,0
DA:38,0
DA:42,0
LF:13
LH:0
BRDA:23,0,0,0
BRDA:23,1,0,0
BRDA:23,1,1,0
BRDA:29,2,0,0
BRF:4
BRH:0
end_of_record
TN:
SF:src/modules/car/useCases/Specification/listSpecifications/ListSpecificationsController.ts
FN:7,(anonymous_7)
FNF:1
FNH:0
FNDA:0,(anonymous_7)
DA:2,0
DA:4,0
DA:8,0
DA:11,0
DA:12,0
DA:16,0
LF:6
LH:0
BRF:0
BRH:0
end_of_record
TN:
SF:src/modules/car/useCases/Specification/listSpecifications/ListSpecificationsService.ts
FN:8,(anonymous_11)
FN:13,(anonymous_12)
FNF:2
FNH:0
FNDA:0,(anonymous_11)
FNDA:0,(anonymous_12)
DA:1,0
DA:6,0
DA:7,0
DA:10,0
DA:14,0
DA:15,0
DA:19,0
LF:7
LH:0
BRF:0
BRH:0
end_of_record
TN:
SF:src/routes/category.routes.ts
FNF:0
FNH:0
DA:1,0
DA:2,0
DA:4,0
DA:5,0
DA:6,0
DA:7,0
DA:8,0
DA:10,0
DA:12,0
DA:14,0
DA:15,0
DA:17,0
DA:19,0
DA:20,0
DA:22,0
DA:23,0
DA:29,0
LF:17
LH:0
BRF:0
BRH:0
end_of_record
TN:
SF:src/routes/routes.ts
FNF:0
FNH:0
DA:1,0
DA:3,0
DA:4,0
DA:5,0
DA:6,0
DA:8,0
DA:10,0
DA:11,0
DA:12,0
DA:13,0
DA:15,0
LF:11
LH:0
BRF:0
BRH:0
end_of_record
TN:
SF:src/routes/session.routes.ts
FNF:0
FNH:0
DA:1,0
DA:3,0
DA:5,0
DA:7,0
DA:8,0
DA:10,0
LF:6
LH:0
BRF:0
BRH:0
end_of_record
TN:
SF:src/routes/specification.routes.ts
FNF:0
FNH:0
DA:1,0
DA:3,0
DA:4,0
DA:6,0
DA:8,0
DA:9,0
DA:11,0
DA:12,0
DA:14,0
LF:9
LH:0
BRF:0
BRH:0
end_of_record
TN:
SF:src/routes/user.routes.ts
FNF:0
FNH:0
DA:1,0
DA:2,0
DA:4,0
DA:5,0
DA:6,0
DA:7,0
DA:9,0
DA:11,0
DA:13,0
DA:14,0
DA:16,0
DA:18,0
DA:19,0
DA:25,0
LF:14
LH:0
BRF:0
BRH:0
end_of_record
TN:
SF:src/shared/container/index.ts
FNF:0
FNH:0
DA:1,0
DA:3,0
DA:6,0
DA:7,0
DA:10,0
DA:15,0
DA:20,0
LF:7
LH:0
BRF:0
BRH:0
end_of_record
