TN:
SF:src/server.ts
FN:21,(anonymous_1)
FN:31,(anonymous_2)
FNF:2
FNH:0
FNDA:0,(anonymous_1)
FNDA:0,(anonymous_2)
DA:1,0
DA:2,0
DA:3,0
DA:4,0
DA:6,0
DA:8,0
DA:10,0
DA:11,0
DA:13,0
DA:15,0
DA:17,0
DA:19,0
DA:21,0
DA:22,0
DA:23,0
DA:25,0
DA:31,0
DA:32,0
LF:18
LH:0
BRDA:22,0,0,0
BRF:1
BRH:0
end_of_record
TN:
SF:src/@types/express/index.d.ts
FNF:0
FNH:0
LF:0
LH:0
BRF:0
BRH:0
end_of_record
TN:
SF:src/config/upload.ts
FN:6,(anonymous_1)
FN:10,(anonymous_2)
FNF:2
FNH:0
FNDA:0,(anonymous_1)
FNDA:0,(anonymous_2)
DA:1,0
DA:2,0
DA:3,0
DA:5,0
DA:7,0
DA:11,0
DA:12,0
DA:14,0
LF:8
LH:0
BRF:0
BRH:0
end_of_record
TN:
SF:src/database/index.ts
FN:23,(anonymous_1)
FN:26,(anonymous_2)
FNF:2
FNH:0
FNDA:0,(anonymous_1)
FNDA:0,(anonymous_2)
DA:1,0
DA:3,0
DA:4,0
DA:5,0
DA:6,0
DA:7,0
DA:9,0
DA:21,0
DA:24,0
DA:27,0
DA:30,0
LF:11
LH:0
BRF:0
BRH:0
end_of_record
TN:
SF:src/database/migrations/1670433125106-CreateCategoryTable.ts
FN:4,(anonymous_7)
FN:43,(anonymous_9)
FNF:2
FNH:0
FNDA:0,(anonymous_7)
FNDA:0,(anonymous_9)
DA:1,0
DA:3,0
DA:5,0
DA:44,0
LF:4
LH:0
BRF:0
BRH:0
end_of_record
TN:
SF:src/database/migrations/1670530280977-CreateSpecificationTable.ts
FN:6,(anonymous_7)
FN:45,(anonymous_9)
FNF:2
FNH:0
FNDA:0,(anonymous_7)
FNDA:0,(anonymous_9)
DA:1,0
DA:3,0
DA:7,0
DA:46,0
LF:4
LH:0
BRF:0
BRH:0
end_of_record
TN:
SF:src/database/migrations/1670789264635-CreateUserTable.ts
FN:4,(anonymous_7)
FN:66,(anonymous_9)
FNF:2
FNH:0
FNDA:0,(anonymous_7)
FNDA:0,(anonymous_9)
DA:1,0
DA:3,0
DA:5,0
DA:67,0
LF:4
LH:0
BRF:0
BRH:0
end_of_record
TN:
SF:src/database/migrations/1670794694084-RemoveUsernameColumnForUser.ts
FN:6,(anonymous_7)
FN:10,(anonymous_9)
FNF:2
FNH:0
FNDA:0,(anonymous_7)
FNDA:0,(anonymous_9)
DA:1,0
DA:3,0
DA:7,0
DA:11,0
LF:4
LH:0
BRF:0
BRH:0
end_of_record
TN:
SF:src/database/migrations/1670848707878-AddAvatarColumnToUser.ts
FN:4,(anonymous_7)
FN:15,(anonymous_9)
FNF:2
FNH:0
FNDA:0,(anonymous_7)
FNDA:0,(anonymous_9)
DA:1,0
DA:3,0
DA:5,0
DA:16,0
LF:4
LH:0
BRF:0
BRH:0
end_of_record
TN:
SF:src/database/migrations/1674339015928-CreateCarTable.ts
FN:4,(anonymous_7)
FN:85,(anonymous_9)
FNF:2
FNH:0
FNDA:0,(anonymous_7)
FNDA:0,(anonymous_9)
DA:1,0
DA:3,0
DA:5,0
DA:86,0
LF:4
LH:0
BRF:0
BRH:0
end_of_record
TN:
SF:src/database/migrations/1674660603241-CreateCarSpecificationTable.ts
FN:6,(anonymous_7)
FN:49,(anonymous_9)
FNF:2
FNH:0
FNDA:0,(anonymous_7)
FNDA:0,(anonymous_9)
DA:1,0
DA:3,0
DA:7,0
DA:50,0
LF:4
LH:0
BRF:0
BRH:0
end_of_record
TN:
SF:src/database/migrations/1675042324036-CreateCarImageTable.ts
FN:4,(anonymous_7)
FN:46,(anonymous_9)
FNF:2
FNH:0
FNDA:0,(anonymous_7)
FNDA:0,(anonymous_9)
DA:1,0
DA:3,0
DA:5,0
DA:47,0
LF:4
LH:0
BRF:0
BRH:0
end_of_record
TN:
SF:src/database/migrations/1675109073934-CreateRentalTable.ts
FN:4,(anonymous_7)
FN:75,(anonymous_9)
FNF:2
FNH:0
FNDA:0,(anonymous_7)
FNDA:0,(anonymous_9)
DA:1,0
DA:3,0
DA:5,0
DA:76,0
LF:4
LH:0
BRF:0
BRH:0
end_of_record
TN:
SF:src/database/seed/admin.ts
FN:7,create
FN:24,(anonymous_10)
FN:25,(anonymous_11)
FNF:3
FNH:0
FNDA:0,create
FNDA:0,(anonymous_10)
FNDA:0,(anonymous_11)
DA:1,0
DA:2,0
DA:4,0
DA:5,0
DA:8,0
DA:9,0
DA:11,0
DA:20,0
DA:23,0
DA:24,0
DA:26,0
LF:11
LH:0
BRF:0
BRH:0
end_of_record
TN:
SF:src/middlewares/ensureAdmin.ts
FN:6,ensureAdmin
FNF:1
FNH:0
FNDA:0,ensureAdmin
DA:1,0
DA:4,0
DA:6,0
DA:11,0
DA:13,0
DA:14,0
DA:16,0
DA:18,0
LF:8
LH:0
BRDA:16,0,0,0
BRF:1
BRH:0
end_of_record
TN:
SF:src/middlewares/ensureAuthenticated.ts
FN:13,ensureAuthenticated
FNF:1
FNH:0
FNDA:0,ensureAuthenticated
DA:2,0
DA:3,0
DA:5,0
DA:13,0
DA:18,0
DA:19,0
DA:21,0
DA:23,0
DA:24,0
DA:25,0
DA:26,0
DA:27,0
DA:28,0
DA:34,0
DA:37,0
LF:15
LH:0
BRDA:19,0,0,0
BRDA:27,1,0,0
BRF:2
BRH:0
end_of_record
TN:
SF:src/modules/accounts/infra/typeorm/entities/User.ts
FN:39,(anonymous_2)
FNF:1
FNH:0
FNDA:0,(anonymous_2)
DA:1,0
DA:8,0
DA:10,0
DA:11,0
DA:12,0
DA:15,0
DA:18,0
DA:21,0
DA:24,0
DA:27,0
DA:30,0
DA:33,0
DA:36,0
DA:40,0
DA:41,0
DA:46,0
LF:16
LH:0
BRDA:40,0,0,0
BRF:1
BRH:0
end_of_record
TN:
SF:src/modules/accounts/infra/typeorm/mappers/UserMapper.ts
FN:7,(anonymous_1)
FN:22,(anonymous_2)
FNF:2
FNH:0
FNDA:0,(anonymous_1)
FNDA:0,(anonymous_2)
DA:1,0
DA:2,0
DA:4,0
DA:8,0
DA:9,0
DA:23,0
DA:36,0
LF:7
LH:0
BRF:0
BRH:0
end_of_record
TN:
SF:src/modules/accounts/infra/typeorm/repositories/UserRepository.ts
FN:12,(anonymous_8)
FN:16,(anonymous_9)
FN:20,(anonymous_11)
FN:25,(anonymous_13)
FN:30,(anonymous_15)
FNF:5
FNH:0
FNDA:0,(anonymous_8)
FNDA:0,(anonymous_9)
FNDA:0,(anonymous_11)
FNDA:0,(anonymous_13)
FNDA:0,(anonymous_15)
DA:3,0
DA:6,0
DA:7,0
DA:13,0
DA:17,0
DA:21,0
DA:22,0
DA:26,0
DA:27,0
DA:31,0
DA:34,0
DA:38,0
LF:12
LH:0
BRF:0
BRH:0
end_of_record
TN:
SF:src/modules/accounts/models/User.ts
FN:32,(anonymous_0)
FN:48,(anonymous_1)
FN:52,(anonymous_2)
FN:55,(anonymous_3)
FN:60,(anonymous_4)
FN:63,(anonymous_5)
FN:68,(anonymous_6)
FN:71,(anonymous_7)
FN:76,(anonymous_8)
FN:80,(anonymous_9)
FN:83,(anonymous_10)
FN:88,(anonymous_11)
FN:91,(anonymous_12)
FN:95,(anonymous_13)
FN:98,(anonymous_14)
FN:103,(anonymous_15)
FN:107,(anonymous_16)
FNF:17
FNH:8
FNDA:7,(anonymous_0)
FNDA:12,(anonymous_1)
FNDA:1,(anonymous_2)
FNDA:0,(anonymous_3)
FNDA:5,(anonymous_4)
FNDA:0,(anonymous_5)
FNDA:2,(anonymous_6)
FNDA:0,(anonymous_7)
FNDA:7,(anonymous_8)
FNDA:1,(anonymous_9)
FNDA:0,(anonymous_10)
FNDA:0,(anonymous_11)
FNDA:0,(anonymous_12)
FNDA:0,(anonymous_13)
FNDA:0,(anonymous_14)
FNDA:1,(anonymous_15)
FNDA:0,(anonymous_16)
DA:2,3
DA:3,3
DA:33,7
DA:34,7
DA:35,7
DA:36,7
DA:37,7
DA:38,7
DA:45,7
DA:49,12
DA:53,1
DA:56,0
DA:57,0
DA:61,5
DA:64,0
DA:65,0
DA:69,2
DA:72,0
DA:73,0
DA:74,0
DA:77,7
DA:81,1
DA:84,0
DA:85,0
DA:89,0
DA:92,0
DA:96,0
DA:99,0
DA:100,0
DA:104,1
DA:108,0
DA:112,3
LF:32
LH:17
BRDA:33,0,0,0
BRDA:33,0,1,7
BRDA:34,1,0,0
BRDA:34,1,1,7
BRDA:35,2,0,0
BRDA:35,2,1,7
BRDA:36,3,0,0
BRDA:36,3,1,7
BRDA:37,4,0,0
BRDA:37,4,1,7
BRDA:45,5,0,7
BRF:11
BRH:6
end_of_record
TN:
SF:src/modules/accounts/repositories/inMemory/UserRepository.ts
FN:8,(anonymous_7)
FN:12,(anonymous_8)
FN:16,(anonymous_10)
FN:17,(anonymous_12)
FN:21,(anonymous_13)
FN:22,(anonymous_15)
FN:26,(anonymous_16)
FN:28,(anonymous_18)
FNF:8
FNH:8
FNDA:9,(anonymous_7)
FNDA:6,(anonymous_8)
FNDA:5,(anonymous_10)
FNDA:5,(anonymous_12)
FNDA:10,(anonymous_13)
FNDA:4,(anonymous_15)
FNDA:6,(anonymous_16)
FNDA:1,(anonymous_18)
DA:9,9
DA:13,6
DA:17,5
DA:18,5
DA:22,10
DA:23,10
DA:27,6
DA:28,1
DA:30,6
DA:34,3
LF:10
LH:10
BRF:0
BRH:0
end_of_record
TN:
SF:src/modules/accounts/useCases/User/createSession/CreateSessionController.ts
FN:7,(anonymous_7)
FNF:1
FNH:0
FNDA:0,(anonymous_7)
DA:2,0
DA:4,0
DA:8,0
DA:10,0
DA:11,0
DA:13,0
DA:17,0
LF:7
LH:0
BRF:0
BRH:0
end_of_record
TN:
SF:src/modules/accounts/useCases/User/createSession/CreateSessionService.ts
FN:24,(anonymous_12)
FN:28,(anonymous_13)
FNF:2
FNH:2
FNDA:4,(anonymous_12)
FNDA:4,(anonymous_13)
DA:1,1
DA:2,1
DA:3,1
DA:5,1
DA:22,1
DA:23,1
DA:25,4
DA:29,4
DA:30,1
DA:33,3
DA:34,3
DA:36,2
DA:37,2
DA:39,1
DA:44,1
DA:54,1
LF:16
LH:16
BRDA:29,0,0,1
BRDA:29,1,0,4
BRDA:29,1,1,3
BRDA:34,2,0,1
BRDA:37,3,0,1
BRF:5
BRH:5
end_of_record
TN:
SF:src/modules/accounts/useCases/User/createUser/CreateUserController.ts
FN:7,(anonymous_7)
FNF:1
FNH:0
FNDA:0,(anonymous_7)
DA:2,0
DA:4,0
DA:8,0
DA:10,0
DA:12,0
DA:19,0
DA:23,0
LF:7
LH:0
BRF:0
BRH:0
end_of_record
TN:
SF:src/modules/accounts/useCases/User/createUser/CreateUserService.ts
FN:17,(anonymous_12)
FN:21,(anonymous_13)
FNF:2
FNH:2
FNDA:8,(anonymous_12)
FNDA:8,(anonymous_13)
DA:1,2
DA:2,2
DA:4,2
DA:15,2
DA:16,2
DA:18,8
DA:27,8
DA:28,1
DA:31,7
DA:34,7
DA:37,6
DA:38,6
DA:39,1
DA:41,5
DA:48,5
DA:50,5
DA:54,2
LF:17
LH:17
BRDA:27,0,0,1
BRDA:27,1,0,8
BRDA:27,1,1,7
BRDA:27,1,2,7
BRDA:27,1,3,7
BRDA:34,2,0,1
BRDA:38,3,0,1
BRF:7
BRH:7
end_of_record
TN:
SF:src/modules/accounts/useCases/User/updateAvatar/UpdateAvatarController.ts
FN:10,(anonymous_8)
FNF:1
FNH:0
FNDA:0,(anonymous_8)
DA:2,0
DA:3,0
DA:5,0
DA:7,0
DA:11,0
DA:12,0
DA:14,0
DA:15,0
DA:18,0
DA:19,0
DA:20,0
DA:23,0
DA:24,0
DA:26,0
DA:30,0
LF:15
LH:0
BRDA:11,0,0,0
BRDA:11,0,1,0
BRDA:12,1,0,0
BRDA:12,1,1,0
BRDA:12,2,0,0
BRDA:12,2,1,0
BRDA:14,3,0,0
BRDA:18,4,0,0
BRF:8
BRH:0
end_of_record
TN:
SF:src/modules/accounts/useCases/User/updateAvatar/UpdateAvatarService.ts
FN:18,(anonymous_12)
FN:22,(anonymous_13)
FNF:2
FNH:0
FNDA:0,(anonymous_12)
FNDA:0,(anonymous_13)
DA:1,0
DA:2,0
DA:4,0
DA:14,0
DA:16,0
DA:17,0
DA:19,0
DA:23,0
DA:24,0
DA:27,0
DA:28,0
DA:29,0
DA:32,0
DA:33,0
DA:35,0
DA:36,0
DA:37,0
DA:40,0
DA:42,0
DA:43,0
DA:44,0
DA:46,0
DA:50,0
LF:23
LH:0
BRDA:23,0,0,0
BRDA:27,1,0,0
BRDA:33,2,0,0
BRDA:35,3,0,0
BRF:4
BRH:0
end_of_record
TN:
SF:src/modules/car/infra/typeorm/entities/Car.ts
FN:45,(anonymous_3)
FN:49,(anonymous_4)
FNF:2
FNH:0
FNDA:0,(anonymous_3)
FNDA:0,(anonymous_4)
DA:1,0
DA:13,0
DA:14,0
DA:17,0
DA:18,0
DA:21,0
DA:24,0
DA:27,0
DA:30,0
DA:33,0
DA:36,0
DA:39,0
DA:42,0
DA:45,0
DA:49,0
DA:65,0
DA:68,0
DA:72,0
LF:18
LH:0
BRF:0
BRH:0
end_of_record
TN:
SF:src/modules/car/infra/typeorm/entities/CarImage.ts
FNF:0
FNH:0
DA:1,0
DA:4,0
DA:5,0
DA:8,0
DA:11,0
DA:14,0
DA:18,0
LF:7
LH:0
BRF:0
BRH:0
end_of_record
TN:
SF:src/modules/car/infra/typeorm/entities/Category.ts
FNF:0
FNH:0
DA:1,0
DA:10,0
DA:11,0
DA:14,0
DA:17,0
DA:20,0
DA:23,0
DA:27,0
LF:8
LH:0
BRF:0
BRH:0
end_of_record
TN:
SF:src/modules/car/infra/typeorm/entities/Specification.ts
FNF:0
FNH:0
DA:1,0
DA:10,0
DA:11,0
DA:14,0
DA:17,0
DA:20,0
DA:23,0
DA:27,0
LF:8
LH:0
BRF:0
BRH:0
end_of_record
TN:
SF:src/modules/car/infra/typeorm/mapper/CarImageMapper.ts
FN:7,(anonymous_1)
FN:18,(anonymous_2)
FNF:2
FNH:0
FNDA:0,(anonymous_1)
FNDA:0,(anonymous_2)
DA:1,0
DA:2,0
DA:4,0
DA:8,0
DA:10,0
DA:19,0
DA:28,0
LF:7
LH:0
BRF:0
BRH:0
end_of_record
TN:
SF:src/modules/car/infra/typeorm/mapper/CarMapper.ts
FN:11,(anonymous_1)
FN:30,(anonymous_2)
FN:39,(anonymous_3)
FN:60,(anonymous_4)
FNF:4
FNH:0
FNDA:0,(anonymous_1)
FNDA:0,(anonymous_2)
FNDA:0,(anonymous_3)
FNDA:0,(anonymous_4)
DA:1,0
DA:3,0
DA:5,0
DA:7,0
DA:8,0
DA:12,0
DA:13,0
DA:15,0
DA:29,0
DA:30,0
DA:31,0
DA:33,0
DA:36,0
DA:40,0
DA:42,0
DA:56,0
DA:57,0
DA:59,0
DA:60,0
DA:61,0
DA:63,0
DA:66,0
DA:70,0
LF:23
LH:0
BRDA:29,0,0,0
BRDA:56,1,0,0
BRDA:59,2,0,0
BRF:3
BRH:0
end_of_record
TN:
SF:src/modules/car/infra/typeorm/mapper/CategoryMapper.ts
FN:7,(anonymous_1)
FN:18,(anonymous_2)
FNF:2
FNH:0
FNDA:0,(anonymous_1)
FNDA:0,(anonymous_2)
DA:1,0
DA:2,0
DA:4,0
DA:8,0
DA:9,0
DA:19,0
DA:29,0
LF:7
LH:0
BRF:0
BRH:0
end_of_record
TN:
SF:src/modules/car/infra/typeorm/mapper/SpecificationMapper.ts
FN:7,(anonymous_1)
FN:18,(anonymous_2)
FNF:2
FNH:0
FNDA:0,(anonymous_1)
FNDA:0,(anonymous_2)
DA:1,0
DA:2,0
DA:4,0
DA:8,0
DA:9,0
DA:19,0
DA:29,0
LF:7
LH:0
BRF:0
BRH:0
end_of_record
TN:
SF:src/modules/car/infra/typeorm/repositories/CarImageRepository.ts
FN:11,(anonymous_8)
FN:14,(anonymous_9)
FN:16,(anonymous_11)
FNF:3
FNH:0
FNDA:0,(anonymous_8)
FNDA:0,(anonymous_9)
FNDA:0,(anonymous_11)
DA:3,0
DA:6,0
DA:7,0
DA:12,0
DA:15,0
DA:16,0
DA:17,0
DA:20,0
DA:24,0
LF:9
LH:0
BRF:0
BRH:0
end_of_record
TN:
SF:src/modules/car/infra/typeorm/repositories/CarRepository.ts
FN:15,(anonymous_8)
FN:19,(anonymous_9)
FN:23,(anonymous_11)
FN:26,(anonymous_13)
FN:30,(anonymous_14)
FN:42,(anonymous_16)
FN:55,(anonymous_18)
FN:78,(anonymous_20)
FNF:8
FNH:0
FNDA:0,(anonymous_8)
FNDA:0,(anonymous_9)
FNDA:0,(anonymous_11)
FNDA:0,(anonymous_13)
FNDA:0,(anonymous_14)
FNDA:0,(anonymous_16)
FNDA:0,(anonymous_18)
FNDA:0,(anonymous_20)
DA:6,0
DA:9,0
DA:10,0
DA:16,0
DA:20,0
DA:24,0
DA:25,0
DA:26,0
DA:27,0
DA:31,0
DA:38,0
DA:39,0
DA:43,0
DA:51,0
DA:52,0
DA:60,0
DA:62,0
DA:66,0
DA:67,0
DA:70,0
DA:71,0
DA:74,0
DA:76,0
DA:78,0
DA:79,0
DA:82,0
DA:86,0
LF:27
LH:0
BRDA:38,0,0,0
BRDA:51,1,0,0
BRDA:66,2,0,0
BRDA:70,3,0,0
BRDA:74,4,0,0
BRF:5
BRH:0
end_of_record
TN:
SF:src/modules/car/infra/typeorm/repositories/CategoryRepository.ts
FN:12,(anonymous_8)
FN:16,(anonymous_9)
FN:20,(anonymous_11)
FN:22,(anonymous_13)
FN:28,(anonymous_14)
FN:33,(anonymous_16)
FN:40,(anonymous_17)
FNF:7
FNH:0
FNDA:0,(anonymous_8)
FNDA:0,(anonymous_9)
FNDA:0,(anonymous_11)
FNDA:0,(anonymous_13)
FNDA:0,(anonymous_14)
FNDA:0,(anonymous_16)
FNDA:0,(anonymous_17)
DA:3,0
DA:6,0
DA:7,0
DA:13,0
DA:17,0
DA:21,0
DA:22,0
DA:23,0
DA:25,0
DA:29,0
DA:31,0
DA:33,0
DA:34,0
DA:37,0
DA:41,0
DA:46,0
DA:48,0
DA:52,0
LF:18
LH:0
BRDA:46,0,0,0
BRF:1
BRH:0
end_of_record
TN:
SF:src/modules/car/infra/typeorm/repositories/SpecificationRepository.ts
FN:12,(anonymous_8)
FN:16,(anonymous_9)
FN:20,(anonymous_11)
FN:22,(anonymous_13)
FN:29,(anonymous_14)
FN:33,(anonymous_16)
FN:40,(anonymous_17)
FN:50,(anonymous_19)
FN:57,(anonymous_21)
FN:61,(anonymous_23)
FNF:10
FNH:0
FNDA:0,(anonymous_8)
FNDA:0,(anonymous_9)
FNDA:0,(anonymous_11)
FNDA:0,(anonymous_13)
FNDA:0,(anonymous_14)
FNDA:0,(anonymous_16)
FNDA:0,(anonymous_17)
FNDA:0,(anonymous_19)
FNDA:0,(anonymous_21)
FNDA:0,(anonymous_23)
DA:3,0
DA:4,0
DA:6,0
DA:7,0
DA:13,0
DA:17,0
DA:21,0
DA:22,0
DA:23,0
DA:26,0
DA:30,0
DA:32,0
DA:33,0
DA:34,0
DA:37,0
DA:41,0
DA:45,0
DA:47,0
DA:51,0
DA:52,0
DA:54,0
DA:58,0
DA:60,0
DA:61,0
DA:62,0
DA:65,0
DA:69,0
LF:27
LH:0
BRDA:45,0,0,0
BRDA:52,1,0,0
BRF:2
BRH:0
end_of_record
TN:
SF:src/modules/car/models/Car.ts
FN:42,(anonymous_0)
FN:55,(anonymous_1)
FN:59,(anonymous_2)
FN:62,(anonymous_3)
FN:67,(anonymous_4)
FN:70,(anonymous_5)
FN:75,(anonymous_6)
FN:78,(anonymous_7)
FN:83,(anonymous_8)
FN:86,(anonymous_9)
FN:90,(anonymous_10)
FN:95,(anonymous_11)
FN:98,(anonymous_12)
FN:103,(anonymous_13)
FN:106,(anonymous_14)
FN:111,(anonymous_15)
FN:114,(anonymous_16)
FN:119,(anonymous_17)
FN:122,(anonymous_18)
FN:127,(anonymous_19)
FN:130,(anonymous_20)
FN:134,(anonymous_21)
FN:137,(anonymous_22)
FN:142,(anonymous_23)
FN:145,(anonymous_24)
FN:148,(anonymous_25)
FNF:26
FNH:12
FNDA:7,(anonymous_0)
FNDA:13,(anonymous_1)
FNDA:6,(anonymous_2)
FNDA:0,(anonymous_3)
FNDA:0,(anonymous_4)
FNDA:0,(anonymous_5)
FNDA:0,(anonymous_6)
FNDA:0,(anonymous_7)
FNDA:21,(anonymous_8)
FNDA:1,(anonymous_9)
FNDA:1,(anonymous_10)
FNDA:17,(anonymous_11)
FNDA:0,(anonymous_12)
FNDA:0,(anonymous_13)
FNDA:0,(anonymous_14)
FNDA:6,(anonymous_15)
FNDA:0,(anonymous_16)
FNDA:6,(anonymous_17)
FNDA:0,(anonymous_18)
FNDA:0,(anonymous_19)
FNDA:0,(anonymous_20)
FNDA:4,(anonymous_21)
FNDA:2,(anonymous_22)
FNDA:0,(anonymous_23)
FNDA:0,(anonymous_24)
FNDA:4,(anonymous_25)
DA:3,4
DA:43,7
DA:44,7
DA:45,7
DA:46,7
DA:47,7
DA:56,13
DA:60,6
DA:63,0
DA:64,0
DA:68,0
DA:71,0
DA:72,0
DA:76,0
DA:79,0
DA:80,0
DA:84,21
DA:87,1
DA:88,1
DA:91,1
DA:92,1
DA:96,17
DA:99,0
DA:100,0
DA:104,0
DA:107,0
DA:108,0
DA:112,6
DA:115,0
DA:116,0
DA:120,6
DA:123,0
DA:124,0
DA:128,0
DA:131,0
DA:135,4
DA:138,2
DA:139,2
DA:143,0
DA:146,0
DA:149,4
DA:153,4
LF:42
LH:21
BRDA:43,0,0,0
BRDA:43,0,1,7
BRDA:44,1,0,0
BRDA:44,1,1,7
BRDA:45,2,0,0
BRDA:45,2,1,7
BRDA:46,3,0,0
BRDA:46,3,1,7
BRF:8
BRH:4
end_of_record
TN:
SF:src/modules/car/models/CarImage.ts
FN:21,(anonymous_0)
FN:30,(anonymous_1)
FN:34,(anonymous_2)
FN:38,(anonymous_3)
FN:42,(anonymous_4)
FNF:5
FNH:0
FNDA:0,(anonymous_0)
FNDA:0,(anonymous_1)
FNDA:0,(anonymous_2)
FNDA:0,(anonymous_3)
FNDA:0,(anonymous_4)
DA:2,0
DA:22,0
DA:23,0
DA:24,0
DA:31,0
DA:35,0
DA:39,0
DA:43,0
DA:47,0
LF:9
LH:0
BRDA:22,0,0,0
BRDA:22,0,1,0
BRDA:23,1,0,0
BRDA:23,1,1,0
BRF:4
BRH:0
end_of_record
TN:
SF:src/modules/car/models/Category.ts
FN:23,(anonymous_0)
FN:34,(anonymous_1)
FN:38,(anonymous_2)
FN:41,(anonymous_3)
FN:46,(anonymous_4)
FN:49,(anonymous_5)
FN:54,(anonymous_6)
FN:58,(anonymous_7)
FNF:8
FNH:3
FNDA:3,(anonymous_0)
FNDA:1,(anonymous_1)
FNDA:2,(anonymous_2)
FNDA:0,(anonymous_3)
FNDA:0,(anonymous_4)
FNDA:0,(anonymous_5)
FNDA:0,(anonymous_6)
FNDA:0,(anonymous_7)
DA:2,2
DA:24,3
DA:25,3
DA:26,3
DA:27,3
DA:35,1
DA:39,2
DA:42,0
DA:43,0
DA:47,0
DA:50,0
DA:51,0
DA:55,0
DA:59,0
DA:63,2
LF:15
LH:8
BRDA:24,0,0,0
BRDA:24,0,1,3
BRDA:25,1,0,0
BRDA:25,1,1,3
BRDA:26,2,0,0
BRDA:26,2,1,3
BRF:6
BRH:3
end_of_record
TN:
SF:src/modules/car/models/Specification.ts
FN:23,(anonymous_0)
FN:34,(anonymous_1)
FN:38,(anonymous_2)
FN:41,(anonymous_3)
FN:46,(anonymous_4)
FN:49,(anonymous_5)
FN:54,(anonymous_6)
FN:58,(anonymous_7)
FNF:8
FNH:3
FNDA:4,(anonymous_0)
FNDA:7,(anonymous_1)
FNDA:1,(anonymous_2)
FNDA:0,(anonymous_3)
FNDA:0,(anonymous_4)
FNDA:0,(anonymous_5)
FNDA:0,(anonymous_6)
FNDA:0,(anonymous_7)
DA:2,3
DA:24,4
DA:25,4
DA:26,4
DA:27,4
DA:35,7
DA:39,1
DA:42,0
DA:43,0
DA:47,0
DA:50,0
DA:51,0
DA:55,0
DA:59,0
DA:63,3
LF:15
LH:8
BRDA:24,0,0,0
BRDA:24,0,1,4
BRDA:25,1,0,0
BRDA:25,1,1,4
BRDA:26,2,0,0
BRDA:26,2,1,4
BRF:6
BRH:3
end_of_record
TN:
SF:src/modules/car/repositories/inMemory/CarRepository.ts
FN:7,(anonymous_7)
FN:10,(anonymous_8)
FN:16,(anonymous_10)
FN:17,(anonymous_11)
FN:18,(anonymous_12)
FN:19,(anonymous_13)
FN:24,(anonymous_14)
FN:26,(anonymous_16)
FN:32,(anonymous_17)
FN:36,(anonymous_19)
FN:37,(anonymous_21)
FN:42,(anonymous_22)
FN:43,(anonymous_24)
FNF:13
FNH:13
FNDA:4,(anonymous_7)
FNDA:7,(anonymous_8)
FNDA:20,(anonymous_10)
FNDA:6,(anonymous_11)
FNDA:6,(anonymous_12)
FNDA:6,(anonymous_13)
FNDA:9,(anonymous_14)
FNDA:7,(anonymous_16)
FNDA:2,(anonymous_17)
FNDA:8,(anonymous_19)
FNDA:8,(anonymous_21)
FNDA:3,(anonymous_22)
FNDA:3,(anonymous_24)
DA:8,4
DA:15,7
DA:16,20
DA:17,7
DA:18,7
DA:19,7
DA:21,7
DA:25,9
DA:26,7
DA:28,9
DA:29,9
DA:33,2
DA:37,8
DA:38,8
DA:39,5
DA:43,3
DA:44,3
DA:45,2
DA:49,4
LF:19
LH:19
BRDA:17,0,0,2
BRDA:18,1,0,2
BRDA:19,2,0,2
BRDA:28,3,0,3
BRDA:38,4,0,3
BRDA:44,5,0,1
BRF:6
BRH:6
end_of_record
TN:
SF:src/modules/car/repositories/inMemory/CategoryRepository.ts
FN:8,(anonymous_7)
FN:12,(anonymous_8)
FN:16,(anonymous_10)
FN:17,(anonymous_12)
FN:22,(anonymous_13)
FN:26,(anonymous_15)
FN:27,(anonymous_17)
FNF:7
FNH:5
FNDA:2,(anonymous_7)
FNDA:3,(anonymous_8)
FNDA:0,(anonymous_10)
FNDA:0,(anonymous_12)
FNDA:2,(anonymous_13)
FNDA:3,(anonymous_15)
FNDA:2,(anonymous_17)
DA:9,2
DA:13,3
DA:17,0
DA:18,0
DA:23,2
DA:27,3
DA:28,3
DA:29,1
DA:33,2
LF:9
LH:7
BRDA:28,0,0,2
BRF:1
BRH:1
end_of_record
TN:
SF:src/modules/car/repositories/inMemory/SpecificationRepository.ts
FN:8,(anonymous_7)
FN:12,(anonymous_8)
FN:16,(anonymous_10)
FN:17,(anonymous_12)
FN:22,(anonymous_13)
FN:26,(anonymous_15)
FN:28,(anonymous_17)
FN:34,(anonymous_18)
FN:36,(anonymous_20)
FN:42,(anonymous_21)
FN:43,(anonymous_23)
FNF:11
FNH:7
FNDA:3,(anonymous_7)
FNDA:4,(anonymous_8)
FNDA:0,(anonymous_10)
FNDA:0,(anonymous_12)
FNDA:2,(anonymous_13)
FNDA:2,(anonymous_15)
FNDA:1,(anonymous_17)
FNDA:0,(anonymous_18)
FNDA:0,(anonymous_20)
FNDA:2,(anonymous_21)
FNDA:4,(anonymous_23)
DA:9,3
DA:13,4
DA:17,0
DA:18,0
DA:23,2
DA:27,2
DA:28,1
DA:30,2
DA:31,1
DA:35,0
DA:36,0
DA:38,0
DA:39,0
DA:43,2
DA:44,4
DA:47,2
DA:51,3
LF:17
LH:11
BRDA:30,0,0,1
BRDA:38,1,0,0
BRF:2
BRH:1
end_of_record
TN:
SF:src/modules/car/useCases/Car/createCar/CreateCarController.ts
FN:7,(anonymous_7)
FNF:1
FNH:0
FNDA:0,(anonymous_7)
DA:2,0
DA:4,0
DA:16,0
DA:17,0
DA:19,0
DA:29,0
DA:33,0
LF:7
LH:0
BRF:0
BRH:0
end_of_record
TN:
SF:src/modules/car/useCases/Car/createCar/CreateCarService.ts
FN:19,(anonymous_12)
FN:21,(anonymous_13)
FNF:2
FNH:2
FNDA:1,(anonymous_12)
FNDA:2,(anonymous_13)
DA:1,1
DA:3,1
DA:5,1
DA:17,1
DA:18,1
DA:19,1
DA:30,2
DA:33,2
DA:34,1
DA:36,1
DA:45,1
DA:46,1
DA:50,1
LF:13
LH:13
BRDA:33,0,0,1
BRF:1
BRH:1
end_of_record
TN:
SF:src/modules/car/useCases/Car/createCarSpecification/CreateCarSpecificationController.ts
FN:7,(anonymous_7)
FNF:1
FNH:0
FNDA:0,(anonymous_7)
DA:2,0
DA:4,0
DA:8,0
DA:12,0
DA:13,0
DA:15,0
DA:20,0
DA:24,0
LF:8
LH:0
BRF:0
BRH:0
end_of_record
TN:
SF:src/modules/car/useCases/Car/createCarSpecification/CreateCarSpecificationService.ts
FN:15,(anonymous_12)
FN:21,(anonymous_13)
FNF:2
FNH:2
FNDA:1,(anonymous_12)
FNDA:3,(anonymous_13)
DA:4,1
DA:6,1
DA:13,1
DA:14,1
DA:16,1
DA:18,1
DA:22,3
DA:23,3
DA:25,2
DA:27,2
DA:31,2
DA:33,2
DA:35,2
DA:39,1
LF:14
LH:14
BRDA:23,0,0,1
BRF:1
BRH:1
end_of_record
TN:
SF:src/modules/car/useCases/Car/findCarService/FindCarService.ts
FN:9,(anonymous_12)
FN:10,(anonymous_13)
FNF:2
FNH:0
FNDA:0,(anonymous_12)
FNDA:0,(anonymous_13)
DA:3,0
DA:5,0
DA:7,0
DA:8,0
DA:9,0
DA:11,0
DA:13,0
DA:15,0
DA:19,0
LF:9
LH:0
BRDA:13,0,0,0
BRF:1
BRH:0
end_of_record
TN:
SF:src/modules/car/useCases/Car/listAvailableCar/ListCarController.ts
FN:7,(anonymous_7)
FNF:1
FNH:0
FNDA:0,(anonymous_7)
DA:2,0
DA:4,0
DA:8,0
DA:9,0
DA:10,0
DA:11,0
DA:17,0
DA:21,0
LF:8
LH:0
BRF:0
BRH:0
end_of_record
TN:
SF:src/modules/car/useCases/Car/listAvailableCar/ListCarService.ts
FN:10,(anonymous_11)
FN:12,(anonymous_12)
FNF:2
FNH:2
FNDA:1,(anonymous_11)
FNDA:7,(anonymous_12)
DA:6,1
DA:8,1
DA:9,1
DA:10,1
DA:13,7
DA:14,7
DA:18,1
LF:7
LH:7
BRF:0
BRH:0
end_of_record
TN:
SF:src/modules/car/useCases/Car/uploadImageCar/UploadCarImageController.ts
FN:10,(anonymous_8)
FN:17,(anonymous_10)
FNF:2
FNH:0
FNDA:0,(anonymous_8)
FNDA:0,(anonymous_10)
DA:2,0
DA:3,0
DA:5,0
DA:7,0
DA:11,0
DA:12,0
DA:14,0
DA:16,0
DA:17,0
DA:18,0
DA:20,0
DA:23,0
DA:25,0
DA:27,0
DA:31,0
LF:15
LH:0
BRDA:14,0,0,0
BRDA:16,1,0,0
BRF:2
BRH:0
end_of_record
TN:
SF:src/modules/car/useCases/Car/uploadImageCar/UploadCarImageService.ts
FN:24,(anonymous_12)
FN:31,(anonymous_13)
FN:36,(anonymous_15)
FN:42,(anonymous_16)
FNF:4
FNH:0
FNDA:0,(anonymous_12)
FNDA:0,(anonymous_13)
FNDA:0,(anonymous_15)
FNDA:0,(anonymous_16)
DA:1,0
DA:4,0
DA:5,0
DA:7,0
DA:20,0
DA:22,0
DA:23,0
DA:26,0
DA:28,0
DA:32,0
DA:34,0
DA:35,0
DA:36,0
DA:37,0
DA:39,0
DA:42,0
DA:43,0
DA:44,0
DA:45,0
DA:47,0
DA:50,0
DA:52,0
DA:53,0
DA:55,0
DA:63,0
LF:25
LH:0
BRDA:35,0,0,0
BRDA:43,1,0,0
BRF:2
BRH:0
end_of_record
TN:
SF:src/modules/car/useCases/Category/createCategory/CreateCategoryController.ts
FN:7,(anonymous_7)
FNF:1
FNH:0
FNDA:0,(anonymous_7)
DA:2,0
DA:4,0
DA:8,0
DA:10,0
DA:12,0
DA:17,0
DA:21,0
LF:7
LH:0
BRF:0
BRH:0
end_of_record
TN:
SF:src/modules/car/useCases/Category/createCategory/CreateCategoryService.ts
FN:15,(anonymous_12)
FN:20,(anonymous_13)
FNF:2
FNH:2
FNDA:2,(anonymous_12)
FNDA:4,(anonymous_13)
DA:1,2
DA:2,2
DA:4,2
DA:13,2
DA:14,2
DA:17,2
DA:24,4
DA:25,1
DA:28,3
DA:29,3
DA:30,1
DA:33,2
DA:38,2
DA:40,2
DA:44,2
LF:15
LH:15
BRDA:24,0,0,1
BRDA:24,1,0,4
BRDA:24,1,1,3
BRDA:29,2,0,1
BRF:4
BRH:4
end_of_record
TN:
SF:src/modules/car/useCases/Category/importCategories/ImportCategoriesController.ts
FN:7,(anonymous_7)
FNF:1
FNH:0
FNDA:0,(anonymous_7)
DA:2,0
DA:4,0
DA:8,0
DA:9,0
DA:10,0
DA:11,0
DA:15,0
LF:7
LH:0
BRF:0
BRH:0
end_of_record
TN:
SF:src/modules/car/useCases/Category/importCategories/ImportCategoriesService.ts
FN:23,(anonymous_18)
FN:28,(anonymous_19)
FN:29,(anonymous_20)
FN:39,(anonymous_21)
FN:39,(anonymous_22)
FN:43,(anonymous_23)
FN:47,(anonymous_24)
FN:54,(anonymous_25)
FNF:8
FNH:0
FNDA:0,(anonymous_18)
FNDA:0,(anonymous_19)
FNDA:0,(anonymous_20)
FNDA:0,(anonymous_21)
FNDA:0,(anonymous_22)
FNDA:0,(anonymous_23)
FNDA:0,(anonymous_24)
FNDA:0,(anonymous_25)
DA:1,0
DA:2,0
DA:3,0
DA:4,0
DA:6,0
DA:21,0
DA:22,0
DA:25,0
DA:29,0
DA:30,0
DA:32,0
DA:34,0
DA:36,0
DA:38,0
DA:39,0
DA:40,0
DA:41,0
DA:44,0
DA:45,0
DA:48,0
DA:49,0
DA:55,0
DA:57,0
DA:58,0
DA:59,0
DA:62,0
DA:65,0
DA:66,0
DA:67,0
DA:70,0
DA:71,0
DA:72,0
DA:76,0
DA:81,0
DA:84,0
DA:86,0
DA:94,0
LF:37
LH:0
BRDA:57,0,0,0
BRDA:67,1,0,0
BRDA:67,2,0,0
BRDA:67,2,1,0
BRDA:71,3,0,0
BRF:5
BRH:0
end_of_record
TN:
SF:src/modules/car/useCases/Category/listCategories/ListCategoriesController.ts
FN:7,(anonymous_7)
FNF:1
FNH:0
FNDA:0,(anonymous_7)
DA:2,0
DA:4,0
DA:8,0
DA:9,0
DA:10,0
DA:14,0
LF:6
LH:0
BRF:0
BRH:0
end_of_record
TN:
SF:src/modules/car/useCases/Category/listCategories/ListCategoriesService.ts
FN:7,(anonymous_11)
FN:11,(anonymous_12)
FNF:2
FNH:2
FNDA:1,(anonymous_11)
FNDA:2,(anonymous_12)
DA:3,1
DA:5,1
DA:6,1
DA:9,1
DA:12,2
DA:13,2
DA:17,1
LF:7
LH:7
BRF:0
BRH:0
end_of_record
TN:
SF:src/modules/car/useCases/Specification/createSpecification/CreateSpecificationController.ts
FN:7,(anonymous_7)
FNF:1
FNH:0
FNDA:0,(anonymous_7)
DA:2,0
DA:4,0
DA:8,0
DA:10,0
DA:14,0
DA:19,0
DA:23,0
LF:7
LH:0
BRF:0
BRH:0
end_of_record
TN:
SF:src/modules/car/useCases/Specification/createSpecification/CreateSpecificationService.ts
FN:15,(anonymous_12)
FN:20,(anonymous_13)
FNF:2
FNH:2
FNDA:2,(anonymous_12)
FNDA:4,(anonymous_13)
DA:1,2
DA:2,2
DA:4,2
DA:13,2
DA:14,2
DA:17,2
DA:24,4
DA:25,2
DA:28,2
DA:31,2
DA:32,1
DA:35,1
DA:40,1
DA:42,1
DA:46,2
LF:15
LH:15
BRDA:24,0,0,2
BRDA:24,1,0,4
BRDA:24,1,1,3
BRDA:31,2,0,1
BRF:4
BRH:4
end_of_record
TN:
SF:src/modules/car/useCases/Specification/listSpecifications/ListSpecificationsController.ts
FN:7,(anonymous_7)
FNF:1
FNH:0
FNDA:0,(anonymous_7)
DA:2,0
DA:4,0
DA:8,0
DA:11,0
DA:12,0
DA:16,0
LF:6
LH:0
BRF:0
BRH:0
end_of_record
TN:
SF:src/modules/car/useCases/Specification/listSpecifications/ListSpecificationsService.ts
FN:8,(anonymous_11)
FN:13,(anonymous_12)
FNF:2
FNH:2
FNDA:1,(anonymous_11)
FNDA:2,(anonymous_12)
DA:1,1
DA:6,1
DA:7,1
DA:10,1
DA:14,2
DA:15,2
DA:19,1
LF:7
LH:7
BRF:0
BRH:0
end_of_record
TN:
SF:src/modules/rental/models/Rental.ts
FN:30,(anonymous_0)
FN:45,(anonymous_1)
FN:49,(anonymous_2)
FN:52,(anonymous_3)
FN:57,(anonymous_4)
FN:61,(anonymous_5)
FN:64,(anonymous_6)
FN:69,(anonymous_7)
FN:72,(anonymous_8)
FN:77,(anonymous_9)
FN:80,(anonymous_10)
FN:85,(anonymous_11)
FN:89,(anonymous_12)
FNF:13
FNH:3
FNDA:1,(anonymous_0)
FNDA:1,(anonymous_1)
FNDA:0,(anonymous_2)
FNDA:0,(anonymous_3)
FNDA:0,(anonymous_4)
FNDA:0,(anonymous_5)
FNDA:0,(anonymous_6)
FNDA:1,(anonymous_7)
FNDA:0,(anonymous_8)
FNDA:0,(anonymous_9)
FNDA:0,(anonymous_10)
FNDA:0,(anonymous_11)
FNDA:0,(anonymous_12)
DA:2,1
DA:31,1
DA:32,1
DA:33,1
DA:34,1
DA:35,1
DA:36,1
DA:46,1
DA:50,0
DA:53,0
DA:54,0
DA:58,0
DA:62,0
DA:65,0
DA:66,0
DA:70,1
DA:73,0
DA:74,0
DA:78,0
DA:81,0
DA:82,0
DA:86,0
DA:90,0
DA:94,1
LF:24
LH:10
BRDA:31,0,0,0
BRDA:31,0,1,1
BRDA:32,1,0,0
BRDA:32,1,1,1
BRDA:33,2,0,0
BRDA:33,2,1,1
BRDA:34,3,0,0
BRDA:34,3,1,1
BRDA:35,4,0,0
BRDA:35,4,1,1
BRF:10
BRH:5
end_of_record
TN:
SF:src/modules/rental/repositories/inMemory/RentalRepository.ts
FN:8,(anonymous_7)
FN:12,(anonymous_8)
FN:16,(anonymous_10)
FN:18,(anonymous_12)
FN:24,(anonymous_13)
FN:26,(anonymous_15)
FNF:6
FNH:3
FNDA:1,(anonymous_7)
FNDA:0,(anonymous_8)
FNDA:1,(anonymous_10)
FNDA:0,(anonymous_12)
FNDA:1,(anonymous_13)
FNDA:0,(anonymous_15)
DA:9,1
DA:13,0
DA:17,1
DA:18,0
DA:20,1
DA:21,0
DA:25,1
DA:26,0
DA:28,1
DA:29,0
DA:33,1
LF:11
LH:6
BRDA:18,0,0,0
BRDA:18,0,1,0
BRDA:20,1,0,1
BRDA:26,2,0,0
BRDA:26,2,1,0
BRDA:28,3,0,1
BRF:6
BRH:2
end_of_record
TN:
SF:src/modules/rental/useCases/Rental/createRental/CreateRentalController.ts
FN:4,(anonymous_7)
FNF:1
FNH:0
FNDA:0,(anonymous_7)
DA:5,0
DA:9,0
LF:2
LH:0
BRF:0
BRH:0
end_of_record
TN:
SF:src/modules/rental/useCases/Rental/createRental/CreateRentalService.ts
FN:15,(anonymous_8)
FN:20,(anonymous_9)
FNF:2
FNH:2
FNDA:1,(anonymous_8)
FNDA:5,(anonymous_9)
DA:3,1
DA:6,1
DA:16,1
DA:17,1
DA:18,1
DA:25,5
DA:26,5
DA:28,3
DA:29,3
DA:32,1
DA:33,1
DA:36,1
DA:37,1
DA:38,0
DA:40,1
DA:46,1
DA:50,1
LF:17
LH:16
BRDA:26,0,0,2
BRDA:29,1,0,2
BRDA:33,2,0,0
BRDA:37,3,0,0
BRF:4
BRH:2
end_of_record
TN:
SF:src/routes/car.routes.ts
FNF:0
FNH:0
DA:1,0
DA:2,0
DA:3,0
DA:4,0
DA:5,0
DA:6,0
DA:7,0
DA:8,0
DA:9,0
DA:11,0
DA:13,0
DA:14,0
DA:16,0
DA:17,0
DA:19,0
DA:20,0
DA:22,0
DA:23,0
DA:25,0
DA:26,0
DA:27,0
DA:33,0
LF:22
LH:0
BRF:0
BRH:0
end_of_record
TN:
SF:src/routes/category.routes.ts
FNF:0
FNH:0
DA:1,0
DA:2,0
DA:3,0
DA:5,0
DA:6,0
DA:7,0
DA:8,0
DA:9,0
DA:11,0
DA:13,0
DA:15,0
DA:16,0
DA:18,0
DA:19,0
DA:21,0
DA:22,0
DA:24,0
DA:25,0
DA:31,0
LF:19
LH:0
BRF:0
BRH:0
end_of_record
TN:
SF:src/routes/routes.ts
FNF:0
FNH:0
DA:1,0
DA:3,0
DA:4,0
DA:5,0
DA:6,0
DA:7,0
DA:9,0
DA:11,0
DA:12,0
DA:13,0
DA:14,0
DA:15,0
DA:17,0
LF:13
LH:0
BRF:0
BRH:0
end_of_record
TN:
SF:src/routes/session.routes.ts
FNF:0
FNH:0
DA:1,0
DA:3,0
DA:5,0
DA:7,0
DA:8,0
DA:10,0
LF:6
LH:0
BRF:0
BRH:0
end_of_record
TN:
SF:src/routes/specification.routes.ts
FNF:0
FNH:0
DA:1,0
DA:2,0
DA:3,0
DA:5,0
DA:6,0
DA:8,0
DA:10,0
DA:11,0
DA:13,0
DA:14,0
DA:16,0
DA:17,0
DA:19,0
LF:13
LH:0
BRF:0
BRH:0
end_of_record
TN:
SF:src/routes/user.routes.ts
FNF:0
FNH:0
DA:1,0
DA:2,0
DA:4,0
DA:5,0
DA:6,0
DA:7,0
DA:9,0
DA:11,0
DA:13,0
DA:14,0
DA:16,0
DA:18,0
DA:19,0
DA:25,0
LF:14
LH:0
BRF:0
BRH:0
end_of_record
TN:
SF:src/shared/container/index.ts
FNF:0
FNH:0
DA:1,0
DA:3,0
DA:4,0
DA:5,0
DA:6,0
DA:11,0
DA:13,0
DA:18,0
DA:23,0
DA:25,0
DA:27,0
LF:11
LH:0
BRF:0
BRH:0
end_of_record
TN:
SF:src/shared/errors/AppError.ts
FN:6,(anonymous_0)
FNF:1
FNH:1
FNDA:17,(anonymous_0)
DA:7,17
DA:8,17
DA:12,9
LF:3
LH:3
BRDA:6,0,0,17
BRF:1
BRH:1
end_of_record
